['Robbin', 'Griswold', 'Jenkel', 'Acacia', 'Gerianne', 'Ottinger', 'Katzir', 'Chancellor', 'Chemush', 'Fruin', 'Earlene', 'Maribel', 'Ebneter', 'Melda', 'Lindell', 'Elmira', 'Moyers', 'Formenti', 'Buxton', 'Coh', 'Merth', 'Lauree', 'Antonino', 'Darsie', 'Gombosi']
['Roanna', 'Dumas', 'Bernj', 'Ferro', 'Felise', 'Billy', 'Klapp', 'Nafis', 'Udell', 'Neille', 'Lotus', 'Maude', 'Norean', 'Halstead', 'Cataldo', 'Emelita', 'Eno', 'Lon', 'Agosto', 'Love', 'Bello', 'Nestor', 'Avril', 'Fast', 'Buckler']
['Dimitry', 'Jestude', 'Grath', 'Nisse', 'Schnabel', 'Cristiona', 'Proudfoot', 'Rocray', 'Nessy', 'Winer', 'Coumas', 'Gwenette', 'Genie', 'Mitchiner', 'Verras', 'Darrow', 'Willis', 'Faunia', 'Nance', 'Leanna', 'Barnett', 'Baldridge', 'Cutty', 'Fairfax', 'Hardej']
['Renick', 'Hankins', 'Brittnee', 'Kassi', 'Shannah', 'Ruyle', 'Cristoforo', 'Placido', 'Ragland', 'Pappas', 'Jeniece', 'Ashling', 'Debera', 'Noyes', 'Marijo', 'Crean', 'Reste', 'Hawger', 'Dole', 'Jobyna', 'Blondell', 'Sievert', 'Worlock', 'Clere', 'Questa']
['Neva', 'Saudra', 'Newton', 'Raynor', 'Neveda', 'Wunder', 'Meras', 'Towne', 'Ted', 'Ches', 'Jehiel', 'Kimon', 'Lenes', 'Lunetta', 'Sandeep', 'Franek', 'Plantagenet', 'Nath', 'Dedric', 'Harriet', 'Hako', 'McIntosh', 'Bounds', 'Basso', 'Rani']
['Tay', 'Jessalin', 'Balling', 'Jason', 'Jori', 'Ashford', 'Sigsmond', 'Melisa', 'Minier', 'Velda', 'Hillel', 'Winebaum', 'Lenhart', 'Hakim', 'Hamlin', 'Midian', 'Monahan', 'Cavallaro', 'Knute', 'Farro', 'Moonier', 'Tarkany', 'Girardo', 'Pinto', 'Shelby']
['Latimer', 'Burkhart', 'Shanly', 'Lombardi', 'McCoy', 'Nannette', 'Lamson', 'Javler', 'Emmer', 'Sheeran', 'Volkan', 'Converse', 'Fabrice', 'Perloff', 'Merola', 'Jillana', 'Larry', 'Malo', 'Livingston', 'Alf', 'Myrvyn', 'Durante', 'Uzzia', 'Freddy', 'Behlau']
['Swanhilda', 'Yarvis', 'Barby', 'Aviv', 'Eilis', 'Karlise', 'Lawler', 'Uta', 'Saville', 'Tessy', 'Donn', 'Hotze', 'Ammadis', 'Janaya', 'Henrique', 'Benilda', 'Marina', 'McKinney', 'Harland', 'Ursola', 'Woo', 'Zandt', 'Jimmy', 'Colly', 'Matthew']
['Virginia', 'Rik', 'Fidelio', 'Utica', 'Ludovico', 'Mushro', 'Shelbi', 'Glenn', 'Biggs', 'Yasu', 'Carter', 'Australia', 'Oakes', 'Lentha', 'Chaddie', 'Saylor', 'Oscar', 'Kudva', 'Balcer', 'Candyce', 'Janenna', 'Desi', 'Costin', 'Ruhnke', 'Vikky']
['Kile', 'Rombert', 'Prince', 'Ursi', 'Emelia', 'Maye', 'Cherry', 'Galligan', 'Clea', 'Nicolis', 'Stephenson', 'Mansoor', 'Lynnelle', 'Starinsky', 'Brazee', 'Tristam', 'Morville', 'Ubana', 'Dett', 'Girovard', 'Fredkin', 'Ace', 'Adolphus', 'Odin', 'Gibun']
['Edrick', 'Haldane', 'Kronick', 'Lynett', 'Nanette', 'Busey', 'Danna', 'Hett', 'Cloots', 'Turrell', 'Holey', 'Stearns', 'Charin', 'Hook', 'Matthaeus', 'Celestyn', 'Elihu', 'Augustina', 'Berner', 'Ratcliffe', 'Serafine', 'Davidde', 'Rodolphe', 'Hannover', 'Doroteya']
['Favian', 'Wing', 'Thorman', 'Fadiman', 'Saxen', 'Uchida', 'Griffin', 'Hadleigh', 'Fifine', 'Ferullo', 'Melburn', 'Derril', 'Demetria', 'Koetke', 'Kylah', 'Kanya', 'Dulcea', 'Pontius', 'Astto', 'Leiser', 'Paulita', 'McClimans', 'Wendye', 'Margeaux', 'Adriane']
['Tine', 'Klute', 'Bhayani', 'Padget', 'Lacy', 'Anuska', 'Nari', 'Grochow', 'Woodhead', 'Grimona', 'Risteau', 'Zelma', 'Ardehs', 'Rhonda', 'Yerxa', 'Kerianne', 'Hatch', 'Everick', 'Vonni', 'Safire', 'Hanway', 'Sachi', 'Polish', 'Hermon', 'Ciapas']
['Smukler', 'Caines', 'Zobe', 'Delila', 'Mikol', 'Tavy', 'Cicely', 'Bui', 'Gillian', 'Chae', 'Joed', 'Selma', 'Cerracchio', 'Beebe', 'Firman', 'Yim', 'Kinzer', 'Dietrich', 'Tiphane', 'Tennes', 'Berneta', 'Kaufmann', 'Ber', 'Antonetta', 'Ultun']
['Higgs', 'Janerich', 'Dearman', 'Dott', 'Sumer', 'Shea', 'Vevay', 'Schreck', 'Hayyim', 'Danita', 'Felicie', 'Holton', 'Carlick', 'Cal', 'Japeth', 'Binette', 'Damon', 'Raul', 'Foulk', 'Ng', 'Jorgenson', 'Pryce', 'Feinstein', 'Atkins', 'Barsky']
['Vesta', 'Dotson', 'Catherin', 'Bran', 'Hittel', 'Deni', 'Enid', 'Akeyla', 'Eleni', 'Salomi', 'Micheal', 'Mokas', 'Elberta', 'Beaver', 'Letta', 'Tillford', 'Corkhill', 'Dela', 'Montagna', 'Druce', 'Ebba', 'Epstein', 'Tonya', 'Vaish', 'Marijn']
['Fillender', 'Won', 'Karon', 'Clovah', 'Tutankhamen', 'Crompton', 'Cheria', 'Adaurd', 'Clymer', 'Fitz', 'Derinna', 'Erlewine', 'Lorilyn', 'Holms', 'Mackenzie', 'Rooke', 'McCullough', 'Willetta', 'Mathur', 'Meingolda', 'Auroora', 'Delinda', 'Ardys', 'Prebo', 'Hudis']
['Rue', 'Lux', 'Dare', 'Shepp', 'Blasius', 'Minda', 'Lamb', 'Groos', 'Quitt', 'Evangeline', 'Danais', 'Karie', 'Eldwen', 'Groh', 'Flo', 'Alvinia', 'Lyle', 'Sandstrom', 'Fokos', 'Bluhm', 'Osrick', 'Gloriana', 'Scherman', 'Ainslee', 'Toh']
['Les', 'Harmony', 'Puklich', 'Till', 'Halimeda', 'Cyd', 'Kerwon', 'Dowlen', 'Holofernes', 'Watson', 'Sosanna', 'Bruns', 'Wistrup', 'Birck', 'Jenness', 'Milore', 'Arianna', 'Manaker', 'Weirick', 'Masterson', 'Krystalle', 'Wight', 'Balliett', 'Larson', 'Cardwell']
['Florentia', 'Utas', 'Elburr', 'Bevon', 'Gowrie', 'Flemming', 'Flieger', 'Mauchi', 'Summons', 'Sinnard', 'Pippo', 'Hong', 'Danuloff', 'Hillegass', 'Marilou', 'Gunn', 'Ginzburg', 'Eudocia', 'Lou', 'Ashman', 'Arel', 'Leod', 'Tuttle', 'Fausta', 'Carrillo']
