['acl', 'acw', 'ady', 'aey', 'afk', 'afo', 'air', 'akc', 'amw', 'aqy']
['adm', 'ael', 'agw', 'ahw', 'ajl', 'akn', 'ala', 'aqs', 'arc', 'asb']
['aeu', 'agy', 'alb', 'aom', 'aov', 'aqg', 'aro', 'arv', 'ask', 'asr']
['abl', 'ach', 'acj', 'afe', 'ajp', 'all', 'aol', 'apd', 'apo', 'aps']
['aar', 'abb', 'ack', 'acm', 'acs', 'afa', 'agm', 'akk', 'aoa', 'asy']
['ads', 'aft', 'ahc', 'aik', 'ajd', 'akf', 'akl', 'anc', 'apr', 'aqt']
['aav', 'abe', 'acd', 'adl', 'aef', 'aga', 'agb', 'agv', 'ain', 'ake']
['adu', 'aen', 'aex', 'afm', 'afq', 'afs', 'aiu', 'ans', 'apl', 'aso']
['aeh', 'aez', 'ags', 'agu', 'akp', 'akr', 'apt', 'apx', 'aql', 'asu']
['acc', 'aec', 'aes', 'aet', 'aib', 'ajx', 'amt', 'ank', 'aru', 'arz']
['adf', 'aed', 'agh', 'ahn', 'anz', 'aod', 'aoh', 'arg', 'atc', 'atd']
['aii', 'aks', 'alp', 'anf', 'anr', 'aqp', 'arn', 'ars', 'asn', 'asv']
['aan', 'aau', 'abq', 'adr', 'adw', 'adz', 'aer', 'ahh', 'ahy', 'aih']
['ahk', 'aho', 'aix', 'ajj', 'amu', 'amx', 'aok', 'are', 'asf', 'asg']
['adh', 'aeq', 'agg', 'ame', 'anp', 'aob', 'apn', 'apq', 'aqk', 'asq']
['aca', 'acg', 'acr', 'ade', 'aeb', 'afi', 'akt', 'alu', 'amp', 'anx']
['aaa', 'abi', 'add', 'adn', 'adx', 'agf', 'agi', 'agq', 'ajh', 'ajq']
['ahz', 'aio', 'ajw', 'alo', 'amd', 'amk', 'aou', 'apf', 'apj', 'aqv']
['afn', 'afu', 'ahm', 'aka', 'ale', 'aoi', 'aph', 'aqn', 'aqu', 'arf']
['aad', 'aah', 'abo', 'abs', 'abu', 'afr', 'aiq', 'anb', 'app', 'ast']
['acn', 'adt', 'aek', 'aji', 'amq', 'ams', 'amz', 'aoo', 'apm', 'asi']
['aac', 'aag', 'abd', 'acb', 'adc', 'adg', 'ago', 'aht', 'aia', 'alk']
['aif', 'akd', 'akw', 'alh', 'aly', 'anl', 'apw', 'arm', 'arr', 'asm']
['aam', 'abz', 'afx', 'afz', 'agn', 'ali', 'alr', 'amj', 'aoy', 'ark']
['afp', 'agd', 'akj', 'amb', 'amf', 'apu', 'aqf', 'arj', 'arl', 'art']
['aao', 'abf', 'abt', 'abw', 'adb', 'aeg', 'aln', 'aof', 'aon', 'aop']
['aat', 'aba', 'acz', 'adp', 'agz', 'ahd', 'alm', 'anq', 'ant', 'aqr']
['afg', 'aiw', 'alv', 'alx', 'amc', 'amo', 'aoe', 'aot', 'asp', 'ass']
['aap', 'acu', 'aej', 'aev', 'agr', 'ajy', 'akh', 'amm', 'aog', 'aor']
['aas', 'abj', 'adq', 'adv', 'aea', 'aha', 'aie', 'aja', 'apg', 'arq']
['aew', 'ahr', 'ahs', 'aim', 'ajc', 'ajv', 'akq', 'akx', 'aky', 'alf']
['aco', 'agp', 'ahe', 'ajt', 'alq', 'anm', 'ann', 'anu', 'ary', 'asc']
['aay', 'abh', 'abm', 'abn', 'aci', 'ahg', 'ahq', 'aij', 'apa', 'ata']
['aip', 'ait', 'alg', 'amg', 'ano', 'anv', 'anw', 'aos', 'api', 'asx']
['acv', 'adk', 'ado', 'ahi', 'ald', 'anh', 'any', 'apc', 'arx', 'ase']
['aax', 'afl', 'age', 'agl', 'agx', 'ajn', 'amn', 'ana', 'aoz', 'apz']
['ada', 'afd', 'afv', 'ahx', 'akz', 'alw', 'aqh', 'aqq', 'ard', 'asl']
['aeo', 'afy', 'ahb', 'amv', 'ang', 'aqc', 'aqw', 'asj', 'atb', 'ate']
['aae', 'aaj', 'aak', 'abk', 'abx', 'acx', 'ajk', 'ako', 'apb', 'aqb']
['aai', 'aaw', 'aep', 'aff', 'aiy', 'ajs', 'aju', 'als', 'ani', 'ape']
['aab', 'aaq', 'ace', 'acy', 'afb', 'afh', 'afw', 'ajf', 'arw', 'ash']
['ahf', 'ahl', 'aid', 'ail', 'aje', 'alt', 'aml', 'aqj', 'aqz', 'asd']
['abg', 'aee', 'aig', 'alc', 'amy', 'and', 'aoj', 'aqd', 'aqi', 'ara']
['abr', 'acp', 'acq', 'aem', 'agk', 'amr', 'ane', 'aow', 'apv', 'asz']
['aal', 'abc', 'abv', 'aby', 'act', 'ajg', 'ajo', 'aqm', 'arh', 'asw']
['adj', 'akm', 'alj', 'amh', 'aoq', 'aqa', 'aqx', 'arb', 'arp', 'asa']
['aaf', 'abp', 'acf', 'afj', 'agc', 'ahv', 'aic', 'ajb', 'aqe', 'atf']
['aaz', 'adi', 'aiz', 'ajr', 'ajz', 'akb', 'ama', 'ami', 'anj', 'aox']
['aei', 'afc', 'aki', 'aku', 'akv', 'alz', 'aoc', 'apy', 'aqo', 'ari']
['agj', 'agt', 'ahj', 'ahp', 'ahu', 'ais', 'aiv', 'ajm', 'akg', 'apk']
