['dg', 'en', 'eq', 'it', 'bh', 'bs', 'cf', 'hl', 'zz', 'jj']
['gt', 'gl', 'dk', 'dw', 'd', 'ez', 'cm', 'hw', 'hu', 'ik']
['gd', 'dx', 'ds', 'ev', 'bk', 'cb', 'ca', 'jk', 'fb', 'fm']
['dm', 'di', 'iw', 'ej', 'bg', 'cr', 'ih', 'aw', 'fs', 'fy']
['gw', 'dc', 'h', 'jx', 'bm', 'bi', 'bv', 'bq', 'ht', 'fd']
['gq', 'ir', 'jp', 'js', 'bt', 'ji', 'cz', 'jb', 'im', 'ki']
['ia', 'du', 'eu', 'ep', 'br', 'jf', 'iu', 'hf', 'in', 'iz']
['gm', 'dz', 'dr', 'cc', 'cg', 'iy', 'fr', 'fu', 'fn', 'fo']
['gp', 'et', 'jo', 'jh', 'hk', 'ac', 'al', 'ic', 'ig', 'fp']
['df', 'ey', 'bn', 'ii', 'kk', 'aa', 'ix', 'ar', 'kb', 'km']
['gz', 'gc', 'gb', 'o', 'hy', 'if', 'fj', 'a', 'kd', 'kn']
['p', 't', 'ju', 'ce', 'cv', 'iq', 'ak', 'av', 'fk', 'e']
['gf', 'dd', 'em', 'eg', 'es', 'bd', 'ba', 'cs', 'hr', 'kj']
['gu', 'gx', 'dv', 'kg', 'ea', 'bx', 'g', 'jn', 'hv', 'ib']
['jw', 'bw', 'je', 'bz', 'cx', 'ha', 'hg', 'he', 'fe', 'm']
['gi', 'bc', 'ci', 'cp', 'ip', 'hm', 'f', 'j', 'am', 'aq']
['ef', 'bf', 'cw', 'jy', 'hi', 'hn', 'ae', 'au', 'fx', 'fz']
['db', 'ee', 'jd', 'ck', 'ch', 'hs', 'hd', 'n', 'ab', 'kh']
['dl', 'er', 'jv', 'bp', 'iv', 'cd', 'az', 'ff', 'fi', 'kl']
['gg', 'ex', 'jm', 'cj', 'io', 'hp', 'ay', 'fq', 'fh', 'ke']
['do', 'eh', 'jz', 'jg', 'cu', 'hq', 'r', 'fv', 'fa', 'i']
['gn', 'dt', 'el', 'ew', 'bo', 'z', 'ap', 'as', 'fc', 'fl']
['gy', 'dh', 'ec', 'bl', 'jl', 'hz', 'kc', 'hb', 'ad', 'af']
['ga', 'go', 'dp', 'jt', 'jc', 'hc', 'aj', 'ft', 'u', 'y']
['gk', 'gj', 'da', 'l', 'c', 'cl', 'ja', 'is', 'hx', 'ao']
['dj', 'de', 'k', 's', 'co', 'cn', 'ax', 'ie', 'fw', 'q']
['gh', 'dn', 'eo', 'ei', 'eb', 'bj', 'w', 'ho', 'v', 'ag']
['gs', 'dy', 'x', 'ek', 'bb', 'by', 'hh', 'il', 'ai', 'an']
['gr', 'dq', 'jq', 'jr', 'be', 'bu', 'cq', 'ct', 'b', 'fg']
['gv', 'ge', 'ed', 'cy', 'ka', 'hj', 'ij', 'ah', 'at', 'kf']
