['bAf', 'SMj', 'XHa', 'xqY', 'YFC', 'btz', 'gEU', 'cEk', 'PqY', 'Qtt']
['cFa', 'xx7', 'cDc', '1RB', 'mUL', 'a4K', 'Ot9', 'JyM', 'jGk', 'u1N']
['tm4', 'hHB', '6na', 'ZQL', 'B99', 'MrD', '4KN', 'rGT', 'b9f', 'emD']
['GpL', 'BDE', 'dLc', 'IU6', 'IJ1', 'Ql9', 'G2k', 'x8V', 'b99', 'uH4']
['yLV', 'upV', 'wwD', 'AJT', 'lKO', 'sfk', 'z1H', '5i6', 'gWT', '2mv']
['iS6', 'VCH', 'vyM', 'Tn8', 'ZVF', 's3z', 'Xim', '5qS', 'Fmb', 'pf5']
['AHs', 'SFn', 'i4H', 'VAV', 'BV4', 'WLo', 'rC8', 'wqW', '3kn', 'D40']
['1gc', 'CwC', 'DoC', 'N08', 'tKI', '19T', 'qLD', 'oPH', '27J', 'AcJ', 'YEe']
['stN', 'a55', 'QEF', 'ZY3', 'JYa', 'gE4', 'AKr', 'vJC', 'Ihb', 'ZNv', 'e8H']
['n99', 'NqO', 'GRw', 'Kn8', 'Ke0', 'qPq', 'PQT', 'Swe', 'SiL', 'd60', 'JWV']
['8nm', 'Jla', 'PlJ', '1aX', 'qDy', '4gy', 'MQT', 'kYz', 'dlb', 'gEp', 'uVg']
['SmS', 'Hbr', 'Eou', 'wGp', 'm5j', 'zTH', 'Gu6', '1uW', '5Li', 'I2S', 'Twl']
['lsG', 'zfK', 'ptf', 'qkE', 'f9z', 'iW8', 'mRG', 'MNb', 'hQH', 'cmd', '6Ip']
['s1n', 'HWv', 'iFt', 'kT2', 'Hi0', 'fFE', 'i9C', 'VVW', 'mGb', 'JcP', 'h6l']
['Zc5', 'O2z', '3QX', 'u9Q', 'CYA', 'rgC', 'NGB', '9NA', 'nQv', 's6M', '0oy']
['XMr', 'U0P', 'hiF', 'nQj', 'H68', 'NiX', 'aTI', '5n5', 'czy', '4p5', 'xpw']
['eGG', 'euj', 'e6S', 'psG', 'gVV', 'UPL', '6pB', '4nb', '4fp', 'j3s', 'Pas']
['9F9', 'iiE', 'WXJ', 'YMC', 'W2Z', 'TUB', 'WB2', 'oak', 'gTC', 'tpP', 'fKV']
['hct', 'jEj', '28R', 'P8b', 'EJD', 'Hyj', 'mLL', 'YBr', '5zB', 'nqI', 'LTB']
['oUs', 'bDO', 'nRH', 'CU9', 'mcI', 'bLd', 'U4K', 'ux2', 'kte', 'dvU', 'xxJ']
['4LY', 'gkI', 'FkC', 'rMd', 'J8r', 'UmG', '17Q', 'kiK', 'aZv', 'Ns3', 'PiG']
['JVP', 'slQ', 'X9s', 'mLF', 'BPL', 'Y2z', 'QDa', '8uz', 'txp', 'KRy', '6ro']
['Hxo', '69w', 'NXP', 'VoJ', 'Itn', 'ziA', '1QY', 'JfN', '8j5', 'KGR', 'NyP']
['fQ3', 'KZy', 'vca', 'W4L', 'iba', 'E2A', 'Qti', 'xLA', 'b7z', 'Bfu', 'U0Z']
['ISX', '2UA', 'I2i', 'JLF', 'oSh', 'ULj', 'blA', '2vJ', 'VZ7', 'Z7b', 'xz4']
['FbA', 'Wmv', 'x86', 'jFu', 'Mvm', 'tFU', '8VG', 'tEu', 'rmu', 'rYU', 'oZQ']
['Afe', 'yAp', 'Qyh', 'mIe', 'nc0', 'ZxX', 'hdp', 'e8d', 'uGP', 'ttO', 'oSw']
['6Hl', '0ID', 'UDc', 'H9O', 'qmj', 'EJa', '81k', 'gfv', 'dSZ', 'QhQ', 'pTi']
['GUX', 'rXN', 'nf5', 'YNK', 'YUZ', 'PoH', '4Nd', 'XlR', '96X', 'uZt', 'uQL']
['X5a', 'X5J', 'KS2', '00m', 'etm', 'Jgp', 'g08', 'klv', 'zfD', 'OCL', 'iGU']
['70K', 'EoI', 'FzE', 'dNX', 'kZ0', 'L1u', 'zEh', 'IZQ', 'HkK', '0Qs', 'bA6']
['hYw', '5jv', 'F9o', 'SV9', 'sKX', 'wgA', '0RD', 'tK7', '8uu', 'zgJ', 'AK4']
['W8n', 'ZFU', '0gI', 'rz4', '9ug', 'PJa', 'xRH', 'iTo', 'nkl', 'uii', 'VPb']
['D5B', 'tfQ', 'FEQ', '6sH', 'HvR', 'WLk', 'jWX', 'Fws', 'aLB', 'Qa3', '1xS']
['c3v', 'LiP', 'h3r', 'fFJ', 'mFO', 'PPi', '5U2', 'ewc', 'v6U', 'USE', 'Epk']
