['Aeriel', 'Auroora', 'Betty', 'Annelise', 'Celestine', 'Angela', 'Candra', 'Anabal', 'Charin']
['Bliss', 'Carina', 'Bill', 'Carolyn', 'Alayne', 'Catlee', 'Allix', 'Cacilia', 'Celestyn']
['Bobette', 'Cherye', 'Brier', 'Anallese', 'Bryna', 'Brittaney', 'Caroljean', 'Cathrine', 'Billy']
['Alisun', 'Anica', 'Alanah', 'Ardeen', 'Cherrita', 'Aveline', 'Chelsy', 'Anne', 'Caron']
['Bunni', 'Aurore', 'Bibbie', 'Andrea', 'Bobbee', 'Alix', 'Cami', 'Brandy', 'Cheslie']
['Anastassia', 'Beverie', 'Angil', 'Cammy', 'Caren', 'Berta', 'Bernadine', 'Bamby', 'Binni']
['Blythe', 'Bernete', 'Aaren', 'Amargo', 'Carri', 'Charleen', 'Alysa', 'Christal', 'Chiarra']
['Alvira', 'Bobinette', 'Carena', 'Carlye', 'April', 'Ailene', 'Bert', 'Alyda', 'Catie']
['Bernardine', 'Charyl', 'Annabelle', 'Amanda', 'Babbette', 'Allissa', 'Ardella', 'Ardra', 'Bettine']
['Andree', 'Bellanca', 'Adelheid', 'Caril', 'Addi', 'Celie', 'Andi', 'Analiese', 'Catharine']
['Casandra', 'Alverta', 'Chanda', 'Carmine', 'Anni', 'Barbabra', 'Caralie', 'Ashlie', 'Beatrice', 'Catherine']
['Cherilyn', 'Alicea', 'Ashlen', 'Avis', 'Aurelea', 'Barbaraanne', 'Calla', 'Arlene', 'Aubrette', 'Anjela']
['Agace', 'Carolina', 'Astrix', 'Annadiane', 'Abra', 'Christye', 'Adoree', 'Berni', 'Austina', 'Anthiathia']
['Brandi', 'Aubine', 'Anastasia', 'Billi', 'Carlynn', 'Adelice', 'Augusta', 'Aile', 'Aliza', 'Berna']
['Abby', 'Carmelita', 'Adorne', 'Caryn', 'Brandie', 'Audy', 'Cassondra', 'Athene', 'Chelsey', 'Barbra']
['Bride', 'Alexi', 'Babita', 'Alexia', 'Betteann', 'Arliene', 'Babette', 'Casie', 'Catriona', 'Brandea']
['Carrissa', 'Ardene', 'Bobby', 'Annora', 'Bobbye', 'Ashli', 'Alice', 'Brigid', 'Berty', 'Belva']
['Betti', 'Annamaria', 'Alissa', 'Calida', 'Allegra', 'Christabella', 'Cassy', 'Andriana', 'Babara', 'Bren']
['Belita', 'Christel', 'Ariela', 'Barbey', 'Almeda', 'Aimil', 'Benetta', 'Angelina', 'Blinnie', 'Bernardina']
['Anatola', 'Annabel', 'Alie', 'Callida', 'Carlyn', 'Bess', 'Cariotta', 'Amy', 'Athena', 'Catlaina']
['Blancha', 'Amabel', 'Ada', 'Cal', 'Penny', 'Babbie', 'Ali', 'Alexandrina', 'Cammi', 'Anabelle']
['Bridgette', 'Benita', 'Carole', 'Ara', 'Ambur', 'Alejandra', 'Blanche', 'Billie', 'Charmion', 'Alys']
['Brandise', 'Cody', 'Agnola', 'Arlie', 'Bethany', 'Bunny', 'Asia', 'Arlina', 'Calli', 'Aili']
['Charity', 'Bonnee', 'Caryl', 'Annabela', 'David', 'Chiquia', 'Babs', 'Berri', 'Bobbie', 'Alikee']
['Cesya', 'Carmel', 'Caro', 'Carlee', 'Cherise', 'Anet', 'Camella', 'Antoinette', 'Christan', 'Angel']
['Bessy', 'Camel', 'Agatha', 'Candis', 'Brigida', 'Christyna', 'Charlot', 'Angie', 'Cele', 'Bertine']
