['225', '224', '226', '227', '228', '229', '230', '231', '397', '396', '398', '399', '400', '401', '402', '403', '420', '419', '421', '422', '423', '424', '425']
['18', '17', '19', '20', '21', '22', '23', '351', '350', '352', '353', '354', '355', '356', '381', '380', '382', '383', '384', '385', '386', '387', '388']
['129', '128', '130', '131', '132', '133', '134', '343', '342', '344', '345', '346', '347', '348', '349', '373', '372', '374', '375', '376', '377', '378', '379']
['34', '33', '35', '36', '37', '38', '39', '40', '121', '120', '122', '123', '124', '125', '126', '127', '211', '210', '212', '213', '214', '215', '216']
['25', '24', '26', '27', '28', '29', '30', '31', '32', '365', '364', '366', '367', '368', '369', '370', '371', '448', '447', '449', '450', '451', '452', '453']
['10', '9', '11', '12', '13', '14', '15', '16', '289', '288', '290', '291', '292', '293', '294', '295', '297', '296', '298', '299', '300', '301', '302', '303']
['179', '178', '180', '181', '182', '183', '184', '185', '186', '462', '461', '463', '464', '465', '466', '467', '475', '474', '476', '477', '478', '479', '480', '481']
['0', '2', '1', '3', '4', '5', '6', '7', '8', '358', '357', '359', '360', '361', '362', '363', '390', '389', '391', '392', '393', '394', '395', '499']
['72', '71', '73', '172', '171', '173', '174', '175', '176', '177', '267', '266', '268', '269', '270', '271', '272', '434', '433', '435', '436', '437', '438', '439']
['74', '75', '76', '77', '94', '93', '95', '96', '97', '98', '218', '217', '219', '220', '221', '222', '223', '441', '440', '442', '443', '444', '445', '446']
['282', '281', '283', '284', '285', '286', '287', '405', '404', '406', '407', '408', '409', '410', '411', '490', '489', '491', '492', '493', '494', '495', '496', '498', '497']
['79', '78', '80', '81', '82', '83', '84', '85', '202', '201', '203', '204', '205', '206', '207', '208', '209', '274', '273', '275', '276', '277', '278', '279', '280']
['87', '86', '88', '89', '90', '91', '92', '259', '258', '260', '261', '262', '469', '468', '470', '471', '472', '473', '483', '482', '484', '485', '486', '487', '488']
['151', '150', '152', '153', '154', '155', '156', '157', '195', '194', '196', '197', '198', '199', '200', '246', '245', '247', '248', '249', '250', '251', '263', '264', '265']
['49', '48', '50', '51', '52', '53', '54', '55', '64', '63', '65', '66', '67', '68', '69', '70', '243', '244', '328', '327', '329', '330', '331', '332', '333', '334']
['233', '232', '234', '235', '236', '237', '321', '320', '322', '323', '324', '325', '326', '336', '335', '337', '338', '339', '340', '341', '427', '426', '428', '429', '430', '431', '432']
['100', '99', '101', '102', '103', '104', '105', '143', '142', '144', '145', '146', '147', '148', '149', '239', '238', '240', '241', '242', '413', '412', '414', '415', '416', '417', '418']
['57', '56', '58', '59', '60', '61', '62', '136', '135', '137', '138', '139', '140', '141', '159', '158', '160', '161', '162', '163', '164', '253', '252', '254', '255', '256', '257']
['115', '114', '116', '117', '118', '119', '166', '165', '167', '168', '169', '170', '312', '311', '313', '314', '315', '316', '317', '318', '319', '455', '454', '456', '457', '458', '459', '460']
['42', '41', '43', '44', '45', '46', '47', '107', '106', '108', '109', '110', '111', '112', '113', '188', '187', '189', '190', '191', '192', '193', '305', '304', '306', '307', '308', '309', '310']
