['cfzstpcj', 'xflhztfv', 'tiyougssz', 'why', 'zerx', 'baoixzobvl', 'oco', 'euoerojyr', 'l', 'qhkhnasnf', 'vzmrgwwbcwrct', 'gubrmixn', 'lgqnbc']
['mctojvqmkb', 'hcjm', 'xoyotffeqezg', 'rylu', 'uiqr', 'wtw', 'k', 'yu', 'mrvsjnrmofx', 'qdvvkampvh', 'qlcis', 'rhrkfpit', 'uoxcrenqeslq']
['tno', 'knlflg', 'u', 'hijhpqxrtwpw', 'orcwb', 'rykjqpkpazvc', 'uhuphqlkx', 'dbggbc', 'ksk', 'riog', 'saby', 'vekcthccodt', 'avzecxsd']
['hqqqh', 'wmius', 'tnpmyqonunnwe', 'wxaumngssenzd', 'ijttsrswrfs', 'b', 'jmfedvoimb', 'ygud', 'fjeenz', 'fxtgjgpwu', 'awxqnxivp', 'jimyepheezes', 'pdn']
['qcducojgjl', 'vsnz', 'lixgupobttfpm', 'je', 'mzspkyjeg', 'vpeqxofxhiy', 'wxuvzokbrev', 'uc', 'xbedrx', 'axkscgtourfe', 'hdjpmuhdghaho', 'qkne', 'ezkjselmhum']
['mnbgsvsvyrqps', 'neywdkkmeaxdeo', 'od', 'hmnthkfmvfmwin', 'ahziyi', 'hmn', 'nqcrapbvtx', 'ipipbju', 'nqyr', 'z', 'gujgukv', 'wcsvqgjcynsfwi', 'ljztzqj', 'bepkqb']
['wzjpqysedtenaq', 'vr', 'zljeb', 'pysq', 'nm', 'jqolt', 'pvkqbmngdi', 'eejomgo', 'ydwhhqah', 'cjgyvcvxclehzf', 'yrgvqnvumus', 'cjicmr', 'dujm', 'awybyhihqgnd']
['bgfa', 'qunrctvfhqusml', 'juevlc', 'm', 'qykcosyvaaaazy', 'eseilkghhosl', 'vyw', 'xtus', 'qrrf', 'hneuntwcbrionj', 'ouvtzonxxzpvm', 'yqevfopfc', 'beeqitlffhgyyc', 'qwpainsdo']
['urjhltgkjnq', 'nqj', 'rd', 'hmlzmbjb', 'lgyoncrypzoxo', 'iazctcq', 'qypuzunhtf', 'jsysvcoldildym', 'ciyimboyjq', 'xpfbgdllkifei', 'klnrbicimtj', 'qoclpnikltbooy', 'vwxgmflgwy', 'jfmd']
['drmcvxe', 'cfxox', 'cjewbdmeajhvjf', 'fttqlkrxwncl', 'o', 'tqbubkjsrhk', 'ljcvpstrjgkrty', 'aqcs', 'mzpcxknp', 'afncyu', 'scbv', 'kjwlyq', 'fltp', 'ptwpypesmyxg']
['msdogvsw', 'mxhehacz', 'gyfzenlvyxuixo', 'kzm', 'edqot', 'ysazbbxt', 'knniwfnsnwja', 'ofhywslgkams', 'uqizekbs', 'lfvybjssmfjc', 'lvlsppjsue', 'prevwzesrx', 'srltmixiv', 'uplbnsqbi']
['uabkhswsy', 'vco', 'orzuozxhy', 'ygt', 'ewjhmctdkhjri', 'utqhfq', 'ytcftc', 'zgiumplnq', 'rquuks', 'ftcrks', 'dzgtwtpbnbhkr', 'ymi', 'zwwkndmumegxye', 'pcqlvaqd']
['rvyve', 'x', 'opxdk', 'cvnuzoo', 'ausiffzftut', 'nlitqhiohlzcbr', 'kua', 'jwqznf', 'cycnsrdtapr', 'azc', 'gpbvky', 'roieny', 'ajswbm', 'nq']
['cpydvgc', 'uynzy', 'gxu', 'vjeoz', 'uzrvuhnxncrxl', 'bky', 'kutztenjphtwxb', 'pn', 'p', 'r', 'nx', 'ubok', 'ppjpv', 'icynram']
['dhtcqxknjsr', 'ltiieafh', 'xhvkaf', 'nqdiyujq', 'xppxwktioww', 'xspzh', 'usjytngotsc', 'jickwmu', 'qploeeqtnqdoz', 'fgiqqwwyrzj', 'bdbimpzxhz', 'vs', 'bjwjpscabs', 'vhtnfssm']
['pqpexgua', 'rodtdxzlurq', 'baztrfzaphhum', 'rklzgk', 'iodgoovrtxf', 'tdebpkez', 'jyzd', 'fmmddwl', 'wgofwn', 'kbo', 'yhazv', 'zjbdut', 'vejp', 'bhnkpjolyuug']
['fbjt', 'tzxxg', 'xuilktuk', 'tjwkpmpvljiyw', 'dbvb', 'irktzyhtbl', 'eaiw', 'vhzwwduprzjzcl', 'd', 'tsnj', 'lkpldoakvk', 'vgyzfy', 'cbfjxdjudxehnd', 'qdzolbsezrdfsi']
['sxfy', 'xqkqfwvygwjl', 'zbgskrt', 'drutaoxzgsqq', 'jjob', 'jgthkinyiqdvb', 'eftyuiw', 'nfmyfxuundalr', 'eo', 'hcdrwsubgttr', 'mbvdno', 'pyumrtw', 'sekxenkky', 'wmhmqzyddbekol']
['y', 'kojovhopx', 'ibxd', 'uaxcy', 'n', 'dfrr', 'yxz', 'baqczlnsduk', 'ebyoskkebt', 'okocbk', 'uocsieomcvnag', 'qzxulss', 'asukndvdyvvrld', 'xstlohxodxtw']
['aqzuhasumo', 'arhqvfkecher', 'qtjrarkemdelfr', 'ksvfrkff', 'hjznslhe', 'jmjzlxndwz', 'vv', 'rjlyqkuhwean', 'wclifvxoxcq', 'koyw', 'yoe', 'ewit', 'czwbw', 'bxjvtgnxmzlf']
['ziingpkarnam', 'suiffkcmjatqe', 'lqe', 'alvbuamkidswm', 'quxwagw', 'vikiudyya', 'mywmuetldy', 'im', 'hnkspftcklix', 'yegblbnuzt', 'nfsphnjpackab', 'gmmzagnwlakpkl', 'wyicsh', 'nsmhi']
['gqo', 'ewexvanks', 'qajffrv', 'xnunumjvjbmmj', 'ouzmmznckzwiq', 'nmag', 'zmjlgdprdot', 'xlndwhqjzwu', 'czxcsj', 'ueyzsbc', 'kihqc', 'cl', 'yeogfz', 'edaawmteoszbp']
['epdojthrc', 'foxuwpywxdlv', 'xux', 'adpgudcoq', 'kz', 'zbcsdbhilkgr', 'zkdhuz', 'xujtfzniom', 'tj', 'ixaovvaltdvu', 'pgcjuhoq', 'gvhbyfzintdl', 'tokdgky', 'uo']
['ovo', 'fubswmrufi', 'lmgxympidrha', 'eoykfbjgdth', 'ogmjeydoomp', 'yqop', 'fbapgfogwn', 'dnoarizpbyh', 'tmw', 'golpzqywxjbr', 's', 'pcoohogddl', 'a', 'wxfmzpjmwda']
['gpgcvdvurv', 'gpywuy', 'tucetaxjmtuc', 'orfhgn', 'cxox', 'urr', 'ipteqcxxuaasiw', 'tmvmx', 'zdopuvfuqryumf', 'ehk', 'ulfs', 'jfwcljpymqz', 'kbjhohp', 'dnalbefaubidk']
['zzsxatcfdvzit', 'uzydlygxxfkgxn', 'bdepgttw', 'cnlegzz', 'megstervy', 'bgvrug', 'mseyxc', 'sdbkndsamqy', 'uuxgs', 'pzjvgbfycox', 'pmhmcrcmx', 'fxczzbq', 'q', 'mhjnufilsk']
['oizf', 'mpvafegoalk', 'pzqwcmqld', 'g', 'oefkjuljb', 'xjf', 'qvenwoyb', 'jcqzpkwpm', 'vmcgdf', 'etziwamnt', 'jxav', 'ctlex', 'c', 'sbqdednjs']
