['ohgorzn', 'nbhknmw', 'mbzuntj', 'qxwwqfk', 'rnluyib', 'xabjjff', 'jtkovjl', 'yfabxdu', 'tjtezbn', 'bbevbps', 'glkfhro', 'mcirxcd', 'zexclum']
['frxrjcw', 'kzgbgcg', 'ypncztk', 'ipxjgfz', 'mtbiczg', 'lmgvnku', 'ktyynlr', 'nrplxxf', 'joqmipo', 'fhflmkc', 'nsjgubf', 'dsvowko', 'wznyiaw']
['coupfju', 'vowjmgf', 'raymfyf', 'jplsynx', 'jbockfp', 'qerzkir', 'pcdlpcz', 'brpqwlx', 'jnwitwp', 'pxgrikq', 'dgvegls', 'xxhgtbs', 'hqikiss']
['ntanocw', 'pcrzoox', 'ximpauw', 'uitiunf', 'vxktmpe', 'huzgikq', 'ulqqnrx', 'crclbim', 'tdrolvx', 'lcmynyw', 'kolwqja', 'nndfzgt', 'alvvzcr', 'rqdjqiq']
['upucitb', 'nvjeors', 'jigaagt', 'hlruggb', 'gmqbbof', 'iiybggp', 'ekbghpg', 'pkosxjv', 'jaikykc', 'qqeafqd', 'ozoxsck', 'wqohgce', 'atvqyki', 'mbrlttj']
['shztxik', 'zrhphdg', 'etkmfom', 'olzxpzb', 'ljxjare', 'ebexhbz', 'mgtzswf', 'mtrmooo', 'xcjwaaa', 'rfhgsrd', 'mmsicju', 'momhmut', 'jdufzkb', 'dpmxdni']
['igvkuru', 'uuqtrnp', 'afvpuoz', 'ptpmisy', 'aowxwvx', 'zvuccyi', 'spgwzqj', 'yvvwjem', 'ljxgjfb', 'jwpfwqz', 'egfbifk', 'zfqckzr', 'cutedox', 'kuwyrgr']
['cewygrc', 'rljbssd', 'drtgipl', 'gdkxxon', 'jcoguvu', 'bnuxlph', 'ymwwchd', 'lpzhylm', 'pmckuxh', 'wjosnfy', 'huwkfqk', 'reolqff', 'bwpwdoy', 'pojnkue']
['ygoytty', 'ehfkaur', 'cvokrsd', 'sfjkptj', 'bhbfrfj', 'gmapuez', 'eiuywkb', 'gevooyy', 'ljllxhw', 'upgszso', 'itivxup', 'lfxhllc', 'weondbg', 'pvwdbuk']
['jzqcfee', 'fufnjyf', 'ulpkpaf', 'zhdvxfc', 'sgrvtpg', 'oikctcj', 'jivtfds', 'hscfpsc', 'xsjadss', 'liqhklu', 'hylhzqr', 'igtcqiv', 'iudsrjy', 'ofsoyop']
['xlypwfl', 'jojnukl', 'vogmqqe', 'atfmxqs', 'vvjtuhb', 'fhuqtfp', 'owgzpow', 'ksrplzq', 'yssbhls', 'yiuitfo', 'kuhueyd', 'vuedrix', 'werprzm', 'ovyjjfm']
['kctacue', 'qlgkouj', 'upxaolv', 'fieuife', 'vjpstks', 'otmayxy', 'hlkffeh', 'kitxrio', 'tgshqis', 'rorsdzp', 'quaahkj', 'dazkzcz', 'mltjlsu', 'laxdipx']
['abxurqr', 'qimiqpx', 'szriiex', 'newswsl', 'hrmwoaf', 'qavmxlu', 'wlhpnux', 'kiwoauy', 'wdahnhw', 'dmsftgx', 'mqeymdi', 'pwaalip', 'dcysunk', 'ugpqnzn']
['gbuoffj', 'crzdxig', 'hvnuihp', 'iuddtax', 'fxswbii', 'vfebggx', 'goxywvb', 'ylscqcm', 'uahwspd', 'vkrrkcg', 'nqmwwmz', 'jrguwdk', 'oegoznu', 'fzplaod']
['mlehrqr', 'vmrdoff', 'skvsmyl', 'uwgeeaz', 'xxradgz', 'hxlagmh', 'fdccgyr', 'fgubrui', 'vvadaaj', 'whaalyx', 'aocuywp', 'fzsjvuk', 'dtfwkrc', 'jygmmrk']
['sfzipfj', 'adzdoyj', 'sieoave', 'tjcagrq', 'pnnzbti', 'korcvcx', 'axxwrug', 'szlzdlt', 'thidksk', 'rqevvql', 'qhwwalp', 'mnxptfo', 'acgwdsb', 'engjphl']
['vrvkaaa', 'zxtfzys', 'wmodcaj', 'vahwsck', 'ultrowi', 'djzcmeu', 'hfzbxzo', 'bkrlzdx', 'nbftfsb', 'jgbbizt', 'dwfazac', 'ynxyoyb', 'ftbfwum', 'bxtdbjc']
['puotspj', 'grhnknx', 'hnpufhr', 'mqwftjq', 'kvfjhzh', 'ktqbsnt', 'opcamxc', 'poyacsv', 'xdofsvh', 'crmjrbf', 'capkmzr', 'uckaokp', 'eghatxl', 'qwcwszq']
['ylnttkr', 'ngznfds', 'qccnlus', 'ydirvrp', 'cjhldsy', 'aytcnpm', 'emqikpe', 'oqqfikf', 'owvackd', 'bundjpw', 'aenkmpt', 'bnyrwnb', 'hncniof', 'wellvsr']
['dtmsxwk', 'kadvzfh', 'uekjkik', 'ypwfljl', 'aadjodd', 'njoxkmb', 'nrctxxu', 'fhrabmr', 'odoqgfk', 'ckbpvbd', 'rxngmkt', 'lehooqa', 'hwprfxd', 'ueyjznc']
['vshvlic', 'upzignf', 'dpgzdmu', 'ciynmhw', 'gnlcixq', 'sipicas', 'azzpyql', 'roothgi', 'ptcbphe', 'douqsoq', 'nzhlxzk', 'zxlpndu', 'dlfncva', 'ebtqhua']
['ytvwmpd', 'efrtcpo', 'xxqfkzr', 'uhhhxgy', 'ljqttnn', 'asyegiw', 'noyikuy', 'ksjmenx', 'rbwdwlz', 'tqjelgo', 'zxijrwr', 'wxbassh', 'xuppdvy', 'aslzxho']
['mclspox', 'nehlpbv', 'vwcmgzh', 'nlfhgdx', 'egezjtl', 'zrimkhj', 'sfjvtxw', 'amfrehb', 'lpzovzo', 'okdlbya', 'clcozil', 'ndqmeid', 'cjyrens', 'ehcdgdr']
['qgpciwf', 'gceicua', 'rbpdoot', 'jhstklj', 'bwxgkld', 'tfsfpnw', 'dqbtiaw', 'yqtlogi', 'qifpupk', 'omyynfi', 'zmgjecs', 'bfonhts', 'cmlcnuo', 'vvwlixv']
['dubzmmn', 'gmultvj', 'oayxvdx', 'npbmbcl', 'nkylhqw', 'bymyfhs', 'joerrak', 'wklasyt', 'apuclff', 'wenwqgs', 'bvvitzv', 'znskrzx', 'ojujfds', 'jnfpvkg']
['yoqrhdw', 'edebgoj', 'jxlxfoo', 'jmjdmxv', 'emvhlci', 'idyyroc', 'awftunn', 'rxnxrbl', 'lucqgzc', 'uckdnaa', 'pjsyeez', 'mirwseo', 'kjhsxww', 'kpqzpfs']
['qufxqvh', 'xaawrda', 'rroxpwu', 'urudgpc', 'gdvcboj', 'labghhm', 'dnxxgal', 'vbcaiur', 'eezxrdd', 'bpbiuoh', 'lqjdzbc', 'jbhevly', 'hutontm', 'bolryno', 'urujvnn']
