['tjtezbn', 'glkfhro', 'yfabxdu', 'bbevbps', 'xabjjff', 'ohgorzn', 'jtkovjl', 'mcirxcd', 'zexclum', 'rnluyib', 'nbhknmw', 'mbzuntj', 'qxwwqfk']
['nsjgubf', 'wznyiaw', 'ktyynlr', 'fhflmkc', 'ipxjgfz', 'dsvowko', 'ypncztk', 'mtbiczg', 'nrplxxf', 'frxrjcw', 'lmgvnku', 'kzgbgcg', 'joqmipo']
['coupfju', 'vowjmgf', 'jplsynx', 'qerzkir', 'jbockfp', 'xxhgtbs', 'hqikiss', 'pcdlpcz', 'raymfyf', 'pxgrikq', 'dgvegls', 'jnwitwp', 'brpqwlx']
['uitiunf', 'kolwqja', 'nndfzgt', 'lcmynyw', 'ntanocw', 'pcrzoox', 'tdrolvx', 'ximpauw', 'huzgikq', 'alvvzcr', 'rqdjqiq', 'vxktmpe', 'ulqqnrx', 'crclbim']
['upucitb', 'nvjeors', 'iiybggp', 'jaikykc', 'qqeafqd', 'ekbghpg', 'mbrlttj', 'ozoxsck', 'jigaagt', 'hlruggb', 'wqohgce', 'atvqyki', 'pkosxjv', 'gmqbbof']
['mmsicju', 'zrhphdg', 'etkmfom', 'ebexhbz', 'rfhgsrd', 'jdufzkb', 'olzxpzb', 'xcjwaaa', 'momhmut', 'ljxjare', 'mgtzswf', 'mtrmooo', 'dpmxdni', 'shztxik']
['yvvwjem', 'spgwzqj', 'jwpfwqz', 'kuwyrgr', 'uuqtrnp', 'zvuccyi', 'igvkuru', 'ptpmisy', 'zfqckzr', 'afvpuoz', 'ljxgjfb', 'egfbifk', 'cutedox', 'aowxwvx']
['lpzhylm', 'gdkxxon', 'pojnkue', 'drtgipl', 'jcoguvu', 'pmckuxh', 'cewygrc', 'reolqff', 'rljbssd', 'bnuxlph', 'bwpwdoy', 'ymwwchd', 'wjosnfy', 'huwkfqk']
['lfxhllc', 'gmapuez', 'eiuywkb', 'bhbfrfj', 'weondbg', 'pvwdbuk', 'cvokrsd', 'upgszso', 'ehfkaur', 'sfjkptj', 'gevooyy', 'ljllxhw', 'itivxup', 'ygoytty']
['igtcqiv', 'iudsrjy', 'ofsoyop', 'zhdvxfc', 'ulpkpaf', 'oikctcj', 'jzqcfee', 'hylhzqr', 'fufnjyf', 'sgrvtpg', 'xsjadss', 'hscfpsc', 'liqhklu', 'jivtfds']
['xlypwfl', 'yssbhls', 'werprzm', 'yiuitfo', 'vuedrix', 'fhuqtfp', 'owgzpow', 'vogmqqe', 'vvjtuhb', 'jojnukl', 'ksrplzq', 'ovyjjfm', 'atfmxqs', 'kuhueyd']
['kitxrio', 'rorsdzp', 'quaahkj', 'laxdipx', 'qlgkouj', 'vjpstks', 'hlkffeh', 'kctacue', 'upxaolv', 'otmayxy', 'tgshqis', 'fieuife', 'mltjlsu', 'dazkzcz']
['abxurqr', 'newswsl', 'szriiex', 'wdahnhw', 'mqeymdi', 'kiwoauy', 'dmsftgx', 'pwaalip', 'hrmwoaf', 'qimiqpx', 'qavmxlu', 'dcysunk', 'ugpqnzn', 'wlhpnux']
['hvnuihp', 'iuddtax', 'vfebggx', 'goxywvb', 'nqmwwmz', 'fxswbii', 'oegoznu', 'ylscqcm', 'uahwspd', 'crzdxig', 'fzplaod', 'gbuoffj', 'vkrrkcg', 'jrguwdk']
['whaalyx', 'mlehrqr', 'vmrdoff', 'uwgeeaz', 'fdccgyr', 'xxradgz', 'hxlagmh', 'aocuywp', 'dtfwkrc', 'skvsmyl', 'fzsjvuk', 'jygmmrk', 'fgubrui', 'vvadaaj']
['adzdoyj', 'sfzipfj', 'korcvcx', 'mnxptfo', 'qhwwalp', 'tjcagrq', 'rqevvql', 'axxwrug', 'szlzdlt', 'engjphl', 'sieoave', 'thidksk', 'acgwdsb', 'pnnzbti']
['bkrlzdx', 'dwfazac', 'jgbbizt', 'ultrowi', 'nbftfsb', 'vrvkaaa', 'vahwsck', 'ynxyoyb', 'djzcmeu', 'zxtfzys', 'bxtdbjc', 'hfzbxzo', 'ftbfwum', 'wmodcaj']
['qwcwszq', 'capkmzr', 'grhnknx', 'uckaokp', 'eghatxl', 'ktqbsnt', 'kvfjhzh', 'crmjrbf', 'puotspj', 'hnpufhr', 'opcamxc', 'poyacsv', 'mqwftjq', 'xdofsvh']
['emqikpe', 'bnyrwnb', 'aytcnpm', 'owvackd', 'ydirvrp', 'ngznfds', 'bundjpw', 'aenkmpt', 'hncniof', 'wellvsr', 'oqqfikf', 'qccnlus', 'cjhldsy', 'ylnttkr']
['dtmsxwk', 'hwprfxd', 'aadjodd', 'ypwfljl', 'nrctxxu', 'ckbpvbd', 'ueyjznc', 'rxngmkt', 'kadvzfh', 'njoxkmb', 'uekjkik', 'fhrabmr', 'lehooqa', 'odoqgfk']
['vshvlic', 'gnlcixq', 'upzignf', 'ciynmhw', 'azzpyql', 'ptcbphe', 'dpgzdmu', 'dlfncva', 'sipicas', 'douqsoq', 'nzhlxzk', 'ebtqhua', 'zxlpndu', 'roothgi']
['zxijrwr', 'efrtcpo', 'ytvwmpd', 'noyikuy', 'rbwdwlz', 'xxqfkzr', 'tqjelgo', 'xuppdvy', 'uhhhxgy', 'asyegiw', 'wxbassh', 'aslzxho', 'ksjmenx', 'ljqttnn']
['sfjvtxw', 'cjyrens', 'nehlpbv', 'egezjtl', 'zrimkhj', 'okdlbya', 'mclspox', 'nlfhgdx', 'ehcdgdr', 'clcozil', 'amfrehb', 'vwcmgzh', 'lpzovzo', 'ndqmeid']
['cmlcnuo', 'qgpciwf', 'zmgjecs', 'qifpupk', 'gceicua', 'vvwlixv', 'bwxgkld', 'omyynfi', 'rbpdoot', 'dqbtiaw', 'jhstklj', 'tfsfpnw', 'yqtlogi', 'bfonhts']
['npbmbcl', 'jnfpvkg', 'dubzmmn', 'gmultvj', 'bymyfhs', 'ojujfds', 'wklasyt', 'nkylhqw', 'apuclff', 'bvvitzv', 'joerrak', 'oayxvdx', 'wenwqgs', 'znskrzx']
['kpqzpfs', 'mirwseo', 'kjhsxww', 'lucqgzc', 'pjsyeez', 'yoqrhdw', 'edebgoj', 'emvhlci', 'jxlxfoo', 'rxnxrbl', 'uckdnaa', 'jmjdmxv', 'awftunn', 'idyyroc']
['gdvcboj', 'qufxqvh', 'urudgpc', 'eezxrdd', 'labghhm', 'dnxxgal', 'hutontm', 'bolryno', 'bpbiuoh', 'urujvnn', 'xaawrda', 'rroxpwu', 'lqjdzbc', 'jbhevly', 'vbcaiur']
