['DRLM', 'YFFNQ', 'YQ', 'UHTMG', 'SBM', 'PJG', 'AJDT', 'VCFLXV', 'TTV', 'SU', 'KAZEK', 'MMUK', 'XLWRB', 'YII', 'UJ']
['MK', 'GBSI', 'BPZAJ', 'KPXJFJ', 'XS', 'HDJIQ', 'RM', 'KJHR', 'TRXUD', 'CMB', 'WCZSB', 'TOR', 'JJ', 'JMYQEA', 'NDZ', 'QREJG']
['USZM', 'ZTR', 'BQIFGG', 'KRXDGO', 'FXAQ', 'UIUBC', 'BGB', 'CFG', 'UU', 'LQ', 'EM', 'FPPMUW', 'DJS', 'LTHESD', 'ZQAULZ', 'CN']
['LW', 'LJSX', 'TJU', 'AR', 'OL', 'HTA', 'SUPLJO', 'TQWWLG', 'FCB', 'HHCPMB', 'JCM', 'SEWIVO', 'BW', 'KFBC', 'QROYGT', 'AY']
['KKFPQ', 'AQDX', 'MY', 'HPXSSF', 'EJOR', 'FAL', 'XT', 'QIZWG', 'FWRV', 'ORJB', 'SK', 'ANW', 'DLJMZC', 'WPRTBZ', 'OEJ', 'ODIF']
['SGY', 'HO', 'COYVMU', 'L', 'EMP', 'ZIIN', 'KW', 'PQ', 'MPYJWG', 'W', 'EU', 'ZVWR', 'AZN', 'ZULMQ', 'TXCK', 'MLDT']
['NDF', 'NVLNXP', 'EP', 'UXBDM', 'TGKUE', 'CCIYM', 'NS', 'OYJLB', 'G', 'CVSPP', 'SHT', 'I', 'PRYXX', 'MWKWWN', 'ACYQN', 'JL']
['QREJV', 'Y', 'WFWU', 'LZLFY', 'WK', 'XLVUF', 'CRAQYE', 'BAVHR', 'IWP', 'GI', 'NAIN', 'BBB', 'RKCPEP', 'VHUHI', 'N', 'GDGZN']
['JBJS', 'P', 'CTRFIJ', 'JP', 'QGUYKQ', 'T', 'MYSMZ', 'C', 'EVDQNK', 'HJW', 'BHT', 'ERR', 'J', 'WAXWZU', 'TUB', 'EHXPLS']
['YOGJ', 'WTGA', 'WELF', 'E', 'UI', 'OTXCZH', 'XU', 'H', 'JNJNE', 'ET', 'AB', 'ZW', 'QKT', 'YDDS', 'QNKIQE', 'JUXOIJ']
['KLQR', 'TSSNJ', 'JCEYOL', 'HMURVX', 'TN', 'UK', 'YXEJT', 'DQQ', 'XFGUIZ', 'BHKK', 'D', 'VYGES', 'YK', 'HLT', 'JSMAHJ', 'XEAARR']
['NO', 'OQV', 'RZU', 'CAED', 'IMB', 'EDAKUV', 'LHILT', 'FAF', 'Z', 'ZJUCNC', 'XINMR', 'TB', 'FP', 'O', 'CHR', 'ZVKC']
['NTMT', 'ZTK', 'AEV', 'TYQL', 'XVU', 'NMU', 'TCBKQ', 'NBJL', 'MYN', 'ZHDBW', 'ETSAG', 'DVVKX', 'U', 'S', 'ZYFXQ', 'GUOYX']
['TXNP', 'UBWSTW', 'DFGWZZ', 'OC', 'THMU', 'KCQRDN', 'QDMX', 'AZGCQ', 'FBW', 'WBPB', 'RWO', 'LWIA', 'NZDAU', 'MXSFK', 'ZAP', 'HSHY']
['NP', 'GCSAZH', 'YEBV', 'HOQPX', 'WVHKC', 'VWK', 'BX', 'WWF', 'KFYTH', 'FSZNT', 'QYC', 'UXXBYF', 'UEKXJH', 'AH', 'DCBWSF', 'NDMQJ']
['OFIPP', 'PHS', 'B', 'AFH', 'DJC', 'FLLJ', 'A', 'MICOE', 'VYBQIM', 'LZQ', 'CNYXMO', 'GFNZL', 'IE', 'EVTLXI', 'MRT', 'BFZ']
['JN', 'NJAA', 'ZDYFZU', 'RQRWJT', 'HH', 'OVM', 'OYDEJ', 'IGSXN', 'PE', 'KBV', 'RWHILI', 'FVMBV', 'FGPZAA', 'PBRPX', 'EWAZF', 'TAN']
['TZTCA', 'DEXTSN', 'RUC', 'UBYG', 'LY', 'AW', 'SRJZQ', 'NDLUNW', 'BSAEQ', 'VL', 'POL', 'IU', 'OHZYQ', 'PIGBG', 'YO', 'QBB']
['LNMCTV', 'HDJL', 'IYCHS', 'ARYSPZ', 'OIA', 'FJTW', 'VOLULU', 'QE', 'V', 'EYVVY', 'BJ', 'HGT', 'MISGHL', 'TGDTND', 'UVUBDR', 'EYEWXP']
['AL', 'WZ', 'MOOKF', 'X', 'QNN', 'ZHCQG', 'MM', 'ETBLO', 'NGUN', 'ICLIT', 'BNC', 'MV', 'GDFI', 'SY', 'M', 'KMU', 'DBGM']
