['AnthonyTolliver']
['ThaddeusYoung', 'VictorOladipo']
['BojanBogdanovic', 'MylesTurner']
['CoryJoseph', 'AlJefferson']
['DarrenCollison', 'JoeYoung']
['LanceStephenson', 'DomantasSabonis']
['DeMarDeRozan', 'JonasValanciunas']
['SergeIbaka', 'PascalSiakam']
['AndreDrummond', 'LukeKennard']
['IshSmith', 'StanleyJohnson']
['DonovanMitchell', 'RodneyHood']
['RoyceONeale', 'AlecBurks']
['BradleyBeal', 'IanMahinmi']
['OttoPorter', 'JodieMeeks']
['KentaviousCaldwellPope', 'JoshHart']
['LonzoBall', 'CoreyBrewer']
['BenSimmons', 'DarioSaric']
['JoelEmbiid', 'TimotheLuwawuCabarrot']
['JrueHoliday', 'RajonRondo']
['ETwaunMoore', 'DeMarcusCousins']
['JonathonSimmons', 'AaronGordon']
['MarioHezonja', 'ElfridPayton']
['AndrewWiggins', 'JeffTeague']
['JamalCrawford', 'NemanjaBjelica']
['EnesKanter', 'LanceThomas']
['CourtneyLee', 'JarrettJack']
['LeBronJames', 'JeffGreen']
['KevinLove', 'KyleKorver']
['MarcGasol', 'DillonBrooks']
['JarellMartin', 'TyrekeEvans']
['JaMychalGreen', 'DeyontaDavis']
['MarioChalmers', 'BenMcLemore']
['AndrewHarrison', 'JamesEnnis']
['ReggieJackson', 'LangstonGalloway']
['JoshRichardson', 'GoranDragic']
['WayneEllington', 'DionWaiters']
['SpencerDinwiddie', 'QuincyAcy']
['BogdanBogdanovic', 'DeAaronFox']
['JaysonTatum', 'DanielTheis']
['JaylenBrown', 'MarcusSmart']
['KhrisMiddleton', 'GiannisAntetokounmpo']
['EricBledsoe', 'JasonTerry']
['RussellWestbrook', 'PaulGeorge']
['CarmeloAnthony', 'StevenAdams']
['JeramiGrant', 'JoshHuestis']
['RaymondFelton', 'AndreRoberson']
['PatrickPatterson', 'AlexAbrines']
['GarrettTemple', 'GeorgeHill']
['KembaWalker', 'DwightHoward']
['MarvinWilliams', 'MalikMonk']
['NicolasBatum', 'JeremyLamb']
['MichaelKiddGilchrist', 'FrankKaminsky']
['TreveonGraham', 'MichaelCarterWilliams']
['TJWarren', 'JoshJackson']
['TroyDaniels', 'JaredDudley']
['LaMarcusAldridge', 'ManuGinobili']
['KyleAnderson', 'DavisBertans']
['RondaeHollisJefferson', 'DAngeloRussell']
['KlayThompson', 'KevinDurant']
['DraymondGreen', 'AndreIguodala']
['StephenCurry', 'NickYoung']
['ShaunLivingston', 'PatrickMcCaw']
['DavidWest', 'ZazaPachulia']
['TobiasHarris', 'BlakeGriffin']
['LouWilliams', 'DeAndreJordan']
['WilsonChandler', 'TorreyCraig']
['WillBarton', 'PaulMillsap']
['JamesHarden', 'RyanAnderson']
['PJTucker', 'ChrisPaul']
['HarrisonBarnes', 'DwightPowell']
['YogiFerrell', 'DennisSmith']
['CJMcCollum', 'DamianLillard']
['JusufNurkic', 'ShabazzNapier']
['AlFarouqAminu', 'EvanTurner']
['PatConnaughton', 'EdDavis']
['MauriceHarkless', 'ZachCollins']
['JustinHoliday', 'RobinLopez']
['DenzelValentine', 'LauriMarkkanen']
['JerianGrant', 'KrisDunn']
['DavidNwaba', 'CristianoFelicio']
['BobbyPortis', 'PaulZipser']
['MikeMuscala', 'MalcolmDelaney']
['MaxiKleber', 'DevinHarris']
['JJBarea', 'SalahMejri']
['EricGordon', 'LucMbahaMoute']
['GeraldGreen', 'NeneHilario']
['TreyLyles', 'EmmanuelMudiay']
['NikolaJokic', 'MasonPlumlee']
['MilosTeodosic', 'SamDekker']
['WesleyJohnson', 'SindariusThornwell']
['DeMarreCarroll', 'JarrettAllen']
['CarisLeVert', 'TylerZeller']
['PauGasol', 'RudyGay']
['DejounteMurray', 'BrynForbes']
['MarqueseChriss', 'AlexLen']
['DevinBooker', 'TysonChandler']
['JustinJackson', 'KostaKoufos']
['ZachRandolph', 'SkalLabissiere']
['ThonMaker', 'JabariParker']
['MalcolmBrogdon', 'SterlingBrown']
['MarcusMorris', 'SemiOjeleye']
['TerryRozier', 'AronBaynes']
['JamesJohnson', 'BamAdebayo']
['JustiseWinslow', 'HassanWhiteside']
['DennisSchroder', 'DewayneDedmon']
['JohnCollins', 'ErsanIlyasova']
['DelonWright', 'CJMiles']
['JakobPoeltl', 'FredVanVleet']
['JonasJerebko', 'EkpeUdoh']
['RickyRubio', 'RudyGobert']
['JohnWall', 'MikeScott']
['MarcinGortat', 'MarkieffMorris']
['JordanClarkson', 'LarryNance']
['JuliusRandle', 'BrandonIngram']
['TJMcConnell', 'AmirJohnson']
['JerrydBayless', 'RichaunHolmes']
['IanClark', 'NikolaMirotic']
['DanteCunningham', 'JameerNelson']
['ShelvinMack', 'WesleyIwundu']
['NikolaVucevic', 'BismackBiyombo']
['TyusJones', 'ShabazzMuhammad']
['JimmyButler', 'GorguiDieng']
['KyleOQuinn', 'DougMcDermott']
['MichaelBeasley', 'KristapsPorzingis']
['TristanThompson', 'DwyaneWade']
['ReggieBullock', 'AveryBradley']
['JoseCalderon', 'CediOsman']
['MarcoBelinelli', 'IsaiahTaylor']
['DirkNowitzki', 'WesleyMatthews']
['TrevorAriza', 'ClintCapela']
['GaryHarris', 'JamalMurray']
['MontrezlHarrell', 'AustinRivers']
['AllenCrabbe', 'JoeHarris']
['PattyMills', 'DannyGreen']
['TylerUlis', 'DraganBender']
['WillieCauleyStein', 'BuddyHield']
['JohnHenson', 'TonySnell']
['KyrieIrving', 'AlHorford']
['TylerJohnson', 'KellyOlynyk']
['TaureanWallerPrince', 'KentBazemore']
['OGAnunoby', 'KyleLowry']
['DerrickFavors', 'JoeIngles']
['TomasSatoransky', 'KellyOubre']
['BrookLopez', 'KyleKuzma']
['RobertCovington', 'JJRedick']
['AnthonyDavis', 'DariusMiller']
['EvanFournier', 'DJAugustin']
['TajGibson', 'KarlAnthonyTowns']
['FrankNtilikina', 'TimHardaway']
['JRSmith', 'JaeCrowder']
