['8BEC15', '66B93A', '2819EE', '98497D', '893D61', '6E3DED', '73F93C', 'D79D49', '2F46CD', 'C4882F', '09CFE9', 'EC35B5', '87EE7F', '5248A9', '414B77', '35DA72', '2E6B38', '1D0C35', '029563', '82F466']
['CC4384', '2BEC39', '7D4045', '75C017', '51197D', '18AEFC', '2E4B9D', '58ED2B', '882258', '8FF839', '0AFD91', '4C0FCD', '539972', '9C4F00', 'F9EB1F', 'C19610', '5A681E', 'C9EF6D', '4FCF52', '4C1D36']
['39CAB7', '03B42D', 'E1A380', '81A856', '30EA83', '593AF4', '478A7C', 'B13536', '1F4650', '28CCA5', '81DA52', 'FCD63D', 'EEF23E', '71AE93', '4A32EA', '3E6399', 'A4EAD9', '940AC5', 'DFE9C6', '8EC8D8']
['A4F4BB', '255208', '0E6FA7', '943005', '9FCB42', '1CAAAC', '0B99EF', '935873', '8D43AD', 'CA893B', 'DB6CBF', 'A1D29E', 'AAAF0B', '1D216B', '1E0B30', '66547C', '85CFC7', '31B17E', '34E9FE', 'CE0D10']
['73271F', '3D046E', '052CC7', '4DBE20', '88E0AE', '3963FC', '923B8C', '09FFA6', '05F2DC', 'C07CCC', 'D78532', '31B801', '0FE5DD', 'EC2626', 'CC66B0', 'F28C7F', 'B4BD91', 'CB5EDA', 'E4C3BA', 'DF5F9C']
['80F9BC', 'EE9200', '4E8355', '9CE56C', '6D4C8F', '920715', '770A4C', '917501', 'B0C2D3', '2961DB', '8E8C76', '118FE2', '66C38E', '6E7E64', '2D2248', 'EDB261', '415552', '0E78AA', '037831', 'CC08F5']
['98B1CA', 'FFD642', '398310', '8963E1', 'F8B91A', 'BB986B', 'E7EFA5', '99392B', 'F37211', '9D6554', 'A34095', 'DF44F5', '1330B3', '5BC875', '94C20E', '26DA83', '929578', '6246E1', 'D8A834', 'E3583F']
['628552', '5BEDDF', 'FECCAB', 'B85F11', '19EFAF', '46371B', 'B6FA16', '74ADA7', '608F21', '3F75A9', '5C91EE', '89A551', '503A55', 'D83AF7', 'E81232', '81A0D3', '77042F', '97D861', '747199', 'C5416A']
['A03FB7', 'E191B0', '5B4152', '29D22B', '8AC55C', '8806E7', '5D5C76', '4430C2', 'B166D1', 'FBF275', 'CD374A', '3EF396', '25B295', '369765', 'C34593', 'AB96B9', '5F88E7', '5C4F81', '36FCBF', '7B306C']
['F4EDF8', '8883AC', 'F1B367', 'D0E5BE', '55B952', '672145', '6C3CD5', '34ACF3', 'F7F9CB', 'AD6105', 'EB90EE', 'C69699', 'D324E7', 'D78522', '9ABAFB', '0525B9', '5A5DE8', 'C0EA59', 'E93252', '5451FF']
['F13455', 'A89402', '273165', 'A4FCD1', '41AFC9', '1D4417', '20C0D0', '0C3AFF', '60B803', '5C5B8D', 'E46F9E', 'FD33F7', '1DD8D0', '47063A', '823C51', 'E15D93', 'FE7E47', '6AFCAC', '5E2607', '552199']
['B0F05D', '52BFE5', '3A0D10', 'E77DD8', 'C54164', '1D528C', '7CC3A7', 'E33128', 'ABE83F', '6D4DDC', 'BE3703', 'F32B0B', 'DE6241', 'E2701A', '400D20', 'D6F426', '00C269', '8DF985', '1A770B', '865328']
['7848BA', '54C37C', '1600AD', '9C5DCF', '5C0D69', '7AADBC', '326662', '1866E0', '7C730C', 'DBDDB5', 'EF37A6', 'D2EB79', '9C0B9D', 'B38307', '5AF312', '8F75EC', '1743CD', 'AC34B5', 'C3678B', 'D8492F']
['45CE10', '82B105', '9330C0', '316244', 'C2A74D', '739ABF', '78DB65', 'B2C27D', '18D668', '7FE1F2', 'D363AB', '3D830C', 'CD5322', '2B3DD7', 'A911EF', '43F505', 'C8F1A7', 'D31361', '035E05', '90E78E']
['3D4600', '1B06C5', '833C34', 'FBB00D', '09944C', '468F31', '1986A0', '364B78', '57FCD8', '848C87', '3E7F60', '95F017', '81E0FA', 'F33ACF', 'D8849E', 'E0044F', 'E277CB', 'F4C13E', 'F1DB81', '3CB50A']
['D65E29', '83ACF7', '38515C', 'B32674', '206150', '2C02B7', '15AA36', '4BBAFA', '24A4D1', '38EA17', 'CC9A13', '0C4437', '66F8EA', '56B4C2', '42EE34', '1C3933', '76131B', 'D2BDB6', '846154', '219F75']
['6DCBC8', '4AE7C7', '189812', 'EB7E6A', 'D883C0', '5ADC6D', '0FC6EE', '4BD8B1', 'F2B7FD', '244528', '861E09', 'B6ACFC', '83752D', 'B4257C', 'D98FB6', 'C60FE7', '1656DC', '605983', '26DB4C', '3B6837']
['62BC31', '14A3E7', '3235BA', 'F448AE', 'EED7BB', '1350AD', '187923', '601CA7', '9923B4', '31C6A3', '1E571E', 'CED5FC', 'E8A38A', 'FAB638', 'D2F8E5', 'FC75E7', '26C6B9', 'D0E36A', '94AED5', '69FD70']
['52FB79', 'D049CD', 'CBE0EA', '6EEE66', '9C4CA5', '068D28', '2B8E0B', '0A3E48', '04279E', '40C7FF', 'EFBA0C', '4EBF50', '88FFF8', '380FF7', '7FADE3', '593840', 'DDA295', '7C8A3D', '29BFBC', '718436']
['B49939', '9B09E5', 'BA7ED0', '0231A4', '1D9893', '7647CD', '22394B', '5C016B', '33ABEE', '5ABFA9', 'B78EF9', '75002A', 'B00B7F', 'C1CAB9', 'E8C5B8', '0AC7A0', '4AC817', 'F3EDD7', '5E4F6B', '4D74EB']
['113E1F', 'DCB902', '1D39ED', 'F545E1', 'F85131', '1FBE40', 'D9180C', '6833E8', '511040', 'BB9072', 'FD1DAC', '565E46', '292CB3', '177A03', 'D50881', '2F584A', '77EB41', '72D023', '420711', 'C0A19A']
['43FE78', '6C5208', '2215AE', '2EDC82', '5A3E90', 'B2C529', '099A40', 'E1B665', 'BCD2F5', '0CFFC9', 'DBF47C', '30C157', '00CD58', '71AC6D', 'BE5B1D', '99E133', 'DDB7C8', '6BF4D3', '1F6554', 'EB3718']
['BA6187', '992AEE', '49EB71', 'B56D74', 'B2A692', 'B8B01F', 'B2CB4D', '160ED4', '7F8E1D', '463E2C', '8254EB', 'AF83FA', '9DF876', '4BC7D0', 'A5F27A', 'E492E0', '9D8AD8', '01E026', 'BC38A8', '49EEB4']
['10BBE1', 'A0DDCD', '3228BB', '5332A9', '26B294', 'F61AD7', '05473A', '89372A', 'D6DD9E', 'E479C8', 'FB3B86', '78E144', 'FF3177', 'F9011B', '8ECA84', '2DE42A', 'C748A2', 'E4F6EF', '77B9A5', '696B37']
['C96CD6', '0264AF', '93D432', '2D4D61', '2B8F4B', 'EB9D60', '9BAC71', '026256', '7334F9', '2D56C1', '5D4F2F', '82BD08', 'E9F19A', '92C42A', '7B325B', '29267F', '3FAE1E', '0D6A28', '6C1A62', 'FCB503']
