['Drusy', 'Monique', 'Katti', 'Jorrie', 'Agatha', 'Allene', 'Angelica', 'Starlin', 'Melloney', 'Nelie', 'Maxie', 'Dyane', 'Bernice', 'Delly', 'Maddalena']
['Estele', 'Row', 'Dorine', 'Clemence', 'Sherrie', 'Cherilynn', 'Xylina', 'Netty', 'Athena', 'Kania', 'Dita', 'Sofie', 'Lani', 'Vinni', 'Noell']
['Yovonnda', 'Hedwiga', 'Gale', 'Rosene', 'Birgitta', 'Risa', 'Marlena', 'Sadye', 'Gabbie', 'Lorena', 'Oliy', 'Josepha', 'Tamra', 'Brunhilda', 'Marabel']
['Joelly', 'Carroll', 'Inga', 'Roslyn', 'Amalee', 'Jacqui', 'Stormi', 'Ansley', 'Opal', 'Nedda', 'Sula', 'Zulema', 'Antonietta', 'Andromache', 'Mufinella']
['Charita', 'Doris', 'Carla', 'Claudie', 'Eve', 'Jesse', 'Neile', 'Anastassia', 'Janice', 'Brear', 'Ingunna', 'Johanna', 'Kellie', 'Stephannie', 'Bekki']
['Agnese', 'Sileas', 'Harriet', 'Leda', 'Teddi', 'Oralee', 'Paige', 'Joanna', 'Diane', 'Ulrike', 'Hortense', 'Marcella', 'Marris', 'Nissie', 'Euphemia']
['Tiphanie', 'Kathy', 'Marijo', 'Anabelle', 'Nicoli', 'Mirna', 'Lorie', 'Frankie', 'Kathryn', 'Fawnia', 'Stefa', 'Pammy', 'Desiri', 'Corly', 'Martina']
['Orsa', 'Livy', 'Morena', 'Willi', 'Fania', 'Gavra', 'Gerry', 'Tarra', 'Sada', 'Randie', 'Fran', 'Leanora', 'Lorain', 'Sile', 'Edith']
['Corinne', 'Rivkah', 'Alia', 'Marlie', 'Elvera', 'Tanitansy', 'Mei', 'Debora', 'Brittan', 'Diahann', 'Sheila', 'Matilde', 'Millisent', 'Demetria', 'Anette']
['Carri', 'Avivah', 'Adriane', 'Idalina', 'Caryn', 'Selinda', 'Danni', 'Jessamyn', 'Nancie', 'Britney', 'Melinde', 'Julie', 'Allie', 'Alyson', 'Ronnica']
['Marcie', 'Paulina', 'Dena', 'Kaitlynn', 'Casi', 'Gae', 'Erica', 'Georgeanne', 'Jolie', 'Cassondra', 'Mariellen', 'Dominica', 'Catha', 'Kala', 'Haley']
['Karie', 'Cristen', 'Camala', 'Rhody', 'Nanon', 'Cristabel', 'Meggi', 'Kaitlin', 'Eulalie', 'Flory', 'Nicki', 'Arlee', 'Lotte', 'Valli', 'Kellsie']
['Rowena', 'Stesha', 'Winifred', 'Clarissa', 'Rhodia', 'Eran', 'Malva', 'Addi', 'Babara', 'Fernande', 'Della', 'Jemie', 'Myrtle', 'Else', 'Bonita']
['Shirl', 'Vanni', 'Dee', 'Yetta', 'Shoshana', 'Noreen', 'Silva', 'Roxane', 'Gwennie', 'Madelena', 'Conchita', 'Fredericka', 'Tallie', 'Britteny', 'Cathryn']
['Cheslie', 'Moyna', 'Charmine', 'Vicky', 'Bridgette', 'Chelsy', 'Laverne', 'Clemmie', 'Agnes', 'Latisha', 'Tiffy', 'Adiana', 'Natalya', 'Reggi', 'Marisa']
['Beatrice', 'Doroteya', 'Andie', 'Agneta', 'Patty', 'Helyn', 'Quintana', 'Vonni', 'Rosana', 'Colline', 'Serena', 'Brook', 'Belle', 'Lulu', 'Mella']
['Brigitte', 'Ruperta', 'Kathleen', 'Shanie', 'Erminia', 'Anabel', 'Sonni', 'Tani', 'Georgiana', 'Jen', 'Annice', 'Lydie', 'Korney', 'Cristionna', 'Collete']
['Emelda', 'Austina', 'Daphene', 'Sandie', 'Lira', 'Ramonda', 'Briny', 'Yolanda', 'Peg', 'Cindie', 'Yoshi', 'Eolanda', 'Lyda', 'Zenia', 'Thia']
['Gaby', 'Kittie', 'Lesly', 'Kiele', 'Jaynell', 'Ranice', 'Dotti', 'Missy', 'Veradis', 'Faythe', 'Aviva', 'Tim', 'Cassandra', 'Gianina', 'Lisette']
['Alexandrina', 'Estella', 'Kara', 'Mair', 'Tiffany', 'Terese', 'Idelle', 'Rosamond', 'Tamara', 'Mechelle', 'Lynnet', 'Bertie', 'Rita', 'Krissy', 'Anabal']
