['Michael4', 'Osea9', 'Clodovea1', 'Ione9', 'Giovanna5', 'Genziana8', 'Tolomeo6', 'Anselmo8', 'Kris2', 'Carmelo4', 'Anselmo3', 'Raoul7', 'Marieva7', 'Timoteo9', 'Trevis2', 'Ian0', 'Marzio5', 'Priamo8', 'Zaccaria2', 'Tazio1']
['Ubaldo1', 'Prisca2', 'Giulietta7', 'Maggiore3', 'Armando5', 'Luce6', 'Vania2', 'Giorgio6', 'Umberto9', 'Folco4', 'Jacopo4', 'Mirko4', 'Xavier7', 'Jari0', 'Santo3', 'Aroldo4', 'Claudia6', 'Radames1', 'Folco6', 'Mariano0']
['Miriam8', 'Brigitta8', 'Ercole1', 'Giordano5', 'Sebastian2', 'Miriana4', 'Sirio1', 'Evangelista9', 'Ruth1', 'Ubaldo2', 'Marcella4', 'Egisto1', 'Ettore0', 'Fortunata6', 'Ethan7', 'Guendalina3', 'Walter3', 'Elda2', 'Cirino1', 'Alighieri1']
['Fiorentino3', 'Leonardo1', 'Nestore8', 'Sasha7', 'Renato5', 'Isabel1', 'Erminio4', 'Giorgio3', 'Erminio9', 'Assia0', 'Enzo0', 'Bortolo5', 'Marina4', 'Sarita7', 'Trevis3', 'Radames7', 'Baldassarre3', 'Nathan2', 'Demis3', 'Gianmarco5']
['Albino1', 'Noel4', 'Tommaso8', 'Manfredi5', 'Ferdinando0', 'Rosita1', 'Matilde9', 'Gregorio2', 'Carmela3', 'Flaviana6', 'Nathan3', 'Emanuel7', 'Gavino8', 'Deborah9', 'Marino4', 'Gioacchino6', 'Nestore7', 'Iacopo2', 'Eriberto9', 'Sabino2']
['Cira7', 'Thea4', 'Furio5', 'Eusebio3', 'Rosaria8', 'Odone9', 'Odone8', 'Renzo5', 'Ercole8', 'Elsa1', 'Noah0', 'Leonardo0', 'Gianriccardo2', 'Caio2', 'Arduino5', 'Italo9', 'Lino4', 'Lidia6', 'Alan9', 'Giovanna3']
['Battista3', 'Terzo7', 'Marianita8', 'Gelsomina6', 'Eusebio6', 'Timoteo4', 'Marzio6', 'Nathan9', 'Cleopatra7', 'Gianleonardo6', 'Marzio7', 'Sirio6', 'Marianita7', 'Dante0', 'Amerigo1', 'Edipo5', 'Romeo2', 'Maika6', 'Alessio3', 'Sasha9']
['Elio8', 'Ian2', 'Eustachio1', 'Caio6', 'Alessandro3', 'Rita6', 'Tristano5', 'Kai5', 'Oreste0', 'Benedetta5', 'Irene7', 'Dante5', 'Jacopo3', 'Loredana0', 'Bibiana6', 'Brigitta5', 'Miriana7', 'Bettino8', 'Modesto4', 'Deborah4']
['Pablo7', 'Marina6', 'Alberto5', 'Danuta0', 'Ermes9', 'Costanzo6', 'Mauro7', 'Eliziario6', 'Luigi7', 'Benedetta1', 'Demi6', 'Lidia0', 'Elga3', 'Amerigo5', 'Fiorenzo7', 'Sesto4', 'Renzo6', 'Diamante4', 'Moreno5', 'Cleopatra1']
['Jarno1', 'Guido1', 'Loredana6', 'Joshua0', 'Filomena3', 'Miriam7', 'Giorgio2', 'Augusto8', 'Fabio9', 'Iacopo1', 'Mietta1', 'Adriano1', 'Gregorio7', 'Joseph3', 'Nico6', 'Eriberto1', 'Siro9', 'Anselmo9', 'Pierfrancesco0', 'Rebecca6']
['Cleros2', 'Mecren5', 'Teseo4', 'Mietta0', 'Kayla9', 'Marzio4', 'Maika9', 'Cleros4', 'Marina7', 'Gaetano5', 'Orfeo4', 'Laerte0', 'Ivano3', 'Demi9', 'Avide3', 'Clodovea2', 'Rebecca5', 'Giacinto6', 'Davide5', 'Azue3']
['Rebecca2', 'Pablo9', 'Cleopatra5', 'Caligola0', 'Oretta9', 'Primo1', 'Osea0', 'Sandro2', 'Ulrico6', 'Jack2', 'Gilda5', 'Secondo5', 'Sarita4', 'Tancredi6', 'Emanuel3', 'Graziano0', 'Rocco9', 'Lorenzo9', 'Cleros5', 'Nestore3']
['Osea1', 'Fiorenzo8', 'Pietro1', 'Amedeo5', 'Edilio6', 'Sibilla4', 'Marcella3', 'Trevis8', 'Marianita5', 'Nicoletta3', 'Folco3', 'Rosolino0', 'Sebastian4', 'Antonio9', 'Ausonio0', 'Jelena1', 'Erminia8', 'Hector0', 'Noah6', 'Tolomeo0']
['Oretta5', 'Lidia4', 'Cosetta2', 'Pacifico0', 'Pacifico5', 'Giulio2', 'Penelope7', 'Nestore5', 'Ethan3', 'Edipo4', 'Audenico0', 'Joannes5', 'Primo3', 'Marvin0', 'Orfeo7', 'Cassiopea9', 'Zelida4', 'Violante6', 'Samira6', 'Artes8']
['Laura1', 'Filomena4', 'Cleopatra8', 'Liborio4', 'Ercole9', 'Domiziano7', 'Arcibaldo8', 'Tazio7', 'Davide8', 'Karim1', 'Lia2', 'Ilario9', 'Fernando8', 'Ethan9', 'Monia6', 'Nestore6', 'Guido6', 'Samira4', 'Edilio5', 'Damiana9']
['Odone4', 'Odino6', 'Concetta9', 'Bortolo9', 'Fatima9', 'Miriana9', 'Kris3', 'Mariagiulia0', 'Sesto8', 'Lauro5', 'Quasimodo0', 'Costanzo4', 'Soriana6', 'Nico1', 'Antonino6', 'Cassiopea3', 'Amedeo1', 'Umberto6', 'Leonardo7', 'Rufo5']
['Eustachio2', 'Giobbe6', 'Cesidia8', 'Enzo3', 'Priamo0', 'Emidio9', 'Quarto3', 'Fabiano1', 'Thea5', 'Mirko6', 'Joshua3', 'Ercole2', 'Folco0', 'Quirino1', 'Gianmaria7', 'Nabil5', 'Rosalba8', 'Ileana5', 'Primo9', 'Arturo8']
['Karim8', 'Silvano4', 'Elda4', 'Umberto0', 'Damiana2', 'Marieva8', 'Patrizio4', 'Piersilvio3', 'Michael9', 'Mattia6', 'Lisa0', 'Orfeo1', 'Alessio7', 'Eriberto7', 'Fatima0', 'Gioacchino7', 'Maggiore2', 'Doriana2', 'Rodolfo9', 'Marianita1']
['Arduino8', 'Benedetta4', 'Siro8', 'Adriano0', 'Cassiopea8', 'Gianantonio3', 'Amedeo6', 'Romeo4', 'Marcella0', 'Rosalino2', 'Tristano8', 'Walter1', 'Siro2', 'Kayla3', 'Elio3', 'Laerte9', 'Enzo6', 'Laura9', 'Nazzareno0', 'Dylan9']
['Italo5', 'Isabel6', 'Osvaldo5', 'Rosalino0', 'Cleros6', 'Gianantonio5', 'Ariel9', 'Jari2', 'Carlo1', 'Folco8', 'Mecren9', 'Enzo7', 'Radames4', 'Luigi4', 'Elsa0', 'Demis1', 'Laerte5', 'Sue0', 'Ferdinando6', 'Elga8']
['Valdo2', 'Demis2', 'Mattia1', 'Fabio8', 'Deborah2', 'Anastasio3', 'Valdo9', 'Ermes4', 'Maruska3', 'Timoteo5', 'Liborio8', 'Lamberto6', 'Bibiana4', 'Mariagiulia9', 'Alighiero7', 'Piersilvio0', 'Cira8', 'Emanuel1', 'Giancarlo3', 'Tancredi5']
['Sabatino1', 'Loretta1', 'Carmela6', 'Anastasio7', 'Gerlando9', 'Donatella7', 'Armando8', 'Siro3', 'Costantino7', 'Penelope5', 'Olimpia3', 'Joseph7', 'Vania3', 'Secondo0', 'Akira3', 'Cleros7', 'Assia4', 'Gilda2', 'Vinicio8', 'Caligola7']
['Fabiano3', 'Max1', 'Celeste3', 'Lauro3', 'Davide1', 'Mattia9', 'Vera2', 'Siro0', 'Matteo9', 'Mariagiulia4', 'Concetta5', 'Edilio2', 'Nayade9', 'Gianriccardo3', 'Tancredi4', 'Rosalba1', 'Raniero0', 'Fiorenzo1', 'Gianantonio6', 'Ludovico9']
['Ludovico2', 'Sue2', 'Jole3', 'Luce0', 'Mariagiulia3', 'Orfeo9', 'Claudia1', 'Celeste4', 'Sesto2', 'Muzio8', 'Serse1', 'Erminia5', 'Erminia2', 'Fortunata0', 'Santo9', 'Michele7', 'Danthon5', 'Marino8', 'Prisca3', 'Armando0']
['Enrico1', 'Xavier5', 'Mietta2', 'Concetta1', 'Diamante6', 'Odino9', 'Loris4', 'Walter7', 'Orfeo5', 'Bettino1', 'Lazzaro2', 'Fatima2', 'Ursula5', 'Giacobbe7', 'Loretta4', 'Antimo9', 'Nestore4', 'Ercole4', 'Monia8', 'Gaetano4']
