['Licha', 'Jada', 'Leilah', 'Bell', 'Clari', 'Roseann', 'Patti', 'Emelina', 'Lorrin', 'Siusan', 'Dana', 'Patience', 'Melva', 'Jsandye', 'Deny', 'Kellen', 'Lorena', 'Fawne']
['Elinor', 'Lorraine', 'Jenna', 'Arliene', 'Elisabet', 'Caryn', 'Laverne', 'Dianna', 'Faith', 'Carline', 'Rosalinde', 'Marigold', 'Vanessa', 'Midge', 'Emmalynne', 'Donella', 'Kerstin', 'Katha']
['Jeannine', 'Avivah', 'Herminia', 'Shelia', 'Shay', 'Maryl', 'Cammie', 'Koressa', 'Heather', 'Cayla', 'Ula', 'Leora', 'Neila', 'Mehetabel', 'Winifred', 'Lisbeth', 'Nerissa', 'Honey']
['Ondrea', 'Drucill', 'Neilla', 'Giralda', 'Pia', 'Tybi', 'Ardenia', 'Mariejeanne', 'Lettie', 'Sophie', 'Lorinda', 'Dulcea', 'Ashli', 'Penny', 'Ashlen', 'Susana', 'Kathlin', 'Kelcey']
['Zita', 'Megan', 'Saundra', 'Karlotta', 'Lillis', 'Di', 'Ray', 'Marcia', 'Idell', 'Cordie', 'Laraine', 'Costanza', 'Shelli', 'Lavinia', 'Sallyanne', 'Miquela', 'Janey', 'Chrystel']
['Carlye', 'Thalia', 'Reeva', 'Raine', 'Marylou', 'Bibbie', 'Vilma', 'Susi', 'Christina', 'Geri', 'Minnnie', 'Kacey', 'Marice', 'Mina', 'Amitie', 'Toma', 'Karisa', 'Arleyne']
['Bria', 'Jess', 'Tressa', 'Moyra', 'Erinna', 'Marla', 'Sue', 'Willabella', 'Nicoli', 'Isabelle', 'Laurice', 'Aubrette', 'Annie', 'Lona', 'Vin', 'Marjie', 'Leona', 'Romonda']
['Rasla', 'Sara', 'Valentine', 'Magdaia', 'Tatiana', 'Inna', 'Vi', 'Jacquenette', 'Fredelia', 'Kettie', 'Lilla', 'Shani', 'Annalee', 'Una', 'Viva', 'Vonny', 'Paula', 'Sheilah']
['Pandora', 'Devinne', 'Brandise', 'Zoe', 'Lia', 'Randene', 'Pavla', 'AnnaDiane', 'Vickie', 'Sharron', 'Carmelia', 'Daisi', 'Raye', 'Lindsy', 'Gwenette', 'Meris', 'Sheeree', 'Vivia']
['Garland', 'Analise', 'Madonna', 'Libbi', 'AnnaDiana', 'Sheena', 'Kalindi', 'Kinna', 'Barbe', 'Danell', 'Lyn', 'Lanni', 'Genna', 'Dayle', 'Vallie', 'Corey', 'Natka', 'Pippy']
['Anjanette', 'Tersina', 'Riannon', 'Lynnett', 'SheilaKathryn', 'Cate', 'Gayle', 'Genni', 'Wilow', 'Joly', 'Freda', 'Therine', 'Matilda', 'Zorana', 'Cory', 'Camille', 'Pollyanna', 'Camilla']
['Rosina', 'Andree', 'Delila', 'Emmy', 'Lacey', 'Terra', 'Gerrilee', 'Jessika', 'Silva', 'Laverna', 'Joannes', 'Hatty', 'Esmaria', 'Jodi', 'Keri', 'Sibylle', 'Nolana', 'Sayre']
['Mareah', 'Jasmin', 'Jeannette', 'Veronike', 'Charis', 'Tanya', 'Maryjo', 'Frankie', 'Harrie', 'Geralda', 'Renae', 'Sharla', 'Nomi', 'Dulcie', 'Ashely', 'Andriette', 'Tobi', 'Almeda']
['Katleen', 'Brigid', 'Coral', 'Lila', 'Tessy', 'Betteanne', 'Philomena', 'Tova', 'Giselle', 'Paulette', 'Alvina', 'Sephira', 'Kora', 'Jobina', 'Tresa', 'Jessamyn', 'Natalina', 'Gussy']
['Oliy', 'Lois', 'Blake', 'Rebbecca', 'Cristina', 'Brandie', 'Jaime', 'Imogen', 'Nevsa', 'Kristin', 'Natala', 'Brynne', 'Cordy', 'Paulina', 'Wilone', 'Ealasaid', 'Martguerita', 'Dulcia']
['Stepha', 'Rachel', 'Starr', 'Heidie', 'Brynna', 'Jolie', 'Edi', 'Tiffani', 'Darcee', 'Fayina', 'Billy', 'Nadine', 'Eve', 'Henrietta', 'Merrielle', 'Marlyn', 'Siobhan', 'Lauretta']
['Amabel', 'Jeniffer', 'Prudi', 'Bonnee', 'Goldi', 'Shelby', 'Ethelind', 'Eddi', 'Joleen', 'Laureen', 'Hendrika', 'Linette', 'Rozanna', 'Cecelia', 'Cinnamon', 'Courtnay', 'Phillis', 'Ortensia']
['Janette', 'Mariette', 'Evvy', 'Shayne', 'Christabel', 'Gigi', 'Callie', 'Nerta', 'Jane', 'Verina', 'Liz', 'Erma', 'Tilda', 'Flori', 'Johnette', 'Pansie', 'Christin', 'Crystie']
['Ivie', 'Eadie', 'Gerianna', 'Goldina', 'Stefa', 'Gabriell', 'Feliza', 'Lina', 'Shayna', 'Coretta', 'Claudina', 'Kippy', 'Laura', 'Essa', 'Catina', 'Cherry', 'Katalin', 'Ellie']
['Reta', 'Idalina', 'Deeann', 'Valerie', 'Denyse', 'Cynde', 'Lita', 'Misti', 'Wendeline', 'Jeralee', 'Renelle', 'Allsun', 'Corella', 'Eula', 'Yalonda', 'Kiersten', 'Debby', 'Raven']
['Emilee', 'Loria', 'Milena', 'Meggy', 'Edeline', 'Madelin', 'Sheree', 'Uta', 'Kassia', 'Tamarah', 'Tamarra', 'Clemmie', 'Lorna', 'Sofia', 'Trista', 'Barbaraanne', 'Helenka', 'Brenn']
['Jeannie', 'Anya', 'Toni', 'Ginger', 'Jaclyn', 'Elayne', 'Reggi', 'Robena', 'Marley', 'Livia', 'Kaylyn', 'Tammy', 'Corinna', 'Kylen', 'Phil', 'Mable', 'Tanhya', 'Gwendolen']
['Maddalena', 'Debbie', 'Nelia', 'Fayth', 'Suellen', 'Melodie', 'Joycelin', 'Ardine', 'Madelyn', 'Chris', 'Constantina', 'Karol', 'Kial', 'Grazia', 'Erna', 'Bessy', 'Mia', 'Madalena']
['Thomasina', 'Serena', 'Hyacinth', 'Chelsea', 'Evangeline', 'Anthe', 'Biddie', 'Henriette', 'Sherline', 'Kay', 'Jennica', 'Nora', 'Carree', 'Rosene', 'Merline', 'Pierrette', 'Clemmy', 'Myrilla']
['Alyce', 'Kata', 'Bobbie', 'Lori', 'Lisabeth', 'HelenElizabeth', 'Gaynor', 'Kania', 'Phedra', 'Trude', 'Noelyn', 'Constantia', 'Harriett', 'Dolores', 'Shaina', 'Libby', 'Jorey', 'Rosalind']
