['Josef', 'Wendi', 'Jamel', 'Garry', 'Steve', 'Elvia', 'Freda', 'Dixie', 'Sadie', 'Rhoda', 'Melba', 'Viola']
['Terri', 'Paige', 'Della', 'Leila', 'Mikel', 'Shane', 'Elias', 'Mason', 'Odell', 'Avery', 'Erica', 'Mitzi']
['Terry', 'Bruno', 'Adela', 'Joyce', 'Aline', 'Felix', 'Marty', 'Brady', 'Emily', 'Brock', 'Amado', 'Hazel']
['Tyron', 'Mable', 'Moshe', 'Tasha', 'Britt', 'Patti', 'Jonah', 'Louis', 'Issac', 'Leann', 'Aaron', 'Homer']
['Fritz', 'Percy', 'Leroy', 'Alton', 'Dusty', 'Nadia', 'Elvin', 'Emery', 'Nelda', 'Marcy', 'Greta', 'Maude']
['Olive', 'Brian', 'Annie', 'Tanya', 'Clyde', 'Julia', 'Maura', 'Cyrus', 'Gayle', 'Fidel', 'Sonja', 'Tracy']
['Carly', 'Mandy', 'Quinn', 'Alice', 'Dario', 'Willy', 'Jaime', 'Candy', 'Mamie', 'Sandy', 'Nancy', 'Cesar']
['Rhett', 'Ruben', 'Jayne', 'Marla', 'April', 'Dante', 'Betsy', 'Roxie', 'Mitch', 'Kelly', 'Vilma', 'Ollie']
['Sally', 'Ebony', 'Darin', 'Naomi', 'Ahmad', 'Randi', 'Julio', 'Wyatt', 'Jason', 'Leona', 'Elsie', 'Jared']
['Teddy', 'Misty', 'Davis', 'Merle', 'Ellen', 'Becky', 'Jacob', 'Adele', 'Queen', 'Carla', 'Brent', 'Craig']
['Lucio', 'Staci', 'Lacey', 'Berta', 'Billy', 'Roman', 'Basil', 'Erika', 'Perry', 'Pearl', 'Wilma', 'Donna', 'Debra']
['Casey', 'Clark', 'Flora', 'Roger', 'Joann', 'Tessa', 'Donny', 'Audra', 'Amber', 'Tonia', 'Katie', 'Irvin', 'Monty']
['Vicky', 'Hyman', 'Sammy', 'Edwin', 'Sybil', 'Pansy', 'Buddy', 'Peter', 'Ernie', 'Myron', 'Chase', 'Danny', 'Twila']
['Benny', 'Mario', 'Devin', 'Bryce', 'Wendy', 'Robin', 'Daisy', 'Tonya', 'Sonny', 'Deann', 'Kathy', 'Clara', 'Robyn']
['Barry', 'Ervin', 'Major', 'Claud', 'Ilene', 'Bette', 'Josie', 'Shaun', 'Cliff', 'Effie', 'Allan', 'Lorie', 'Malik']
['Wally', 'Marci', 'Wanda', 'Karin', 'Chang', 'Sofia', 'Alvin', 'Trent', 'Eddie', 'Margo', 'David', 'Janet', 'Grant']
['Chong', 'Kevin', 'Bryan', 'Karen', 'Rusty', 'Tammi', 'Daron', 'Maria', 'Lorna', 'Brant', 'Chris', 'Elena', 'Corey']
['Tommy', 'Zelma', 'Ronny', 'Renee', 'Verna', 'Cindy', 'Kirby', 'Rufus', 'Jamar', 'James', 'Nikki', 'Lydia', 'Randy']
['Dwain', 'Lyman', 'Helga', 'Janis', 'Linda', 'Erick', 'Elmer', 'Ariel', 'Sheri', 'Bryon', 'Pedro', 'Timmy', 'Essie']
['Doris', 'Laura', 'Lauri', 'Clint', 'Bobbi', 'Holly', 'Moses', 'Orval', 'Lanny', 'Micah', 'Hilda', 'Kayla', 'Arlen']
