['Easton', 'Alejandro', 'Michael', 'Hayden', 'Nathaniel', 'Henry', 'Jonathan', 'Martin', 'Hudson']
['Eduardo', 'Colton', 'Gunner', 'Edward', 'Colt', 'Daniel', 'Jayden', 'Leo', 'Rylan']
['Diego', 'Carlos', 'Victor', 'Jacob', 'Austin', 'Blake', 'Killian', 'Kenneth', 'Archer']
['Brady', 'Knox', 'River', 'Dominic', 'Damien', 'Emerson', 'Steven', 'Cooper', 'John']
['Maximus', 'Walter', 'Patrick', 'Israel', 'Josiah', 'Camden', 'Amari', 'Parker', 'Aidan']
['Jack', 'Omar', 'Andre', 'Tanner', 'Griffin', 'Declan', 'Eli', 'Ryder', 'Theodore']
['Jeremy', 'Francisco', 'Dallas', 'Jordan', 'Alexander', 'Zander', 'King', 'Christian', 'Avery']
['Elliot', 'Xander', 'Marcus', 'Christopher', 'Elijah', 'Lincoln', 'Wesley', 'Connor', 'Dylan']
['Robert', 'Luca', 'Finn', 'Axel', 'Grant', 'Myles', 'Bennett', 'Luke', 'Gabriel']
['Timothy', 'Dawson', 'Nathan', 'Brandon', 'Holden', 'Samuel', 'Brody', 'Dean', 'Emmett', 'Anthony']
['Colin', 'Clayton', 'Brayden', 'Weston', 'Greyson', 'Jose', 'Kameron', 'Jesse', 'Lukas', 'Reid']
['Leonardo', 'Paul', 'Ayden', 'Lorenzo', 'Tyler', 'Chance', 'Leon', 'Finley', 'Jake', 'Sawyer']
['Logan', 'Joshua', 'Jorge', 'Ezekiel', 'Luis', 'Graham', 'Carter', 'Kaleb', 'Santiago', 'Max']
['Zion', 'Abraham', 'Miles', 'Judah', 'Miguel', 'Kyle', 'Hunter', 'Kyrie', 'Remington', 'August']
['am', 'Enzo', 'Simon', 'Mark', 'Beckham', 'Tucker', 'Braxton', 'Cody', 'Beau', 'Caden']
['Kayden', 'Waylon', 'Brooks', 'Matias', 'Arthur', 'Amir', 'Landon', 'Sean', 'Xavier', 'Tristan']
['Ace', 'Ryker', 'Angel', 'Brantley', 'Ryan', 'Rowan', 'Aiden', 'Joel', 'Bryson', 'Asher']
['Corbin', 'Julian', 'Bradley', 'Oliver', 'Jaxon', 'Phoenix', 'Evan', 'Peter', 'Antonio', 'Oscar']
['Noah', 'Mason', 'Nicolas', 'Jaxson', 'Rhett', 'Wyatt', 'Karson', 'Cameron', 'Jax', 'Elliott']
['Nicholas', 'Levi', 'Kevin', 'Mateo', 'Giovanni', 'Abel', 'Louis', 'Jace', 'Roman', 'Chase']
['Maxwell', 'Andrew', 'Kaiden', 'Isaiah', 'Emiliano', 'Caleb', 'Cole', 'Charlie', 'Alex', 'Preston']
['Nolan', 'Ezra', 'Lucas', 'Bryan', 'Sebastian', 'Felix', 'Brian', 'Andres', 'Jude', 'Jeremiah']
['Isaac', 'Kingston', 'Ivan', 'Jaden', 'Ian', 'Harrison', 'Matteo', 'Jason', 'Kai', 'Erick']
['William', 'James', 'Ashton', 'Micah', 'Gael', 'Maverick', 'David', 'Thiago', 'Rafael', 'Zayden']
['Milo', 'Zachary', 'Maddox', 'Barrett', 'Paxton', 'Calvin', 'Kaden', 'George', 'Legend', 'Gavin']
['Grayson', 'Emilio', 'Javier', 'Adam', 'Matthew', 'Cayden', 'Tobias', 'Jackson', 'Jasper', 'Nash']
['Theo', 'Zane', 'Aaron', 'Richard', 'Jesus', 'Derek', 'Manuel', 'Silas', 'Adriel', 'Iker']
['Beckett', 'Bryce', 'Everett', 'Juan', 'Vincent', 'Karter', 'Ethan', 'Carson', 'Adrian', 'Riley']
['Benjamin', 'Elias', 'Eric', 'Josue', 'Joseph', 'Damian', 'Emmanuel', 'Jonah', 'Owen', 'Cash']
['Jameson', 'Bentley', 'Messiah', 'Jayce', 'Stephen', 'Thomas', 'Charles', 'Malachi', 'Justin', 'Alan']
