['Artie', 'Sagan', 'Dragon', 'Leilah', 'Yaire', 'Alison', 'Margie', 'Natsumi', 'Mikaelah', 'Keion']
['Avielle', 'Rohil', 'Oluwatobi', 'Lynia', 'Kaleo', 'Alyiana', 'Jalyiah', 'Guy', 'Leni', 'Antonin']
['Hannelore', 'Ahnaya', 'Jezzelle', 'Marik', 'Raeleigh', 'Mikelle', 'Shy', 'Kirrah', 'Larry', 'Griffon']
['Navia', 'Shanell', 'Jerel', 'Donnovan', 'Kaymarie', 'Marwan', 'Benito', 'Anouk', 'Renyah', 'Aryeh']
['Samauri', 'Taigen', 'Terriona', 'Zyeir', 'Jesalyn', 'Adysen', 'Jamiyla', 'Trinitey', 'Tacori', 'Ebany']
['Alayasia', 'Ricky', 'Mykaylah', 'Dessie', 'Michai', 'Jophy', 'Jaeline', 'Shanaiya', 'Eliziah', 'Sinia']
['Zaahir', 'Emmely', 'Ancel', 'Dusan', 'Sayd', 'Marifer', 'Byron', 'Gyzelle', 'Iris', 'Abhinav']
['Carena', 'Khloee', 'Mylani', 'Zinia', 'Yavian', 'Yarithza', 'Hashem', 'Jazir', 'Kapena', 'Analiah']
['Dainen', 'Jamaine', 'Deliany', 'Jirah', 'Adeleine', 'Alieyah', 'Jemiah', 'Kameryn', 'Lealand', 'Kemily']
['Adanna', 'Caliegh', 'Keyin', 'Timia', 'Kyo', 'Hugo', 'Katarina', 'Julia', 'Montana', 'Coi']
['Mylie', 'Atika', 'Adriene', 'Natasia', 'Zackrey', 'Kaymi', 'Shalonda', 'Sharlene', 'Ally', 'Asa']
['Saheim', 'Jasahn', 'Jasiya', 'Dairon', 'Crystina', 'Delisha', 'Alainna', 'Satomi', 'Venezia', 'Oviya']
['Takia', 'Tahir', 'Markise', 'Dorcas', 'Haya', 'Dea', 'Marck', 'Detravion', 'Abdulraheem', 'Kvaughn']
['Ingrid', 'Yonason', 'Quintavious', 'Tayyab', 'Dyami', 'Handsome', 'Anadalay', 'Hesham', 'Hayven', 'Cyris']
['Cliff', 'Isaak', 'Kyston', 'Zoiee', 'Mckaylin', 'Salmaan', 'Bailynn', 'Emmanuela', 'Aayana', 'Kariana']
['Guadalupe', 'Masud', 'Ganon', 'Thadius', 'Jahlen', 'Jdan', 'Jamear', 'Denize', 'Keili', 'Arsalan']
['Khamil', 'Kalum', 'Kamora', 'Eddieberto', 'Ilyn', 'Katalina', 'Niemah', 'Donnelle', 'Kay', 'Noha']
['Nishta', 'Mikyla', 'Tashvi', 'Brenya', 'Jema', 'Quentyn', 'Jos', 'Emilie', 'Inaki', 'Shannel', 'Anwesha']
['Camill', 'Elisah', 'Sincere', 'Aleiyah', 'Joed', 'Antrone', 'Thien', 'Dhalia', 'Gauge', 'Osmin', 'Casondra']
['Seiry', 'Mumin', 'Alyze', 'Keni', 'Juliano', 'Quintasia', 'Ryleeann', 'Abriyana', 'Charlett', 'Reynaldo', 'Kaushik']
['Dereck', 'Charlize', 'Shakila', 'Dhyan', 'Yarisbel', 'Davidjr', 'Treyonna', 'Mykenna', 'Tajuan', 'Farha', 'Trystian']
['Aylana', 'Anela', 'Jakelin', 'Andriy', 'Jaleesa', 'Nethra', 'Dominika', 'Michaell', 'Kinzie', 'Ailene', 'Jaleena']
['Jayme', 'Marcellius', 'Doyle', 'Colie', 'Devaun', 'Elysha', 'Bow', 'Jameisha', 'Mylez', 'Tralaya', 'Rayne']
['Rosalio', 'Halo', 'Jebediah', 'Braeley', 'Jovey', 'Gunther', 'Jeremias', 'Siena', 'Danyca', 'Anastacio', 'Srinath']
['Kobe', 'Aarohi', 'Sevren', 'Mezmariah', 'Jatziry', 'Bristol', 'Yajahira', 'Zuzanna', 'Vivica', 'Lilyonna', 'Nitzia']
['Nancy', 'Veena', 'Kenniyah', 'Elway', 'Jaquan', 'Keemya', 'Salif', 'Kaira', 'Zamyah', 'Soniah', 'Cisco']
['Aizik', 'Makyra', 'Sashya', 'Tobechi', 'Eleah', 'Fox', 'Shelbee', 'Jekeria', 'Endi', 'Helaman', 'Gwendolynn']
['Johnavan', 'Jamonte', 'Shardae', 'Ettel', 'Aibhilin', 'Tam', 'Deriyon', 'Ayahna', 'Sheniyah', 'Citlally', 'Ron']
['Sussy', 'Jandre', 'Sydelle', 'Jarrell', 'Rey', 'Brinleigh', 'Britnee', 'Jomary', 'Lakiyah', 'Akasha', 'Aanyah']
['Emree', 'Lauralynn', 'Milene', 'Rielly', 'Litsy', 'Deedra', 'Loni', 'Marrius', 'Tyannah', 'Ameerah', 'Nakaya']
['Tafari', 'Asha', 'Shahid', 'Zayquan', 'Merissa', 'Leighann', 'Jamaad', 'Marcellino', 'Janesha', 'Mailen', 'Armita']
['Zykerria', 'Carsten', 'Ori', 'Coraline', 'Zolin', 'Azeriah', 'Monserath', 'Stefanny', 'Spartan', 'Abdoulaziz', 'Khila']
['Meryl', 'Larrissa', 'Vyncent', 'Farah', 'Kairy', 'Thaddius', 'Casandra', 'Ramses', 'Kirubel', 'Dashun', 'Shamiyah']
['Abaan', 'Adaley', 'Chanze', 'Abdulrehman', 'Gertrude', 'Jaquis', 'Laticia', 'Coulson', 'Soriya', 'Fe', 'Jax']
['Basha', 'Lazaria', 'Chyna', 'Tobias', 'Merary', 'Gor', 'Evangelyne', 'Hakop', 'Kaeleen', 'Selena', 'Mariaelena']
['Kitty', 'Giankarlo', 'Artyom', 'Adaisha', 'Feven', 'Jersi', 'Khalee', 'Kensleigh', 'Janine', 'Giannie', 'Mircale']
['Aley', 'Vedika', 'Marnae', 'Jabes', 'Merlina', 'Liat', 'Kenzington', 'Jeru', 'Jaimarie', 'Jailon', 'Sameeha']
['Bailei', 'Yu', 'Liann', 'Treyson', 'Noami', 'Xaviel', 'Nidhi', 'Apollonia', 'Vanesa', 'Kenzlie', 'Kimball']
['Jesus', 'Shiala', 'Tralyn', 'Amr', 'Prakruti', 'Keyvin', 'Vinnie', 'Kellon', 'Sevastian', 'Serra', 'Delara']
['Demetreus', 'Fabrizzio', 'Rexford', 'Lamariah', 'Jahred', 'Antwane', 'Taegan', 'Serenety', 'Jacob', 'Nakari', 'Rock']
['Jarem', 'Lizmari', 'Derionna', 'Dell', 'Lailani', 'Anagha', 'Azzareya', 'Jaydah', 'Estephanie', 'Maude', 'Nalaya']
['Brydan', 'Nakeya', 'Gracia', 'Sihaam', 'Aman', 'Tasi', 'Chidi', 'Kenzo', 'Shamaiya', 'Alaija', 'Orren']
['Evia', 'Daxx', 'Nayara', 'Lukis', 'Stafford', 'Sabastion', 'Eeliyah', 'Deidre', 'Blaine', 'Trenise', 'Azavier']
['Kaeley', 'Jaaziah', 'Olive', 'Lilienne', 'Bright', 'Lada', 'Amonti', 'Suri', 'Cicily', 'Jerriah', 'Hallei']
['Marialy', 'Ellarie', 'Cylah', 'Sanae', 'Tayseer', 'Zahriyah', 'Jalilah', 'Daxen', 'Nohely', 'Mikea', 'Cordai']
['Seleen', 'Amor', 'Avigail', 'Leib', 'Kayliann', 'Carine', 'Raphael', 'Ishmel', 'Cynae', 'Dajana', 'Aysenur']
['Desteni', 'Taye', 'Miley', 'Tanyla', 'Fidel', 'Amritha', 'Harlem', 'Raymir', 'Matt', 'Shamyia', 'Malaja']
