['AQS', 'AQT', 'ASC', 'AEB', 'ACV', 'AKN', 'AKU', 'AQB', 'AKC', 'ABA', 'ABC', 'ACK']
['ATG', 'AKF', 'AOF', 'ATQ', 'AFP', 'AGX', 'ATS', 'AQA', 'APG', 'ANY', 'ADT', 'ALM']
['ACP', 'APN', 'ABN', 'AAH', 'AEE', 'AGQ', 'AHX', 'ANJ', 'ADF', 'AJT', 'AQE', 'ALJ']
['AJE', 'ABP', 'AGS', 'APS', 'ASI', 'AOQ', 'APY', 'ASN', 'AMF', 'ATX', 'ADJ', 'AIP']
['AHT', 'AAG', 'ANC', 'ASG', 'AFM', 'ANF', 'ABS', 'AHC', 'AHG', 'APC', 'AEW', 'APF']
['AOE', 'AFG', 'AOH', 'AFJ', 'ALW', 'AGV', 'AKR', 'AFT', 'ABY', 'AHB', 'ARI', 'AMJ']
['AGK', 'ADY', 'AAE', 'AFI', 'AMC', 'AJQ', 'AKY', 'ASQ', 'ALB', 'ASY', 'ALH', 'ADU']
['ABH', 'ADW', 'AKK', 'AJH', 'ASH', 'AFY', 'AJU', 'AGB', 'ANT', 'AEX', 'ART', 'ARU']
['ABJ', 'AQU', 'ASF', 'AFL', 'AGU', 'AON', 'ATR', 'AST', 'ADP', 'AMQ', 'AHO', 'ABG']
['ADX', 'ACR', 'APM', 'ACU', 'AOI', 'AJL', 'AJN', 'ADG', 'AFW', 'ATC', 'AFB', 'AQP']
['AAA', 'AHU', 'ATL', 'AAI', 'AOL', 'ACY', 'AJJ', 'ANH', 'AII', 'AIL', 'ALA', 'ATB']
['AKG', 'ALR', 'AIB', 'ARE', 'ATW', 'ACB', 'AHH', 'AOY', 'AIR', 'ANV', 'AIU', 'APH']
['AMU', 'ALO', 'ARO', 'AHV', 'AJI', 'AIF', 'ABW', 'AHD', 'AOU', 'AIO', 'ALE', 'ARS']
['ALP', 'ATM', 'ATO', 'AEG', 'AKS', 'AOP', 'AAO', 'AIJ', 'AOX', 'ADM', 'ANX', 'AIX']
['AMX', 'AOG', 'ATE', 'AAM', 'ARD', 'AJO', 'AKW', 'AAX', 'AQL', 'AQM', 'ACM', 'AOB']
['AHS', 'AJF', 'AFK', 'APR', 'AIE', 'AAQ', 'ATV', 'ACA', 'AAT', 'AMG', 'AMH', 'AES']
['AIY', 'ATJ', 'ANB', 'ALX', 'AAL', 'AAN', 'AJP', 'AEP', 'ASR', 'AHJ', 'AEY', 'ABE']
['AAB', 'AKI', 'AKJ', 'AGO', 'AFH', 'AJD', 'AQW', 'ASA', 'ATH', 'AKX', 'ABB', 'AIW']
['AMS', 'AOA', 'ARV', 'AAK', 'AJM', 'AOR', 'ARK', 'AIM', 'AAV', 'AHL', 'ANW', 'AGI']
['AOD', 'ALU', 'APQ', 'AQY', 'ANG', 'APV', 'AFR', 'AAP', 'ASO', 'AOV', 'AMP', 'ATD']
['AJC', 'AKO', 'ASX', 'ABX', 'AAR', 'AJR', 'ANO', 'ACD', 'AAW', 'ACF', 'ARQ', 'AGF', 'AQN']
['AHR', 'AQR', 'AAD', 'ACS', 'AKQ', 'APT', 'AEI', 'AEQ', 'AIN', 'ACG', 'AHM', 'ABD', 'AFA']
['ALN', 'ABI', 'AQH', 'ALQ', 'ALS', 'ARP', 'AJG', 'AFN', 'ADH', 'AHI', 'AGC', 'AGH', 'APA']
['AGL', 'AHK', 'AKP', 'AGW', 'AEJ', 'AKT', 'AME', 'AHE', 'ARN', 'ADN', 'AEV', 'AKB', 'AGG']
['APK', 'AJB', 'AQI', 'ABU', 'APE', 'ADK', 'ACE', 'ALD', 'AMK', 'ADO', 'ACJ', 'AMR', 'ABF']
['AFE', 'ABL', 'AGP', 'ANA', 'AQV', 'ALI', 'AJS', 'AQF', 'AJV', 'AJW', 'ASU', 'AIT', 'ADS']
['APJ', 'ARY', 'AGM', 'AMW', 'AKM', 'AEF', 'ABR', 'ASJ', 'ANL', 'AIK', 'ANS', 'ASW', 'ARR']
['AHY', 'AQX', 'AGT', 'ARW', 'AEH', 'AOS', 'AAS', 'AGA', 'AML', 'AQJ', 'APD', 'AHP', 'ACN']
['AMV', 'AFF', 'ATI', 'AIA', 'ACX', 'ABQ', 'AFO', 'ARF', 'AFS', 'ASM', 'ANU', 'AKE', 'AGJ']
['ACO', 'AJA', 'AAF', 'APO', 'APU', 'ARC', 'AFQ', 'AIH', 'AFU', 'AAU', 'AJY', 'AKA', 'ALK']
['ADV', 'AQQ', 'ABK', 'AEA', 'APP', 'ABO', 'AGR', 'ALV', 'ARA', 'ANQ', 'ANR', 'AGD', 'AMO']
['AOC', 'APL', 'AMY', 'AEC', 'ACW', 'AOK', 'ATN', 'ALY', 'AMD', 'AQC', 'AFX', 'ADL', 'AIS']
['AHQ', 'ACT', 'AHW', 'AMT', 'ATP', 'ABV', 'AQD', 'ANP', 'AJX', 'AQK', 'ADQ', 'AHN', 'AFC']
['AKH', 'AED', 'AIC', 'AOO', 'ADC', 'AIG', 'ASK', 'AEN', 'AFV', 'AHF', 'ASV', 'AMM', 'ACL']
['ASE', 'AOM', 'AEK', 'ADD', 'ARH', 'ADI', 'ARL', 'ARM', 'AQG', 'ATY', 'ACH', 'AKD', 'ALL']
['ARX', 'ABM', 'AOJ', 'ARB', 'AID', 'AKV', 'ATU', 'AOT', 'AEO', 'ARJ', 'AOW', 'ASP', 'AIV']
['AFD', 'AAC', 'ALT', 'AJK', 'ABT', 'AEU', 'ADE', 'ANN', 'ALC', 'AAY', 'ACI', 'ATA', 'ADR']
['ACQ', 'ASB', 'ASD', 'ANE', 'ADA', 'AMA', 'AGY', 'APX', 'AEM', 'ATT', 'ACC', 'APB', 'AMN']
['ATF', 'AGN', 'AKL', 'AAJ', 'ADB', 'AEL', 'AHA', 'ANK', 'ASS', 'AIQ', 'ALG', 'AGE', 'AQO']
['ATK', 'AND', 'AMB', 'ANI', 'APW', 'ARG', 'ANM', 'ASL', 'AMI', 'AER', 'AET', 'ALF', 'API']
