['Sherri', 'Nicole', 'Pauline', 'Theresa']
['Arturo', 'Ronald', 'Corey', 'Patricia']
['Ashley', 'Richard', 'Curtis', 'Rachel']
['Martha', 'Randolph', 'Thomas', 'Evelyn']
['Pamella', 'Kerri', 'Maryann', 'Ricky']
['Lori', 'Helen', 'Andres', 'Martin']
['Monica', 'Matthew', 'Troy', 'Sally']
['Juan', 'Brenda', 'Sheryl', 'Thelma']
['Kim', 'Robert', 'Wesley', 'Latisha']
['Gertrude', 'Raymond', 'Ann', 'Will']
['Polly', 'Reuben', 'Kisha', 'Michele']
['Anna', 'Raeann', 'Beverly', 'Patrick']
['Molly', 'Roberto', 'Cecilia', 'Danny']
['Cathy', 'Lahoma', 'Miguel', 'Marcelino']
['Clarence', 'Jose', 'Leona', 'Jesus']
['Virginia', 'Bethany', 'Christian', 'Jacque']
['Glen', 'Betty', 'Larry', 'Jessica']
['Bradley', 'Winnifred', 'Lessie', 'Darlene']
['Kathryn', 'Cornelius', 'Adele', 'Susan']
['Ryan', 'Theodore', 'Stacie', 'Bertha']
['Mary', 'Inez', 'Irving', 'Samuel']
['Juanita', 'Emily', 'Paula', 'Leigh']
['Nelson', 'Reinaldo', 'Carmen', 'Gladys']
['Jodi', 'Judy', 'Everett', 'Linda']
['Eugenia', 'Laura', 'Alice', 'Stanley']
['Brandon', 'Kathleen', 'Grant', 'Charlotte']
['Angela', 'Viola', 'Melissa', 'Clyde']
['William', 'Raphael', 'Katherine', 'Rhonda']
['Erik', 'Warren', 'Bobby', 'Frederick']
['Walter', 'Carole', 'Scot', 'Gail']
['Lucie', 'Carmelita', 'Marilyn', 'Joe']
['Selina', 'Blair', 'Janet', 'Diana']
['Daniel', 'Marjorie', 'Derek', 'Quintin']
['Olivia', 'Ana', 'Judith', 'Kenneth']
['Catherine', 'Rosalyn', 'Margert', 'Donna']
['Hugh', 'Matt', 'Esther', 'Imogene']
['Annalee', 'Crystal', 'Rosalee', 'Constance']
['Irene', 'Mack', 'Eura', 'Morgan']
['Kevin', 'Ruth', 'Therese', 'Del']
['Dorothy', 'Jesse', 'Maureen', 'Myriam']
['Ellen', 'Louis', 'Reggie', 'Ollie']
['Caridad', 'Pete', 'Joseph', 'Edward']
['Nina', 'Mildred', 'Shirley', 'Robyn']
['Carlos', 'Stacy', 'Ernestine', 'Andrew']
['Lulu', 'Marie', 'Douglas', 'Kimberly']
['Fredrick', 'Willie', 'Georgette', 'Frank']
['Toni', 'Marlin', 'Domingo', 'Berta']
['Gilda', 'Kylie', 'Booker', 'Marco']
['Dawna', 'David', 'Eva', 'Connie']
['Sylvester', 'Joshua', 'Dorothea', 'Steve']
['Kirk', 'April', 'Phyllis', 'Rick']
['Fredda', 'Kristin', 'Karen', 'Annette']
['Jorge', 'Antonio', 'Philip', 'Joanne']
['Mark', 'Wendy', 'Calvin', 'Gwen']
['Edwin', 'Alex', 'Timothy', 'Lena']
['Tim', 'Rolf', 'Myron', 'Laurence']
['Jeffery', 'Tara', 'Miles', 'Cassie']
['Cory', 'Victor', 'Dean', 'Kellie']
['Alfred', 'Rosa', 'Tracy', 'Janene']
['Hedwig', 'Elsie', 'Lloyd', 'Marion']
['Kerrie', 'Wayne', 'Jennifer', 'Kristine']
['Mike', 'Wilson', 'Jeremy', 'Lilian']
['Jo', 'Ernest', 'Eric', 'Laurie']
['Harold', 'Jayme', 'Rosie', 'Harvey']
['Cassandra', 'Michael', 'Teresa', 'Bonnie']
['Leanne', 'Robin', 'Lane', 'Danielle']
['Natalie', 'Burl', 'Marlene', 'Stephany']
['Lawrence', 'Clarissa', 'Selma', 'Kaitlyn']
['Marquerite', 'Mable', 'Debra', 'Charles']
['Chris', 'Bessie', 'Gregory', 'Ingeborg']
['Jeanine', 'Elia', 'Steven', 'Gordon']
['Don', 'Lynne', 'Wallace', 'James']
['Peggy', 'Cindy', 'Alvin', 'Wilma']
['Derrick', 'Heather', 'Audrey', 'Keri']
['Willis', 'Dawn', 'Roger', 'Mario']
['Bruce', 'Stephen', 'Joni', 'Morris']
['Belinda', 'Pamela', 'Justin', 'Dana']
['Raul', 'Cecile', 'Brian', 'Fernando']
['Roberta', 'Tommy', 'Ida', 'Maria']
['Tony', 'Loraine', 'Rafael', 'Tanya']
['Margaret', 'Emery', 'Alison', 'Deborah']
['Carl', 'Adam', 'Suzie', 'Jonathan']
['Ray', 'Kelly', 'Sam', 'Karren']
['Clayton', 'Priscilla', 'Glennie', 'Nola']
['Andrea', 'Sofia', 'Mireya', 'Ruby']
['Pat', 'Amos', 'Alicia', 'Gary']
['Paul', 'Gerardo', 'Susanna', 'Christina']
['Gerald', 'Lyle', 'Michelle', 'John']
['George', 'Reginald', 'Ivonne', 'Mae']
['Stephanie', 'Rebecca', 'Winifred', 'Fred']
['Norman', 'Jean', 'Jason', 'Lonnie']
['Freda', 'Eugene', 'Herbert', 'Cesar']
['Phillip', 'Roosevelt', 'Elizabeth', 'Marcella']
['Beth', 'Andre', 'Ralph', 'Lydia']
['Terry', 'Tamika', 'Wanda', 'Tuan']
['Ward', 'Carol', 'Lana', 'Glenna']
['Barbara', 'Cheryl', 'Christopher', 'Deanna']
['Peter', 'Amy', 'Sylvia', 'Melanie']
['Lucy', 'Bernard', 'Dennis', 'Gloria']
['Geraldine', 'Moses', 'Nancy', 'Travis']
['Jeff', 'Margarito', 'Jimmy', 'Guy']
['Sarita', 'Veronica', 'Donald', 'Garrett']
['Albert', 'Jacob', 'Lillian', 'Doris']
['Ouida', 'Eleanor', 'Craig', 'Mabel']
['Angelica', 'Darrell', 'Josephine', 'Ronda']
['Lisha', 'Ursula', 'Marian', 'Shannon']
['Jeffrey', 'Francisco', 'Joann', 'Vella']
['Anthony', 'Lorraine', 'Dale', 'Sharon']
['Christine', 'Pablo', 'Jane', 'Krysten']
['Ellis', 'Beulah', 'Lucille', 'Alexander', 'Leticia']
['Lewis', 'Roy', 'Seth', 'Emmie', 'Norma']
