['Jan', 'Lucas', 'Heide', 'Hortense', 'Hershel', 'Tameika', 'Lashay', 'Fanny', 'Sheldon', 'Camelia', 'Chester']
['Beverley', 'Clarissa', 'Altagracia', 'Edmond', 'Imogene', 'Pearlie', 'Jay', 'Sharan', 'Nathalie', 'Nadia', 'Oswaldo']
['Carson', 'Yevette', 'Annabel', 'Kristopher', 'Porter', 'Lizabeth', 'Sharilyn', 'Florencio', 'Lucia', 'Elfrieda', 'Dagmar']
['Byron', 'Jeremy', 'Ryann', 'Eufemia', 'Marcie', 'Merrill', 'Hui', 'Naomi', 'Alfred', 'Latoya', 'Leontine']
['Toya', 'Elena', 'Enola', 'Cleotilde', 'Russell', 'Kareem', 'Florinda', 'Audie', 'Stanley', 'Jesus', 'Marion']
['Sharell', 'Oneida', 'Mariah', 'Isabel', 'Loria', 'Harvey', 'Terry', 'Frederic', 'Kirstin', 'Lyndon', 'Taneka']
['Tressa', 'Angeline', 'Clinton', 'Dusti', 'Danita', 'Jennie', 'Tai', 'Renea', 'Vernon', 'Antonette', 'Mariano']
['Sharlene', 'An', 'Kay', 'Tamala', 'Houston', 'Dion', 'Spencer', 'Almeta', 'Trey', 'Antonina', 'Lisa']
['Deana', 'Lana', 'Kyung', 'Allena', 'Oma', 'Elliott', 'Elvie', 'Angella', 'Clyde', 'Hyun', 'Shaun']
['Joanne', 'Elvia', 'Alethia', 'Marcos', 'Anabel', 'Randall', 'Rita', 'Susan', 'Nohemi', 'Easter', 'Vada']
['Bonnie', 'Rima', 'Dorthea', 'Leonida', 'Herlinda', 'Leonard', 'Stanford', 'Jeanette', 'Milissa', 'Pa', 'Juliet']
['Tarah', 'Refugio', 'Whitney', 'Irena', 'Adah', 'Delmar', 'Vernia', 'Rodrigo', 'Flavia', 'Glenna', 'Chas']
['Marvin', 'Debora', 'Oscar', 'Miranda', 'Treena', 'Marlo', 'Jeffrey', 'Alane', 'Joelle', 'Leila', 'Glenda']
['Claudie', 'Charmaine', 'Jina', 'Trena', 'Orval', 'Meagan', 'Alex', 'Eloisa', 'Annamarie', 'Aretha', 'Kim']
['Darnell', 'Princess', 'Son', 'Laticia', 'Alton', 'Winford', 'Doyle', 'Caitlyn', 'Lasonya', 'Shonda', 'Destiny']
['Olevia', 'Latia', 'Shelton', 'Aaron', 'Dewitt', 'Roxane', 'Kylie', 'Claretha', 'Laraine', 'Amada', 'Randa']
['Darwin', 'Eugene', 'Retta', 'Irma', 'Rachael', 'Kitty', 'Chun', 'Kasey', 'Naida', 'Marquis', 'Tamisha']
['Pinkie', 'Tiffani', 'Arcelia', 'Kimbra', 'Ocie', 'Garland', 'Stephani', 'Carolee', 'Marvis', 'Rolando', 'Raul']
['Zena', 'Emmanuel', 'Valorie', 'Joan', 'Elicia', 'Robert', 'Alicia', 'Dewayne', 'Charisse', 'Alvera', 'Raleigh']
['Ema', 'Hiroko', 'Loura', 'Lyn', 'Freddie', 'Percy', 'Sharla', 'Alexandra', 'June', 'Vincenzo', 'Dora', 'In']
['Eve', 'Earnest', 'Ron', 'Cassie', 'Artie', 'Chance', 'Joye', 'Jama', 'Tanisha', 'Neida', 'Cristi', 'Murray']
['Helene', 'Lamonica', 'Osvaldo', 'Elenora', 'Loren', 'Louise', 'Darrel', 'Janetta', 'Clarinda', 'Nickolas', 'Clarice', 'Selma']
['Sherwood', 'Junior', 'Jae', 'Christiane', 'Esperanza', 'Deirdre', 'Tammi', 'Tyisha', 'Brendon', 'Ambrose', 'Shavon', 'Danial']
['Ok', 'Carmon', 'Tina', 'Xuan', 'Inga', 'Bertha', 'Jami', 'German', 'Michaela', 'Hassan', 'Nieves', 'Verona']
['Zoraida', 'Kendall', 'Felix', 'Cortney', 'Leilani', 'Alvin', 'Lauren', 'Marilynn', 'Logan', 'Clara', 'Chang', 'Hayden']
['Clifton', 'Xavier', 'Gerardo', 'Riley', 'Gerard', 'Lola', 'Griselda', 'Kelly', 'Kris', 'Jacque', 'Johnny', 'Renetta']
['Marquitta', 'Madison', 'Dong', 'Lezlie', 'Rosalee', 'Vivien', 'Theo', 'Rosalba', 'Grant', 'Travis', 'Ella', 'Wes']
['Kristi', 'Marci', 'Clarence', 'Martin', 'Garret', 'Louella', 'Jade', 'Lorelei', 'Savanna', 'Lilly', 'Lue', 'Susannah']
['Chan', 'Mariette', 'Dorene', 'Saul', 'Horace', 'Reita', 'Gisela', 'Phylis', 'Margart', 'Odell', 'Antoinette', 'Eustolia']
['Nicole', 'Hilario', 'Kurtis', 'Piedad', 'Rachel', 'Alexa', 'Millicent', 'Honey', 'Jefferey', 'Tracie', 'Marcella', 'Hillary']
