['217', '247']
['73', '174', '193']
['49', '199', '221', '222']
['67', '244', '245', '248']
['178', '189', '190', '191']
['42', '97', '121', '220']
['168', '173', '204', '205']
['21', '51', '54', '65', '66']
['47', '92', '146', '195', '246']
['60', '61', '62', '63', '169']
['52', '56', '57', '58', '59']
['70', '185', '186', '187', '188']
['69', '125', '171', '196', '218']
['150', '170', '182', '183', '184']
['176', '177', '179', '180', '181']
['6', '7', '8', '9', '10']
['11', '12', '13', '68', '219']
['0', '119', '122', '149', '172']
['14', '16', '43', '50', '99']
['226', '227', '231', '232', '233']
['93', '120', '228', '229', '230']
['94', '223', '239', '240', '241']
['129', '130', '139', '140', '141']
['201', '202', '206', '207', '208']
['148', '203', '214', '215', '216']
['143', '147', '197', '198', '224']
['18', '19', '48', '71', '194']
['79', '80', '89', '90', '91']
['17', '46', '118', '144', '167']
['20', '72', '117', '145', '242']
['151', '154', '155', '157', '249']
['152', '156', '158', '159', '175']
['44', '160', '161', '162', '163']
['22', '23', '24', '25', '45']
['74', '75', '123', '142', '192']
['28', '29', '39', '40', '41']
['32', '35', '36', '38', '105']
['95', '110', '111', '112', '113']
['103', '104', '114', '115', '116']
['100', '102', '106', '108', '109']
['1', '2', '3', '4', '5', '15']
['127', '132', '133', '134', '135', '225']
['98', '234', '235', '236', '237', '238']
['126', '128', '131', '136', '137', '138']
['124', '209', '210', '211', '212', '213']
['76', '77', '78', '81', '82', '83']
['84', '85', '86', '87', '88', '96']
['37', '153', '164', '165', '166', '243']
['26', '27', '30', '31', '33', '34']
['53', '55', '64', '101', '107', '200']
