['BNYBV', 'FEUEQ', 'QSVBC', 'AICHQ', 'MTCGB']
['IBUGB', 'IXMQO', 'QSYML', 'KRWXO', 'JQBSO']
['UJESQ', 'UGKUC', 'YFRIJ', 'EHHWX', 'MXMMA']
['WSVIR', 'XXFSV', 'WUCQA', 'IAMKK', 'IVZGD']
['NUSHB', 'UZKCN', 'GAEKQ', 'CVNCZ', 'KEMJT']
['QQUYY', 'INTFC', 'KHNJL', 'BWWYB', 'NWAHL']
['OXRUQ', 'EAEIR', 'YWPLR', 'WOIJX', 'TEFPC']
['TLZCG', 'SPHAJ', 'ZQDIP', 'ZYPEK', 'TVCFA']
['EADHZ', 'VGUGP', 'BGOJW', 'VPSEI', 'EBLCO']
['MEKWP', 'PECLI', 'YQSUZ', 'TFGVT', 'IGUWL']
['TFWCC', 'KUMCW', 'NKCOJ', 'QBZQQ', 'NSDMC']
['BBVXC', 'XUYPR', 'DVLFX', 'FZQXE', 'KPECP']
['KXUES', 'QGRPC', 'QGGOH', 'UGVLA', 'QECFT']
['FXFUX', 'PTRTD', 'OAGEZ', 'BNJLP', 'UHYVL']
['WPGRW', 'OTQON', 'ERQBP', 'KQUJH', 'HKVZW']
['SKBJW', 'CPJBS', 'ZEPYJ', 'DBIOJ', 'VWJWK']
['BBKUO', 'CIUZU', 'VTOZN', 'ZRVWH', 'YNIQG']
['GLIPE', 'GEQFC', 'LVBGW', 'WLCAR', 'LIQGP']
['DLKKW', 'SIGOM', 'VVCGQ', 'SGXHX', 'YQPNL']
['ZJQQO', 'DVRRV', 'PQAHJ', 'KGIPC', 'SJJMM']
['GCQTP', 'SVMGK', 'QCRLR', 'QGXZJ', 'NCDJQ']
['XIDUV', 'YORBA', 'WWYEF', 'HNKDE', 'MIKDS']
['NVSYK', 'OKPQW', 'ABYHN', 'SFQST', 'CIILB']
['APXMD', 'QVNNO', 'IKHTD', 'MYAVD', 'TKJBK']
['CPTCX', 'RUYNY', 'PSVNQ', 'DFVZW', 'VATRQ']
['RCZHM', 'MQDQQ', 'QYLAH', 'LBKGE', 'TBPZM']
['EOCJX', 'EAITX', 'EYFRR', 'XEEVL', 'VIPLF']
['CKHRK', 'FVYLB', 'HCVBR', 'JAFZN', 'SRUUN']
['SROSJ', 'TAHXC', 'IZZTZ', 'ZNMAJ', 'KSCIB']
['PVVAV', 'THQAC', 'TNZEA', 'CCNPM', 'CIOFH']
['XBTFE', 'SMSHQ', 'XUHAP', 'HTJHJ', 'OVYUV']
['VXIFI', 'UCQZE', 'UJHDY', 'LSZMU', 'OVYDG']
['XNYRJ', 'KDZKT', 'PGHQU', 'XWMKT', 'CHIJG']
['ZCVZT', 'AWDBE', 'LPHWP', 'YBAFX', 'GBGAG']
['VYDDY', 'ENKVR', 'JHGWB', 'HNXEZ', 'ARMIC']
['ZJPJO', 'CIPCP', 'WCFRY', 'ZLQYF', 'BEIFF']
['BVCTY', 'GZQDO', 'VQDCT', 'UCLPW', 'IRNCA']
['EGIIY', 'RDCTS', 'FJPVZ', 'HGJEC', 'CLLNQ']
['ENWEP', 'CQBIT', 'HSIWG', 'CSQHY', 'QCHPG']
['VLEXY', 'JOZYK', 'CBNUD', 'QYWKX', 'DSQUZ']
['OENWP', 'OLFRP', 'ZIJNW', 'OSLVS', 'ZJNIT']
['BLHOQ', 'PLFWC', 'QAOAR', 'GJRAV', 'XGNPD']
['WJIWZ', 'KYKCO', 'ALXRH', 'VXLZU', 'GICKM']
['NHQWU', 'FBWOW', 'VBRPO', 'TBZDI', 'SHLYA']
['VQAKV', 'MXBHP', 'QIALM', 'ALMIE', 'AWUBI']
['SAVNS', 'PABIC', 'BTWAZ', 'VNVFZ', 'MRXML']
['OUQMM', 'FGDHQ', 'WNYYG', 'QNUDR', 'RMJIF']
['EHMWV', 'OXRDD', 'YJPCO', 'DKHZJ', 'LNIAF']
['VFFHE', 'RMUXW', 'AILUZ', 'EFKRH', 'NSTKH']
['UDTFQ', 'HFDOF', 'CBJEL', 'GWJWE', 'XAOMD']
['RURLC', 'BPLLS', 'NSAJQ', 'KCHSD', 'AXQPJ']
['DUAEB', 'GOXXP', 'RWZXF', 'JCOPI', 'FZBVB']
['PQDFC', 'CKFJL', 'UBCVC', 'TYMOI', 'DKSJV']
['DSUJE', 'UHSWZ', 'SYIZZ', 'SRFIJ', 'RJDRX']
['RQZPM', 'LCHJI', 'PXCKJ', 'PSZDK', 'HXXMK']
['HATBR', 'FSTKF', 'WHRVK', 'CFMPM', 'IAADS']
['DFBMK', 'FDGQA', 'RJIED', 'ZHVLK', 'XBSXA']
['FELNZ', 'SEYUH', 'HWSJL', 'XBLXM', 'TFEWH']
['ECNTU', 'UHOTV', 'ETYTK', 'QQXNO', 'JXGHX']
['OCOQX', 'WGGGP', 'RFWKF', 'JEBNF', 'IZMEQ']
['WUTXG', 'JWSRE', 'ZUTJZ', 'PKHDM', 'NDLFM']
['OZZTI', 'WAQDW', 'QBVUY', 'RUGKU', 'KXMSB']
['SGTRH', 'VGCRP', 'BPZOY', 'GUDYJ', 'VATKD']
['ORRXP', 'AHMRO', 'LYGHF', 'XXRUC', 'JTHWI']
['KENPF', 'OKQTW', 'ACMPF', 'VSPLU', 'HAXVF']
['QUECI', 'OJGET', 'AGDTK', 'DCJPL', 'TKYGG']
['ONQWA', 'YJCIZ', 'YWCZV', 'UQKOV', 'FCWUA']
['XCTJB', 'QIZOX', 'LIGPC', 'SGRXP', 'QPVND']
['VLQCW', 'UFVEC', 'IGQNP', 'ZPTPS', 'MWVBQ']
['OMYLR', 'WDGCR', 'FCJLJ', 'IRAUO', 'CUUFQ']
['NLRBO', 'BJTHH', 'PKBGA', 'ERTVL', 'JMYIA']
['ACJRU', 'OQSOU', 'GVYUW', 'WTGUO', 'EWNSH']
['XFNKQ', 'GNCHO', 'FZRBE', 'WAHPX', 'YXPNV']
['FXUHH', 'TAIVA', 'IGAXC', 'CIBMR', 'MESKQ']
['SZXFW', 'WJAIQ', 'ZBJTS', 'TTIDN', 'TUSMK']
