['Marilou', 'Stephenson', 'Shea', 'Gwenette', 'Uzzia', 'Lynett', 'Merth', 'Barnett', 'Velda', 'Clovah', 'Alvinia', 'Janerich', 'Hermon', 'Pippo', 'Bernj', 'Lotus', 'Fredkin', 'Crompton', 'Janenna', 'Starinsky', 'Micheal', 'Nisse', 'Colly', 'Noyes', 'Norean', 'Dott', 'Rik', 'Emelita', 'Freddy', 'Midian', 'Latimer']
['Hillel', 'Shannah', 'Ciapas', 'Corkhill', 'Elberta', 'Baldridge', 'Fidelio', 'Mitchiner', 'Antonino', 'Vesta', 'Selma', 'Marina', 'Firman', 'Monahan', 'Moyers', 'Newton', 'Neva', 'Vevay', 'Lynnelle', 'Favian', 'Raul', 'Dearman', 'Tutankhamen', 'Myrvyn', 'Janaya', 'Zandt', 'Kimon', 'Swanhilda', 'Jestude', 'Leanna', 'Ultun', 'Lux', 'Beebe']
['Holms', 'Gerianne', 'Buxton', 'Yim', 'Chancellor', 'Renick', 'Melisa', 'Dedric', 'Candyce', 'Polish', 'Uta', 'Verras', 'Woo', 'Hatch', 'Hannover', 'Willetta', 'Chaddie', 'Saudra', 'Paulita', 'Delinda', 'Cristoforo', 'Till', 'Florentia', 'Danais', 'Balcer', 'Minier']
['Antonetta', 'Everick', 'Kinzer', 'Maude', 'Mansoor', 'Prebo', 'Enid', 'Danita', 'Udell', 'Yerxa', 'Jenkel', 'Hakim', 'Klapp', 'Wistrup', 'Dulcea', 'Tuttle', 'Druce', 'Sheeran', 'Astto', 'Charin', 'Costin', 'Rani', 'Rooke', 'Fausta', 'Dotson', 'Balling', 'Masterson', 'Lacy', 'Desi']
['Joed', 'Padget', 'Wing', 'Rue', 'Wunder', 'Erlewine', 'Lenhart', 'Kudva', 'Serafine', 'Neille', 'Girardo', 'McCoy', 'Dela', 'Marijo', 'Moonier', 'Marijn', 'Hawger', 'Plantagenet', 'Larry', 'Krystalle', 'Volkan', 'Kaufmann', 'Leod']
['Ludovico', 'Sinnard', 'Zobe', 'Doroteya', 'Fast', 'Knute', 'Ebneter', 'Shelbi', 'Groos', 'Cavallaro', 'Osrick', 'Lamb', 'Arel', 'Zelma', 'Rhonda', 'Vikky', 'Proudfoot', 'Nestor', 'Jeniece', 'Ches', 'Gibun']
['Watson', 'Agosto', 'Eilis', 'Emmer', 'Scherman', 'Nannette', 'Yasu', 'Eldwen', 'Dole', 'Damon', 'Kylah', 'Ashman', 'Puklich', 'Meingolda', 'Fitz', 'Sumer', 'Raynor', 'Cheria', 'Quitt', 'Worlock', 'Prince', 'Crean', 'Hadleigh', 'Ragland', 'Gunn', 'Groh', 'Hett', 'Malo', 'Nessy']
['Melda', 'Tennes', 'Utas', 'Cyd', 'Robbin', 'Biggs', 'Virginia', 'Ruyle', 'Carrillo', 'Ainslee', 'Dimitry', 'Koetke', 'Toh', 'Haldane', 'Sandstrom', 'Chemush', 'Formenti', 'Barsky', 'Oscar', 'Utica', 'Hamlin', 'Manaker', 'Meras']
['Gombosi', 'Lindell', 'Schreck', 'Willis', 'Tiphane', 'Henrique', 'Ubana', 'Caines', 'Danna', 'Sachi', 'Schnabel', 'Burkhart', 'Kronick', 'Kerwon', 'Uchida', 'Tine', 'Winer', 'McKinney', 'Fabrice', 'Gowrie', 'Elihu', 'McCullough', 'Higgs', 'Nafis', 'Lawler', 'Augustina', 'Atkins', 'Girovard', 'Mokas']
['Karie', 'Franek', 'Donn', 'Kerianne', 'Ardehs', 'McIntosh', 'Pontius', 'Fillender', 'Adriane', 'Mathur', 'Alf', 'Hittel', 'Rocray', 'Derinna', 'Danuloff', 'Glenn', 'Wight', 'Reste', 'Aviv', 'Lentha', 'Buckler', 'Epstein', 'Hanway', 'Auroora', 'Shepp', 'Larson', 'Nanette', 'Cerracchio', 'Beaver']
['Coumas', 'Tavy', 'Adaurd', 'Ferro', 'Love', 'Earlene', 'Merola', 'Jehiel', 'Demetria', 'Birck', 'Lauree', 'Jorgenson', 'Jenness', 'Fadiman', 'Jason', 'Javler', 'Acacia', 'Nicolis', 'Mauchi', 'Ashling', 'Delila', 'Nath', 'Cataldo']
['Ebba', 'Felicie', 'Billy', 'Benilda', 'Jessalin', 'Evangeline', 'Yarvis', 'Galligan', 'Smukler', 'Oakes', 'Vaish', 'Won', 'Shelby', 'Lorilyn', 'Ursola', 'Faunia', 'Nance', 'Questa', 'Dare']
['Berneta', 'Flo', 'Carter', 'Salomi', 'Ursi', 'Tillford', 'Bhayani', 'Arianna', 'Hillegass', 'Rombert', 'Dumas', 'Ruhnke', 'Melburn', 'Vonni', 'Chae', 'Wendye', 'Deni', 'Clere', 'Harriet', 'Dietrich', 'Jori', 'Ammadis', 'Bounds', 'Mushro', 'Jobyna', 'Akeyla', 'Lamson', 'Margeaux', 'Stearns']
['Tarkany', 'Harland', 'Odin', 'Lyle', 'Pinto', 'Safire', 'Pryce', 'Tay', 'Clea', 'Hako', 'Durante', 'Bevon', 'Kanya', 'Lombardi', 'Tessy', 'Eudocia', 'Brazee', 'Blasius', 'Roanna', 'Catherin', 'Bui', 'Sievert', 'Genie', 'Flemming', 'Summons']
['Risteau', 'Hayyim', 'Letta', 'Jillana', 'Lenes', 'Behlau', 'Darrow', 'Cardwell', 'Farro', 'Bran', 'Derril', 'Australia', 'Ardys', 'Milore', 'Blondell', 'Coh', 'Neveda', 'Minda', 'Towne', 'McClimans']
['Avril', 'Pappas', 'Ferullo', 'Ginzburg', 'Shanly', 'Ber', 'Fairfax', 'Holofernes', 'Celestyn', 'Carlick', 'Debera', 'Cal', 'Tonya', 'Adolphus', 'Grath', 'Hotze', 'Tristam', 'Sigsmond', 'Mikol', 'Woodhead', 'Weirick', 'Hankins']
['Karon', 'Hong', 'Hook', 'Cutty', 'Cherry', 'Eno', 'Brittnee', 'Sandeep', 'Elmira', 'Jimmy', 'Emelia', 'Foulk', 'Binette', 'Hardej', 'Holey', 'Harmony', 'Livingston', 'Ratcliffe', 'Anuska', 'Leiser', 'Morville', 'Barby', 'Perloff', 'Maye', 'Lon']
['Halimeda', 'Balliett', 'Fokos', 'Bello', 'Maribel', 'Griswold', 'Flieger', 'Ashford', 'Klute', 'Hudis', 'Berner', 'Turrell', 'Clymer', 'Eleni', 'Ted', 'Saylor', 'Bruns', 'Gloriana', 'Fruin', 'Saxen']
['Basso', 'Cicely', 'Mackenzie', 'Thorman', 'Cristiona', 'Feinstein', 'Matthew', 'Winebaum', 'Ace', 'Lunetta', 'Holton', 'Davidde', 'Japeth', 'Bluhm', 'Ottinger', 'Katzir', 'Les']
['Placido', 'Sosanna', 'Grimona', 'Saville', 'Gillian', 'Kile', 'Ng', 'Kassi', 'Darsie', 'Nari', 'Dett', 'Elburr', 'Grochow', 'Karlise', 'Dowlen', 'Edrick', 'Griffin', 'Montagna', 'Lou', 'Halstead', 'Felise', 'Rodolphe', 'Matthaeus', 'Busey', 'Converse', 'Cloots', 'Fifine']
