['352', '370', '11', '331', '99', '351', '193', '306', '68', '144', '55', '248', '365', '292', '70', '209', '298', '112', '181', '249', '143', '284', '115']
['223', '259', '164', '57', '63', '14', '270', '210', '390', '247', '348', '66', '65', '84', '179', '279', '7', '60', '89', '27']
['345', '31', '25', '214', '19', '222', '199', '21', '189', '52', '6', '30', '79', '280', '238', '124', '266']
['264', '336', '285', '28', '168', '34', '191', '215', '2', '393', '337', '329', '117', '10', '130', '221', '372', '0', '258', '172', '211', '313', '103', '257', '85']
['183', '32', '373', '177', '97', '105', '95', '196', '265', '182', '383', '230', '286']
['377', '121', '287', '96', '163', '134', '297', '126', '157', '388', '338', '363', '355', '12', '283', '385', '174', '133', '100', '46', '54', '204', '71', '23', '240']
['293', '387', '101', '304', '389', '41', '354', '48', '218', '395', '378', '151', '339', '203', '184', '341', '47', '314']
['346', '59', '335', '154', '246', '43', '82', '294', '180', '282', '192', '239', '327', '318', '319', '153', '170', '152']
['380', '51', '361', '359', '291', '147', '277', '74', '330', '77', '125', '308', '81', '253', '320', '78', '256', '325', '224', '295', '80', '368', '334']
['310', '40', '111', '235', '129', '140', '123', '273', '262', '233', '90', '276', '155', '169', '358', '379', '386', '1', '118', '91', '162', '353']
['98', '146', '106', '236', '166', '39', '274', '212', '237', '161', '260', '250', '311', '44']
['3', '195', '83', '362', '347', '376', '349', '208', '22', '382', '110', '268', '227', '148', '324', '278', '302', '392', '24', '56', '342']
['398', '49', '201', '374', '42', '159', '149', '375', '104', '128', '173', '255', '156', '272', '50', '116', '37', '216', '316', '58', '176', '231']
['301', '305', '225', '120', '114', '142', '15', '303', '219', '138', '243', '127', '4', '198', '94', '75', '296', '92', '33', '178']
['321', '244', '109', '69', '87', '226', '232', '35', '241', '397', '16', '366', '200', '67', '206', '102', '53']
['312', '263', '367', '187', '371', '64', '72', '136', '254', '394', '290', '5', '245', '333', '17', '86', '322', '202', '267']
['252', '8', '45', '108', '132', '73', '369', '205', '9', '93', '197', '307', '340', '137', '119', '344', '317', '186', '234']
['350', '299', '158', '145', '61', '360', '113', '190', '356', '261', '300', '326', '185', '217', '220', '381', '228', '175', '384']
['332', '343', '141', '26', '396', '364', '139', '391', '62', '251', '328', '269', '289', '13', '165', '242', '188', '167', '18', '275', '288']
['194', '38', '122', '150', '20', '315', '399', '309', '229', '281', '36', '160', '29', '135', '171', '207', '131', '213', '357', '107', '88', '76', '323', '271']
