['AnthonyTolliver']
['ThaddeusYoung', 'VictorOladipo']
['BojanBogdanovic', 'MylesTurner']
['CoryJoseph', 'AlJefferson']
['DarrenCollison', 'JoeYoung']
['LanceStephenson', 'DomantasSabonis']
['JonasValanciunas', 'DeMarDeRozan']
['PascalSiakam', 'SergeIbaka']
['AndreDrummond', 'LukeKennard']
['IshSmith', 'StanleyJohnson']
['RodneyHood', 'DonovanMitchell']
['RoyceONeale', 'AlecBurks']
['BradleyBeal', 'IanMahinmi']
['OttoPorter', 'JodieMeeks']
['KentaviousCaldwellPope', 'JoshHart']
['CoreyBrewer', 'LonzoBall']
['BenSimmons', 'DarioSaric']
['TimotheLuwawuCabarrot', 'JoelEmbiid']
['RajonRondo', 'JrueHoliday']
['ETwaunMoore', 'DeMarcusCousins']
['JonathonSimmons', 'AaronGordon']
['ElfridPayton', 'MarioHezonja']
['AndrewWiggins', 'JeffTeague']
['NemanjaBjelica', 'JamalCrawford']
['LanceThomas', 'EnesKanter']
['JarrettJack', 'CourtneyLee']
['LeBronJames', 'JeffGreen']
['KevinLove', 'KyleKorver']
['MarcGasol', 'DillonBrooks']
['JarellMartin', 'TyrekeEvans']
['DeyontaDavis', 'JaMychalGreen']
['MarioChalmers', 'BenMcLemore']
['AndrewHarrison', 'JamesEnnis']
['ReggieJackson', 'LangstonGalloway']
['JoshRichardson', 'GoranDragic']
['WayneEllington', 'DionWaiters']
['QuincyAcy', 'SpencerDinwiddie']
['BogdanBogdanovic', 'DeAaronFox']
['JaysonTatum', 'DanielTheis']
['JaylenBrown', 'MarcusSmart']
['GiannisAntetokounmpo', 'KhrisMiddleton']
['EricBledsoe', 'JasonTerry']
['PaulGeorge', 'RussellWestbrook']
['CarmeloAnthony', 'StevenAdams']
['JoshHuestis', 'JeramiGrant']
['RaymondFelton', 'AndreRoberson']
['PatrickPatterson', 'AlexAbrines']
['GeorgeHill', 'GarrettTemple']
['KembaWalker', 'DwightHoward']
['MarvinWilliams', 'MalikMonk']
['NicolasBatum', 'JeremyLamb']
['MichaelKiddGilchrist', 'FrankKaminsky']
['TreveonGraham', 'MichaelCarterWilliams']
['TJWarren', 'JoshJackson']
['TroyDaniels', 'JaredDudley']
['ManuGinobili', 'LaMarcusAldridge']
['DavisBertans', 'KyleAnderson']
['RondaeHollisJefferson', 'DAngeloRussell']
['KlayThompson', 'KevinDurant']
['DraymondGreen', 'AndreIguodala']
['StephenCurry', 'NickYoung']
['ShaunLivingston', 'PatrickMcCaw']
['DavidWest', 'ZazaPachulia']
['TobiasHarris', 'BlakeGriffin']
['LouWilliams', 'DeAndreJordan']
['WilsonChandler', 'TorreyCraig']
['PaulMillsap', 'WillBarton']
['RyanAnderson', 'JamesHarden']
['ChrisPaul', 'PJTucker']
['DwightPowell', 'HarrisonBarnes']
['YogiFerrell', 'DennisSmith']
['DamianLillard', 'CJMcCollum']
['JusufNurkic', 'ShabazzNapier']
['AlFarouqAminu', 'EvanTurner']
['PatConnaughton', 'EdDavis']
['ZachCollins', 'MauriceHarkless']
['JustinHoliday', 'RobinLopez']
['DenzelValentine', 'LauriMarkkanen']
['JerianGrant', 'KrisDunn']
['CristianoFelicio', 'DavidNwaba']
['PaulZipser', 'BobbyPortis']
['MarcoBelinelli', 'IsaiahTaylor']
['MaxiKleber', 'DevinHarris']
['SalahMejri', 'WesleyMatthews']
['TrevorAriza', 'EricGordon']
['GeraldGreen', 'NeneHilario']
['TreyLyles', 'EmmanuelMudiay']
['MasonPlumlee', 'JamalMurray']
['MontrezlHarrell', 'MilosTeodosic']
['WesleyJohnson', 'SindariusThornwell']
['AllenCrabbe', 'DeMarreCarroll']
['TylerZeller', 'JoeHarris']
['PattyMills', 'PauGasol']
['BrynForbes', 'DannyGreen']
['MarqueseChriss', 'AlexLen']
['TysonChandler', 'DraganBender']
['WillieCauleyStein', 'JustinJackson']
['BuddyHield', 'ZachRandolph']
['JohnHenson', 'ThonMaker']
['MalcolmBrogdon', 'SterlingBrown']
['SemiOjeleye', 'KyrieIrving']
['AlHorford', 'TerryRozier']
['BamAdebayo', 'TylerJohnson']
['JustiseWinslow', 'HassanWhiteside']
['DennisSchroder', 'DewayneDedmon']
['JohnCollins', 'ErsanIlyasova']
['DelonWright', 'CJMiles']
['FredVanVleet', 'KyleLowry']
['DerrickFavors', 'JonasJerebko']
['RickyRubio', 'RudyGobert']
['TomasSatoransky', 'JohnWall']
['MarcinGortat', 'MarkieffMorris']
['LarryNance', 'BrookLopez']
['JuliusRandle', 'BrandonIngram']
['AmirJohnson', 'RobertCovington']
['RichaunHolmes', 'JJRedick']
['NikolaMirotic', 'AnthonyDavis']
['JameerNelson', 'DariusMiller']
['WesleyIwundu', 'EvanFournier']
['NikolaVucevic', 'BismackBiyombo']
['TajGibson', 'TyusJones']
['KarlAnthonyTowns', 'JimmyButler']
['KyleOQuinn', 'DougMcDermott']
['KristapsPorzingis', 'TimHardaway']
['DwyaneWade', 'JRSmith']
['ReggieBullock', 'AveryBradley']
['CediOsman', 'JaeCrowder']
['MikeMuscala', 'MalcolmDelaney']
['DirkNowitzki', 'JJBarea']
['LucMbahaMoute', 'ClintCapela']
['GaryHarris', 'NikolaJokic']
['SamDekker', 'AustinRivers']
['JarrettAllen', 'CarisLeVert']
['RudyGay', 'DejounteMurray']
['TylerUlis', 'DevinBooker']
['KostaKoufos', 'SkalLabissiere']
['JabariParker', 'TonySnell']
['MarcusMorris', 'AronBaynes']
['JamesJohnson', 'KellyOlynyk']
['TaureanWallerPrince', 'OGAnunoby']
['KentBazemore', 'JakobPoeltl']
['EkpeUdoh', 'JoeIngles']
['MikeScott', 'JordanClarkson']
['KellyOubre', 'KyleKuzma']
['TJMcConnell', 'JerrydBayless']
['IanClark', 'DanteCunningham']
['ShelvinMack', 'ShabazzMuhammad']
['DJAugustin', 'GorguiDieng']
['FrankNtilikina', 'MichaelBeasley']
['TristanThompson', 'JoseCalderon']
