['114', '432', '791', '293', '898', '690', '199', '232', '682', '456', '91', '674', '929', '872', '552', '339', '407', '206', '387', '731', '476', '526', '867', '489', '920', '677', '680', '618', '800', '685', '30']
['15', '106', '959', '430', '632', '255', '637', '544', '279', '56', '224', '479', '802', '736', '861', '7', '794', '843', '425', '189', '568', '957', '546', '520', '231', '834', '626', '732', '436', '155', '385']
['45', '445', '902', '188', '974', '883', '373', '36', '159', '477', '94', '66', '448', '375', '274', '539', '137', '776', '983', '548', '990', '190', '126', '820', '29', '698', '204', '326', '761', '610', '249']
['295', '347', '738', '748', '857', '149', '709', '745', '9', '237', '414', '90', '219', '988', '874', '22', '416', '856', '899', '482', '406', '146', '519', '179', '878', '73', '370', '603', '584', '156', '531']
['950', '338', '182', '976', '601', '330', '854', '822', '783', '516', '480', '621', '607', '85', '793', '930', '501', '666', '142', '361', '633', '241', '153', '11', '826', '782', '741', '730', '616']
['197', '74', '527', '54', '357', '376', '718', '702', '310', '911', '292', '412', '112', '769', '411', '348', '933', '213', '287', '27', '133', '184', '472', '494', '475', '798', '236', '315', '269', '167', '571']
['104', '342', '634', '86', '919', '722', '10', '282', '44', '93', '176', '811', '434', '111', '47', '729', '679', '386', '869', '580', '524', '351', '181', '889', '643']
['515', '388', '266', '113', '785', '276', '951', '369', '201', '119', '257', '335', '233', '940', '569', '132', '65', '214', '589', '466', '817', '235', '719', '701', '693']
['532', '151', '59', '810', '714', '495', '163', '922', '669', '362', '32', '537', '635', '300', '63', '413', '780', '575', '570', '42', '525', '100', '48', '383', '83', '870', '775', '859', '248']
['349', '553', '884', '500', '832', '16', '625', '267', '540', '400', '389', '141', '967', '841', '366', '72', '460', '962', '309', '641', '304', '564', '728', '13', '420', '178', '573', '795', '766']
['975', '423', '886', '851', '210', '58', '538', '708', '713', '751', '821', '835', '289', '391', '998', '704', '833', '303', '319', '528', '827', '768', '824', '14', '404', '145', '497', '812']
['384', '770', '486', '157', '405', '900', '655', '572', '318', '742', '991', '887', '574', '444', '212', '909', '277', '426', '566', '757', '24', '450', '353', '547', '598', '754', '863', '115', '52', '599', '597']
['535', '327', '541', '40', '518', '630', '301', '496', '78', '885', '928', '467', '147', '217', '481', '246', '442', '917', '830', '758', '79', '498', '356', '658', '509', '672', '944', '819', '230', '753', '367']
['828', '615', '205', '882', '200', '281', '865', '543', '371', '687', '717', '923', '567', '136', '398', '823', '982', '350', '720', '611', '152', '191', '556', '609', '240', '198', '559', '938', '438', '53', '895']
['92', '428', '846', '706', '977', '733', '2', '703', '272', '749', '550', '409', '101', '838', '536', '323', '735', '848', '896', '120', '360', '711', '831', '816', '209', '593', '118', '765', '652', '95', '128']
['763', '806', '3', '158', '333', '803', '89', '906', '904', '358', '771', '12', '470', '275', '989', '447', '656', '808', '684', '463', '809', '877', '280', '290', '864', '650', '417', '150', '308', '208', '888']
['667', '285', '355', '987', '694', '124', '623', '76', '402', '807', '239', '50', '6', '892', '344', '890', '970', '244', '880', '608', '837', '699', '653', '511', '243', '131', '314', '774', '591', '82', '195']
['815', '140', '98', '696', '790', '921', '686', '180', '868', '49', '245', '25', '261', '354', '661', '364', '250', '565', '905', '1', '724', '252', '490', '504', '453', '284', '842', '28', '587', '328', '418']
['313', '804', '403', '222', '660', '372', '129', '258', '34', '756', '813', '789', '628', '227', '973', '81', '410', '596', '549', '727', '617', '805', '465', '969', '221', '317', '169', '875', '651', '606', '953']
['992', '583', '797', '455', '401', '781', '433', '894', '97', '954', '331', '862', '68', '936', '965', '87', '263', '461', '913', '381', '247', '927', '980', '380', '75', '671', '234', '947', '545', '836']
['581', '981', '20', '903', '202', '166', '332', '825', '457', '624', '558', '271', '421', '845', '143', '551', '102', '692', '688', '377', '582', '346', '96', '695', '57', '363', '647', '762', '743']
['492', '298', '740', '121', '955', '215', '907', '220', '251', '683', '265', '850', '555', '579', '203', '858', '945', '183', '712', '302', '374', '259', '747', '242', '629', '916', '662', '654', '485', '512', '507']
['35', '305', '469', '792', '103', '752', '563', '187', '148', '663', '522', '759', '960', '427', '871', '320', '175', '640', '291', '273', '340', '697', '473', '649', '986', '459', '296', '755', '592', '503', '725']
['972', '932', '171', '530', '767', '664', '645', '613', '177', '419', '935', '958', '578', '542', '193', '324', '676', '873', '668', '424', '458', '130', '435', '270', '750', '942', '499', '829', '229', '908', '746']
['994', '462', '299', '604', '893', '529', '796', '924', '979', '787', '939', '595', '449', '443', '961', '739', '778', '737', '964', '51', '646', '997', '840', '218', '254', '122', '901', '721', '600', '192', '673']
['154', '341', '311', '993', '173', '642', '700', '860', '705', '125', '69', '41', '43', '799', '429', '897', '510', '948', '691', '312', '165', '978', '910', '88', '726', '168', '393', '33', '734', '912', '502']
['744', '818', '523', '216', '108', '117', '422', '99', '786', '853', '764', '716', '505', '77', '307', '329', '638', '984', '395', '614', '55', '934', '471', '931', '107', '852', '925', '670', '390', '452', '365']
['952', '336', '161', '379', '478', '116', '622', '586', '5', '814', '256', '109', '343', '915', '185', '483', '8', '253', '172', '454', '38', '127', '468', '268', '612', '123', '488', '891', '397', '491', '138']
['294', '943', '876', '665', '164', '594', '648', '963', '260', '19', '61', '801', '949', '4', '441', '286', '631', '325', '937', '162', '588', '334', '18', '659', '689', '238', '839', '297', '627', '681', '484']
['590', '437', '639', '517', '174', '306', '337', '186', '773', '678', '345', '17', '135', '262', '321', '415', '995', '620', '534', '67', '985', '562', '513', '474', '144', '70', '585', '170', '636', '561', '493']
['866', '644', '557', '946', '396', '723', '322', '62', '926', '283', '196', '777', '451', '966', '60', '278', '844', '996', '968', '139', '382', '508', '855', '368', '39', '64', '26', '23', '194', '514', '223']
['160', '707', '710', '879', '408', '84', '521', '602', '446', '464', '352', '439', '605', '881', '80', '675', '554', '399', '760', '577', '914', '211', '560', '971', '46', '359', '715', '31', '316', '21', '784']
['228', '772', '576', '918', '394', '288', '37', '71', '134', '779', '378', '847', '533', '440', '110', '225', '0', '788', '956', '431', '105', '657', '506', '392', '264', '849', '487', '226', '207', '619', '941']
