['Hashem', 'Atika', 'Jaeline', 'Shanell', 'Lazaria', 'Jarem', 'Shelbee', 'Jatziry', 'Anadalay', 'Ishmel']
['Kaleo', 'Eddieberto', 'Sagan', 'Oluwatobi', 'Zoiee', 'Quintavious', 'Jamaad', 'Tralaya', 'Zamyah', 'Anagha']
['Marifer', 'Alainna', 'Masud', 'Jax', 'Jamear', 'Sameeha', 'Anela', 'Saheim', 'Bow', 'Tanyla']
['Shamaiya', 'Jerel', 'Tyannah', 'Lamariah', 'Akasha', 'Michai', 'Carsten', 'Charlett', 'Ricky', 'Merissa']
['Anouk', 'Sussy', 'Lealand', 'Ganon', 'Antonin', 'Hayven', 'Sashya', 'Gwendolynn', 'Lukis', 'Vedika']
['Byron', 'Loni', 'Maude', 'Kensleigh', 'Kayliann', 'Iris', 'Tayyab', 'Stafford', 'Markise', 'Litsy']
['Marwan', 'Thadius', 'Abdulraheem', 'Margie', 'Ebany', 'Coraline', 'Shardae', 'Avigail', 'Kimball', 'Sincere']
['Keion', 'Lilienne', 'Jameisha', 'Vivica', 'Jesus', 'Camill', 'Emmanuela', 'Delisha', 'Vyncent', 'Kaymarie']
['Shannel', 'Terriona', 'Liann', 'Nakeya', 'Estephanie', 'Srinath', 'Lauralynn', 'Sydelle', 'Chanze', 'Mykaylah']
['Eleah', 'Azzareya', 'Cliff', 'Tacori', 'Mircale', 'Jamonte', 'Merlina', 'Fabrizzio', 'Hugo', 'Kalum']
['Mckaylin', 'Kapena', 'Asha', 'Adanna', 'Noami', 'Renyah', 'Taye', 'Veena', 'Jdan', 'Devaun']
['Ori', 'Jalyiah', 'Zyeir', 'Rielly', 'Larrissa', 'Asa', 'Gunther', 'Yonason', 'Fidel', 'Ahnaya']
['Taegan', 'Aibhilin', 'Dereck', 'Daxx', 'Abaan', 'Sayd', 'Yavian', 'Shy', 'Amritha', 'Eliziah']
['Spartan', 'Zinia', 'Jos', 'Tralyn', 'Tobias', 'Jakelin', 'Hannelore', 'Alaija', 'Giannie', 'Kaushik']
['Aanyah', 'Carena', 'Lada', 'Janesha', 'Jarrell', 'Hallei', 'Giankarlo', 'Emmely', 'Jezzelle', 'Soriya']
['Demetreus', 'Haya', 'Tajuan', 'Sinia', 'Ingrid', 'Marrius', 'Thien', 'Kobe', 'Lynia', 'Noha']
['Sanae', 'Jayme', 'Brenya', 'Rosalio', 'Yu', 'Handsome', 'Caliegh', 'Ancel', 'Davidjr', 'Kameryn']
['Bailei', 'Cordai', 'Khamil', 'Amr', 'Marnae', 'Keyvin', 'Charlize', 'Elisah', 'Casandra', 'Adaley', 'Gor']
['Aarohi', 'Milene', 'Leni', 'Siena', 'Liat', 'Soniah', 'Rayne', 'Crystina', 'Shanaiya', 'Jasahn', 'Zaahir']
['Seiry', 'Marck', 'Alieyah', 'Armita', 'Kitty', 'Deliany', 'Jamaine', 'Jaydah', 'Quintasia', 'Farha', 'Mailen']
['Merary', 'Tahir', 'Jazir', 'Salif', 'Endi', 'Cyris', 'Jaleesa', 'Nethra', 'Chidi', 'Jaimarie', 'Nitzia']
['Ameerah', 'Jalilah', 'Elysha', 'Donnelle', 'Serra', 'Bailynn', 'Citlally', 'Sharlene', 'Jaquis', 'Dea', 'Tashvi']
['Niemah', 'Laticia', 'Aley', 'Leighann', 'Mylez', 'Emree', 'Kirrah', 'Lailani', 'Lizmari', 'Feven', 'Adysen']
['Deidre', 'Alayasia', 'Juliano', 'Natsumi', 'Coi', 'Malaja', 'Adeleine', 'Halo', 'Keili', 'Nidhi', 'Bristol']
['Cisco', 'Dragon', 'Kaira', 'Britnee', 'Kariana', 'Jomary', 'Zolin', 'Carine', 'Quentyn', 'Raymir', 'Leilah']
['Amor', 'Jamiyla', 'Reynaldo', 'Artie', 'Kellon', 'Donnovan', 'Ailene', 'Braeley', 'Katarina', 'Jebediah', 'Tasi']
['Nohely', 'Shahid', 'Treyonna', 'Harlem', 'Adriene', 'Analiah', 'Mariaelena', 'Azeriah', 'Marialy', 'Julia', 'Trenise']
['Navia', 'Thaddius', 'Monserath', 'Jeremias', 'Adaisha', 'Casondra', 'Ellarie', 'Katalina', 'Andriy', 'Emilie', 'Marcellino']
['Alyiana', 'Miley', 'Antwane', 'Dainen', 'Desteni', 'Mikyla', 'Oviya', 'Dorcas', 'Timia', 'Griffon', 'Zahriyah']
['Takia', 'Shakila', 'Joed', 'Hesham', 'Tobechi', 'Lakiyah', 'Shiala', 'Kenzlie', 'Fe', 'Abdulrehman', 'Ryleeann']
['Tam', 'Aysenur', 'Gauge', 'Aizik', 'Larry', 'Jekeria', 'Khloee', 'Taigen', 'Rock', 'Dhyan', 'Jovey']
['Xaviel', 'Deedra', 'Mikea', 'Daxen', 'Jersi', 'Khalee', 'Evangelyne', 'Nayara', 'Vinnie', 'Raphael', 'Kinzie']
['Kenniyah', 'Nalaya', 'Derionna', 'Dhalia', 'Dell', 'Natasia', 'Jahlen', 'Evia', 'Arsalan', 'Jailon', 'Doyle']
['Abriyana', 'Keni', 'Helaman', 'Salmaan', 'Gertrude', 'Olive', 'Mezmariah', 'Prakruti', 'Jemiah', 'Jerriah', 'Aleiyah']
['Antrone', 'Satomi', 'Gracia', 'Rexford', 'Aylana', 'Fox', 'Ron', 'Kemily', 'Sihaam', 'Jabes', 'Aryeh']
['Deriyon', 'Nakari', 'Makyra', 'Sevren', 'Treyson', 'Yajahira', 'Anwesha', 'Trystian', 'Ally', 'Elway', 'Jacob']
['Zackrey', 'Dashun', 'Kenzo', 'Jasiya', 'Nancy', 'Janine', 'Abhinav', 'Artyom', 'Kyston', 'Danyca', 'Samauri']
['Dominika', 'Tayseer', 'Jirah', 'Mikaelah', 'Jandre', 'Yaire', 'Nakaya', 'Matt', 'Jophy', 'Mykenna', 'Raeleigh']
['Aman', 'Blaine', 'Mylie', 'Farah', 'Azavier', 'Anastacio', 'Selena', 'Jahred', 'Chyna', 'Dairon', 'Marcellius']
['Yarisbel', 'Kyo', 'Suri', 'Denize', 'Kaeleen', 'Sabastion', 'Kamora', 'Serenety', 'Jema', 'Kay', 'Basha']
['Cicily', 'Jaleena', 'Benito', 'Marik', 'Nishta', 'Keyin', 'Mikelle', 'Bright', 'Orren', 'Kenzington', 'Abdoulaziz']
['Ettel', 'Sheniyah', 'Inaki', 'Keemya', 'Brinleigh', 'Ilyn', 'Zayquan', 'Shalonda', 'Rohil', 'Dajana', 'Mumin']
['Venezia', 'Cynae', 'Guy', 'Shamyia', 'Khila', 'Delara', 'Aayana', 'Coulson', 'Trinitey', 'Apollonia', 'Cylah']
['Sevastian', 'Dessie', 'Leib', 'Stefanny', 'Alyze', 'Yarithza', 'Colie', 'Ayahna', 'Gyzelle', 'Dusan', 'Kaymi']
['Kaeley', 'Kvaughn', 'Montana', 'Shamiyah', 'Vanesa', 'Michaell', 'Osmin', 'Detravion', 'Zuzanna', 'Jaquan', 'Lilyonna']
['Zykerria', 'Mylani', 'Amonti', 'Tafari', 'Eeliyah', 'Jaaziah', 'Ramses', 'Avielle', 'Alison', 'Dyami', 'Seleen']
['Brydan', 'Jeru', 'Johnavan', 'Rey', 'Kairy', 'Meryl', 'Isaak', 'Jesalyn', 'Hakop', 'Kirubel', 'Guadalupe']
