['217', '247']
['73', '193', '174']
['49', '221', '222', '199']
['248', '67', '244', '245']
['178', '189', '190', '191']
['97', '42', '220', '121']
['168', '205', '204', '173']
['65', '66', '51', '21', '54']
['195', '47', '146', '246', '92']
['169', '60', '61', '62', '63']
['52', '56', '57', '58', '59']
['70', '185', '186', '187', '188']
['196', '69', '171', '218', '125']
['170', '182', '150', '184', '183']
['176', '177', '179', '180', '181']
['6', '7', '8', '9', '10']
['68', '11', '12', '13', '219']
['0', '172', '149', '119', '122']
['99', '43', '14', '16', '50']
['226', '227', '231', '232', '233']
['228', '229', '230', '120', '93']
['239', '240', '241', '94', '223']
['129', '130', '139', '140', '141']
['201', '202', '206', '207', '208']
['203', '148', '214', '215', '216']
['224', '197', '198', '143', '147']
['194', '71', '48', '18', '19']
['79', '80', '89', '90', '91']
['167', '46', '144', '17', '118']
['72', '145', '242', '20', '117']
['151', '249', '154', '155', '157']
['175', '152', '156', '158', '159']
['160', '161', '162', '163', '44']
['45', '22', '23', '24', '25']
['192', '74', '75', '142', '123']
['39', '40', '41', '28', '29']
['32', '35', '36', '38', '105']
['110', '111', '112', '113', '95']
['103', '104', '114', '115', '116']
['100', '102', '106', '108', '109']
['1', '2', '3', '4', '5', '15']
['225', '132', '133', '134', '135', '127']
['98', '234', '235', '236', '237', '238']
['128', '131', '136', '137', '138', '126']
['209', '210', '211', '212', '213', '124']
['76', '77', '78', '81', '82', '83']
['96', '84', '85', '86', '87', '88']
['164', '37', '166', '165', '243', '153']
['33', '34', '26', '27', '30', '31']
['64', '101', '200', '107', '53', '55']
