['Horace', 'Naida', 'Leila', 'Tamisha', 'Cortney', 'Amada', 'Jeffrey', 'Hillary', 'Pinkie', 'Alane', 'Joelle']
['Madison', 'Meagan', 'Alex', 'Charisse', 'Alvera', 'Raleigh', 'Lezlie', 'Jefferey', 'Aretha', 'Marcella', 'Kim']
['Zena', 'Hilario', 'Kurtis', 'Raul', 'Valorie', 'Joan', 'Latia', 'Elicia', 'Robert', 'Laraine', 'Lilly']
['Irena', 'Adah', 'Vernia', 'Rodrigo', 'Flavia', 'Glenna', 'Refugio', 'Chas', 'Piedad', 'Sharan', 'Nadia']
['Helene', 'Naomi', 'Osvaldo', 'Dong', 'Jeremy', 'Rosalba', 'Grant', 'Travis', 'Sharla', 'Bertha', 'Hiroko']
['Nieves', 'Leilani', 'Charmaine', 'Whitney', 'Trena', 'Claudie', 'Marquitta', 'Eloisa', 'Annamarie', 'Rosalee', 'German']
['Eustolia', 'Marquis', 'Tai', 'Emmanuel', 'Tarah', 'Treena', 'Aaron', 'Oscar', 'Miranda', 'Saul', 'Marlo']
['Tiffani', 'Stephani', 'Carolee', 'Marvis', 'Rolando', 'Gerard', 'Lola', 'Griselda', 'Arcelia', 'Irma', 'Garland']
['Chan', 'Roxane', 'Chun', 'Ambrose', 'Randa', 'Retta', 'Rachael', 'Kitty', 'Olevia', 'Ocie', 'Darwin']
['Hassan', 'Ok', 'Kris', 'Clifton', 'Xavier', 'Clarence', 'Vivien', 'Lyn', 'Marion', 'Lue', 'Son']
['Selma', 'Renea', 'Vernon', 'Allena', 'Clara', 'Esperanza', 'Clarice', 'Tyisha', 'Neida', 'Harvey', 'Frederic']
['Elenora', 'Loren', 'Chance', 'Joye', 'Eufemia', 'Louise', 'Tressa', 'Marcie', 'Kareem', 'Elena', 'Ema']
['Earnest', 'Clarinda', 'Nickolas', 'Clinton', 'Mariah', 'Isabel', 'Gerardo', 'Loria', 'Junior', 'Altagracia', 'Jay']
['Taneka', 'Antonette', 'Mariano', 'Cassie', 'Dusti', 'Danita', 'Tamala', 'Houston', 'Dion', 'Lisa', 'Christiane']
['Winford', 'Doyle', 'Caitlyn', 'Reita', 'Chang', 'Annabel', 'Sharilyn', 'Renetta', 'Princess', 'Edmond', 'Pearlie']
['Michaela', 'Shaun', 'Porter', 'Carmon', 'Joanne', 'Xuan', 'Louella', 'Jade', 'Oma', 'Ella', 'Wes']
['Hortense', 'Lucia', 'Elfrieda', 'Destiny', 'Phylis', 'Margart', 'Shelton', 'Claretha', 'Tracie', 'Mariette', 'Dorene']
['Freddie', 'Tameika', 'Lashay', 'Fanny', 'Sheldon', 'Camelia', 'Chester', 'Elliott', 'Kristopher', 'Lucas', 'Heide']
['Loura', 'Dora', 'Enola', 'Cleotilde', 'Russell', 'Florinda', 'Audie', 'Stanley', 'Jesus', 'Ryann', 'Toya']
['Rachel', 'Millicent', 'Kay', 'Almeta', 'Alicia', 'Trey', 'Antonina', 'Jae', 'Tammi', 'Debora', 'Kasey', 'Eugene']
['Eve', 'Lasonya', 'In', 'Gisela', 'Odell', 'Antoinette', 'Kelly', 'Jacque', 'Darnell', 'Lorelei', 'Savanna', 'Laticia']
['Vincenzo', 'Sharell', 'Anabel', 'Latoya', 'Leontine', 'Lana', 'Kyung', 'Kristi', 'Jama', 'Tanisha', 'Brendon', 'Alton']
['Alfred', 'June', 'Yevette', 'Randall', 'Oneida', 'Hayden', 'Tina', 'Inga', 'Cristi', 'Merrill', 'Jami', 'Murray']
['Oswaldo', 'Shonda', 'Sharlene', 'Lauren', 'Logan', 'Rita', 'Leonida', 'Riley', 'Martin', 'Honey', 'Lizabeth', 'Imogene']
['Byron', 'Alexa', 'Marilynn', 'Verona', 'Marvin', 'Vada', 'Angeline', 'Susannah', 'Marci', 'Beverley', 'Jennie', 'Nathalie']
['Hyun', 'Lyndon', 'Ron', 'Jina', 'Orval', 'Herlinda', 'Dewitt', 'Kylie', 'Alethia', 'Garret', 'Kimbra', 'Elvie']
['Glenda', 'Florencio', 'Delmar', 'Dagmar', 'Hershel', 'Felix', 'Susan', 'Nohemi', 'Johnny', 'Clarissa', 'Jan', 'Theo']
['Carson', 'Nicole', 'Clyde', 'Kendall', 'Alvin', 'Zoraida', 'Dewayne', 'Jeanette', 'Milissa', 'Juliet', 'Rima', 'Angella']
['Easter', 'Dorthea', 'Leonard', 'Stanford', 'Elvia', 'Pa', 'Bonnie', 'Percy', 'Terry', 'Shavon', 'Danial', 'Kirstin']
['Lamonica', 'Marcos', 'Artie', 'An', 'Spencer', 'Sherwood', 'Darrel', 'Janetta', 'Deana', 'Deirdre', 'Alexandra', 'Hui']
