['2961DB', '3B6837', '26C6B9', 'A0DDCD', 'B32674', '26B294', '6C3CD5', 'D049CD', '1D39ED', 'AD6105', 'E33128', '552199', '66547C', '9CE56C', 'C54164', '72D023', '77B9A5', '82BD08', 'BE3703', '29267F']
['4DBE20', '88E0AE', '5C5B8D', '3963FC', '923B8C', '09FFA6', '05F2DC', 'C07CCC', '66B93A', 'F13455', 'A89402', '273165', 'A4FCD1', '3D046E', '41AFC9', '052CC7', '1D4417', '20C0D0', '0C3AFF', '60B803']
['E0044F', 'D6F426', '8DF985', '770A4C', '6E7E64', 'C69699', '2B8F4B', 'D0E36A', '6E3DED', '187923', '2F46CD', '09CFE9', 'D2EB79', '3D4600', '2E6B38', '30EA83', '81DA52', '6D4C8F', 'C34593', '8EC8D8']
['8E8C76', '118FE2', 'D98FB6', 'B2C27D', '18D668', 'EB90EE', '415552', 'CC08F5', '2B3DD7', '69FD70', 'D0E5BE', 'CBE0EA', '2E4B9D', '8D43AD', '8FF839', 'EFBA0C', 'CD374A', '3EF396', 'F32B0B', '7B325B']
['739ABF', 'F4C13E', 'E8A38A', '19EFAF', 'D2F8E5', '01E026', 'E8C5B8', '3F75A9', '865328', '601CA7', 'F9EB1F', '34ACF3', '326662', '4C0FCD', 'C3678B', 'FBF275', '1986A0', 'B2A692', '920715', 'F33ACF']
['AF83FA', '81A0D3', '77042F', '2D2248', '747199', '037831', 'CB5EDA', 'A911EF', '54C37C', '2C02B7', '672145', '380FF7', '31B17E', 'CA893B', '511040', 'FBB00D', '0AFD91', 'EB7E6A', 'C0A19A', '4FCF52']
['DDB7C8', 'D83AF7', '66C38E', '78DB65', '0FE5DD', '9D8AD8', '49EEB4', 'A1D29E', '7334F9', '1DD8D0', '75C017', 'EC35B5', '18AEFC', '9C0B9D', '5248A9', '5AF312', '35DA72', '40C7FF', '09944C', '1D528C']
['DB6CBF', '97D861', 'CC66B0', '3235BA', '893D61', '4AC817', 'D79D49', '55B952', '1C3933', '76131B', '4D74EB', '51197D', '823C51', 'F7F9CB', '5B4152', '6833E8', '1D0C35', '4A32EA', '364B78', '7FADE3']
['718436', '82F466', '31B801', 'F37211', '2819EE', 'BC38A8', 'EED7BB', '94AED5', 'C8F1A7', 'CC4384', '0E6FA7', '219F75', 'B38307', '292CB3', '068D28', '58ED2B', 'E1A380', 'D8492F', '696B37', '81E0FA']
['6C1A62', '1E571E', 'F1DB81', 'CED5FC', '539972', '46371B', '43F505', 'AAAF0B', '2BEC39', 'E15D93', 'E479C8', '1CAAAC', '0B99EF', '34E9FE', '833C34', '3A0D10', '77EB41', 'E9F19A', 'F2B7FD', 'DDA295']
['5C91EE', '9DF876', 'A5F27A', 'B00B7F', '0C4437', 'F3EDD7', 'A4F4BB', '206150', '2D56C1', '943005', '90E78E', '24A4D1', '1E0B30', '38EA17', '85CFC7', '8806E7', 'D50881', '4AE7C7', 'B166D1', 'E77DD8']
['29BFBC', 'B4257C', '7C8A3D', 'E492E0', 'EEF23E', 'FD33F7', '7848BA', 'F61AD7', 'C4882F', '89372A', 'EF37A6', '846154', 'F85131', '9C4CA5', '73271F', '8F75EC', '81A856', 'BA6187', 'B56D74', '244528']
['00C269', '1656DC', '605983', '7FE1F2', '14A3E7', 'B78EF9', 'CD5322', 'B13536', '1A770B', 'EC2626', 'F28C7F', '1600AD', 'D2BDB6', '5E2607', '565E46', 'F9011B', '6DCBC8', '04279E', '468F31', '92C42A']
['83752D', '3FAE1E', 'B0C2D3', 'FCD63D', '98497D', '9330C0', '10BBE1', 'D31361', '5A5DE8', '87EE7F', 'FB3B86', '1FBE40', 'ABE83F', 'C748A2', '4E8355', '28CCA5', '5A681E', '848C87', 'DFE9C6', 'B6ACFC']
['0D6A28', '93D432', 'CC9A13', '3228BB', '5332A9', '5D4F2F', '9923B4', '7CC3A7', '9ABAFB', '9FCB42', '6AFCAC', '035E05', '78E144', 'AC34B5', '71AE93', '49EB71', 'A4EAD9', '940AC5', '861E09', 'E2701A']
['8254EB', '5C4F81', '8BEC15', 'B6FA16', '89A551', 'D78522', 'E46F9E', 'F1B367', '6246E1', '113E1F', '9C5DCF', 'DCB902', 'E93252', '2B8E0B', '177A03', '8AC55C', '2F584A', '029563', 'FFD642', '4C1D36']
['5F88E7', 'FCB503', '83ACF7', 'FC75E7', 'F448AE', '0AC7A0', 'C5416A', 'F4EDF8', '7AADBC', '3E7F60', 'D9180C', '7C730C', '8ECA84', '1B06C5', '1743CD', '882258', 'B0F05D', '52BFE5', '57FCD8', '3E6399']
['6BF4D3', '1F6554', 'EB3718', 'C0EA59', '43FE78', '6C5208', '2215AE', '2EDC82', '5A3E90', 'B2C529', '099A40', 'E1B665', 'BCD2F5', '0CFFC9', 'DBF47C', '30C157', '00CD58', '71AC6D', 'BE5B1D', '99E133']
['B49939', 'FECCAB', 'B85F11', 'E81232', '75002A', 'A34095', '0E78AA', '73F93C', '026256', '1D9893', '5C0D69', 'F545E1', '0FC6EE', 'FD1DAC', '414B77', '935873', 'BB9072', '478A7C', '98B1CA', '4BD8B1']
['BB986B', 'E7EFA5', '45CE10', 'C96CD6', 'DF44F5', '1330B3', '608F21', 'D324E7', '26DA83', 'E4C3BA', '47063A', 'D8A834', 'E3583F', '5451FF', '1D216B', '62BC31', '1F4650', 'C9EF6D', '398310', '8963E1']
['7F8E1D', '628552', '5BEDDF', '503A55', '4430C2', '80F9BC', '74ADA7', '3D830C', '5E4F6B', '255208', '22394B', '6EEE66', '1866E0', 'FF3177', '593AF4', '189812', '420711', '6D4DDC', 'B8B01F', '160ED4']
['F8B91A', '36FCBF', '7B306C', 'D78532', '9D6554', 'FAB638', '5BC875', '94C20E', '66F8EA', 'C2A74D', '56B4C2', '42EE34', 'EE9200', '39CAB7', '29D22B', 'E4F6EF', 'D883C0', '25B295', 'B2CB4D', 'AB96B9']
['D65E29', 'D8849E', '9B09E5', '4BC7D0', '0264AF', '82B105', 'C1CAB9', '316244', '9BAC71', '0231A4', '8883AC', '7647CD', '52FB79', '5C016B', '33ABEE', '5ABFA9', 'E191B0', 'DBDDB5', '0A3E48', '9C4F00']
['400D20', '463E2C', '99392B', 'C60FE7', '38515C', '2D4D61', 'B4BD91', '0525B9', 'DF5F9C', '05473A', '15AA36', 'D6DD9E', '31C6A3', 'A03FB7', '5D5C76', '2DE42A', '4EBF50', '88FFF8', 'DE6241', '917501']
['E277CB', '3CB50A', 'BA7ED0', 'D363AB', '26DB4C', 'EB9D60', '1350AD', 'EDB261', '929578', '7D4045', '4BBAFA', 'C19610', 'FE7E47', '03B42D', 'CE0D10', '992AEE', '593840', '5ADC6D', '95F017', '369765']
