['ady', 'acu', 'afh', 'acx', 'afl', 'aig', 'adj', 'afw', 'ahd', 'aip']
['afb', 'acq', 'agj', 'acs', 'afj', 'aee', 'aha', 'aeq', 'aer', 'aex']
['aiq', 'ais', 'aea', 'ahy', 'afo', 'aib', 'atf', 'aie', 'aft', 'ahj']
['aaa', 'aab', 'abn', 'aht', 'aaq', 'aia', 'adk', 'abb', 'anm', 'aii']
['acr', 'agk', 'aiv', 'abr', 'acy', 'aby', 'adh', 'adi', 'ahc', 'aci']
['aez', 'adv', 'aiz', 'ahv', 'afm', 'ajg', 'ajl', 'alz', 'adl', 'ain']
['aaf', 'aal', 'aam', 'ajd', 'aje', 'akq', 'aaw', 'aay', 'acf', 'abc']
['abh', 'abo', 'abp', 'abq', 'aap', 'aof', 'acd', 'aax', 'ace', 'adr']
['arg', 'ahm', 'ahp', 'aiy', 'aeh', 'adb', 'aid', 'aau', 'aih', 'adp']
['aey', 'aho', 'afd', 'aeb', 'aja', 'afn', 'abx', 'aic', 'adm', 'aew']
['age', 'ait', 'ajz', 'afg', 'ahw', 'agr', 'ahg', 'abz', 'aij', 'ado']
['adu', 'aix', 'ajb', 'aef', 'agv', 'afq', 'acb', 'ail', 'aeu', 'agb']
['agg', 'aqc', 'aae', 'aag', 'aah', 'aai', 'ago', 'aed', 'aao', 'aar']
['aac', 'aad', 'aaj', 'aan', 'aas', 'aeo', 'aok', 'aaz', 'aet', 'abd']
['aiw', 'ahr', 'aak', 'ams', 'agq', 'acz', 'ahx', 'ajf', 'aep', 'ajp']
['afa', 'aiu', 'acv', 'abs', 'abt', 'abu', 'abv', 'aav', 'aqx', 'abf']
['acn', 'act', 'aec', 'ahz', 'abw', 'aca', 'acc', 'ach', 'adq', 'acl']
['ajn', 'agp', 'aej', 'agx', 'ahh', 'ajo', 'adn', 'aga', 'aev', 'agc']
['abi', 'aco', 'abl', 'abm', 'ahq', 'afk', 'aod', 'ajs', 'acj', 'ack']
['acm', 'adw', 'ahe', 'acw', 'afi', 'ada', 'adc', 'add', 'agw', 'acg']
['agh', 'afe', 'ahs', 'aeg', 'ajj', 'aem', 'aif', 'ajk', 'aik', 'aio']
['abg', 'abk', 'aff', 'ade', 'aat', 'adf', 'adg', 'ael', 'aba', 'abe']
['afc', 'afp', 'afr', 'afs', 'aen', 'afu', 'afv', 'aes', 'ahf', 'aim']
['agf', 'abj', 'agi', 'aoz', 'agl', 'agn', 'agt', 'afx', 'afz', 'agd']
['ahl', 'air', 'agm', 'ahu', 'aei', 'agu', 'ajh', 'aji', 'agy', 'ahb']
['aka', 'aql', 'arr', 'ara', 'amz', 'aog', 'aqy', 'ajq', 'ajr', 'ajt']
['ajw', 'ajx', 'ajy', 'akb', 'akc', 'akd', 'akj', 'ajm', 'aju', 'ajv']
['asm', 'aso', 'alk', 'aqm', 'aph', 'aru', 'app', 'ash', 'ank', 'ahi']
['adt', 'aow', 'ake', 'akf', 'akg', 'apf', 'apg', 'asv', 'ags', 'ate']
['ano', 'anp', 'arj', 'aqf', 'aqv', 'ase', 'anh', 'anj', 'anl', 'aos']
['anq', 'ant', 'arq', 'ars', 'art', 'arv', 'arw', 'apl', 'arx', 'amc']
['acp', 'amn', 'alj', 'amb', 'asu', 'aqk', 'ajc', 'alr', 'akv', 'akz']
['alf', 'aqe', 'aob', 'aoo', 'alt', 'aqw', 'ani', 'aoq', 'amf', 'ann']
['alh', 'asr', 'aro', 'apj', 'apn', 'aoi', 'aoj', 'apq', 'asb', 'ard']
['apc', 'aki', 'akk', 'akl', 'akm', 'akn', 'arb', 'asc', 'aqz', 'akx']
['apr', 'amp', 'anz', 'amu', 'alq', 'amw', 'ako', 'akp', 'akt', 'aku']
['aqb', 'arm', 'aqn', 'amy', 'aoe', 'aom', 'aop', 'apx', 'are', 'asl']
['amj', 'anu', 'anx', 'akh', 'akr', 'aks', 'ang', 'arc', 'ala', 'alb']
['alc', 'asn', 'amk', 'ahn', 'alg', 'anr', 'ali', 'ans', 'ane', 'aky']
['ald', 'aox', 'aoy', 'ast', 'arz', 'asg', 'apv', 'asi', 'asj', 'ask']
['ale', 'all', 'api', 'apm', 'alw', 'alx', 'agz', 'aly', 'ama', 'amd']
['ads', 'aqi', 'any', 'ary', 'aoh', 'apo', 'and', 'aol', 'apw', 'amh']
['ari', 'aqg', 'anv', 'asw', 'asy', 'aoc', 'ata', 'atb', 'asd', 'asf']
['asq', 'apb', 'amq', 'aln', 'alo', 'aek', 'alv', 'alu', 'aqu', 'apu']
['aml', 'apy', 'aqj', 'asx', 'alp', 'als', 'aps', 'akw', 'ame', 'amg']
['ami', 'aqd', 'asp', 'aqh', 'arp', 'ape', 'amv', 'aqo', 'anb', 'aqt']
['amm', 'amo', 'adz', 'amr', 'alm', 'amt', 'amx', 'ana', 'anc', 'asa']
['arh', 'ass', 'anw', 'aoa', 'asz', 'apk', 'atc', 'atd', 'anf', 'aon']
['ahk', 'aou', 'aov', 'ark', 'adx', 'apz', 'aqq', 'apt', 'aor', 'aot']
['aqa', 'arl', 'apa', 'arn', 'apd', 'aqp', 'aqr', 'aqs', 'afy', 'arf']
