['ag', 'bg', 'gq', 'ah', 'bn', 'ge', 'du', 'bp', 'fm', 'dl']
['it', 'fp', 'ej', 'gp', 'cv', 'cu', 'hf', 'ca', 'im', 'by']
['jl', 'm', 'es', 'fw', 's', 'da', 'eu', 'ik', 'br', 'p']
['dj', 'bc', 'km', 'jr', 'jp', 'ez', 'dp', 'f', 'ig', 'ht']
['gw', 'bb', 'dc', 'eg', 'jo', 'jf', 'bt', 'gl', 'bq', 't']
['bz', 'dk', 'hb', 'fz', 'bo', 'bj', 'bk', 'fg', 'co', 'ju']
['cy', 'el', 'cx', 'fs', 'hm', 'dv', 'ds', 'et', 'kc', 'kd']
['cs', 'ed', 'ja', 'go', 'dr', 'bv', 'iw', 'hx', 'cg', 'il']
['em', 'ab', 'ac', 'hh', 'eh', 'fx', 'gd', 'aw', 'dq', 'dm']
['fq', 'ei', 'fy', 'bh', 'iy', 'ey', 'b', 'bu', 'jz', 'ir']
['hu', 'cr', 'jx', 'cj', 'fh', 'ax', 'cc', 'fo', 'ia', 'kg']
['jc', 'am', 'dz', 'fc', 'fd', 'ip', 'cl', 'ic', 'r', 'jt']
['gv', 'df', 'g', 'iz', 'al', 'iv', 'bi', 'iu', 'as', 'in']
['gt', 'gr', 'ba', 'hc', 'gn', 'is', 'ij', 'hy', 'l', 'ix']
['kn', 'kl', 'z', 'ap', 'fe', 'fi', 'cm', 'n', 'jq', 'ce']
['i', 'jm', 'ea', 'hg', 'an', 'fl', 'ew', 'd', 'kf', 'aa']
['cz', 'ft', 'hi', 'hn', 'a', 'ar', 'hz', 'ay', 'ep', 'er']
['en', 'dg', 'ec', 'aq', 'fj', 'h', 'hq', 'hv', 'ke', 'io']
['fv', 'ak', 'gy', 'w', 'ih', 'kk', 'gh', 'hp', 'js', 'x']
['ae', 'kj', 'ho', 'q', 'gf', 'ga', 'gm', 'e', 'bs', 'cf']
['bf', 'jn', 'o', 'aj', 'dy', 'hd', 'jy', 'jk', 'jj', 'if']
['cq', 'gg', 'fb', 'dw', 'gb', 'ex', 'ff', 'az', 'jw', 'do']
['eo', 'ki', 'af', 'ai', 'fa', 'ef', 'ci', 'cb', 'v', 'je']
['dh', 'be', 'dd', 'u', 'eb', 'ch', 'cn', 'gk', 'eq', 'ib']
['ad', 'cp', 'gx', 'dx', 'iq', 'he', 'av', 'gj', 'jg', 'hw']
['fr', 'fu', 'hl', 'bl', 'bm', 'ka', 'ha', 'y', 'gc', 'dn']
['hj', 'kh', 'gs', 'gz', 'ee', 'ao', 'j', 'bw', 'kb', 'cd']
['bd', 'c', 'cw', 'jh', 'jb', 'at', 'ev', 'gi', 'hr', 'fn']
['k', 'de', 'db', 'hs', 'zz', 'ji', 'ck', 'dt', 'fk', 'jd']
['jv', 'gu', 'di', 'hk', 'ek', 'ct', 'ii', 'au', 'ie', 'bx']
