['Rowena', 'Joelly', 'Hedwiga', 'Marcie', 'Anastassia', 'Fawnia', 'Estella', 'Avivah', 'Lesly', 'Estele', 'Neile', 'Hortense', 'Athena', 'Rosene', 'Sandie']
['Arlee', 'Nicoli', 'Maddalena', 'Dominica', 'Else', 'Ronnica', 'Jorrie', 'Dotti', 'Allene', 'Cindie', 'Kellie', 'Kellsie', 'Eolanda', 'Vicky', 'Brook']
['Agneta', 'Doris', 'Sofie', 'Carri', 'Dee', 'Oralee', 'Stephannie', 'Madelena', 'Annice', 'Chelsy', 'Sheila', 'Sherrie', 'Nedda', 'Vonni', 'Mella']
['Stormi', 'Carroll', 'Shoshana', 'Tamra', 'Gavra', 'Jessamyn', 'Anabel', 'Faythe', 'Debora', 'Lynnet', 'Matilde', 'Conchita', 'Natalya', 'Laverne', 'Erica']
['Martina', 'Leanora', 'Kaitlin', 'Desiri', 'Mechelle', 'Anette', 'Collete', 'Aviva', 'Briny', 'Oliy', 'Bekki', 'Marisa', 'Angelica', 'Corly', 'Zulema']
['Orsa', 'Brittan', 'Nicki', 'Alexandrina', 'Dorine', 'Fredericka', 'Cheslie', 'Diahann', 'Melinde', 'Gae', 'Starlin', 'Pammy', 'Roslyn', 'Karie', 'Sonni']
['Eran', 'Netty', 'Latisha', 'Lydie', 'Alia', 'Cristionna', 'Yolanda', 'Anabelle', 'Livy', 'Kathy', 'Carla', 'Tiffany', 'Noell', 'Rosana', 'Flory']
['Kara', 'Agnes', 'Dena', 'Mariellen', 'Moyna', 'Drusy', 'Lorain', 'Georgiana', 'Winifred', 'Jesse', 'Austina', 'Antonietta', 'Yetta', 'Shirl', 'Kiele']
['Tamara', 'Clarissa', 'Beatrice', 'Marcella', 'Frankie', 'Nanon', 'Charmine', 'Marlena', 'Sile', 'Patty', 'Melloney', 'Agnese', 'Shanie', 'Johanna', 'Harriet']
['Teddi', 'Lotte', 'Cathryn', 'Lani', 'Mei', 'Bernice', 'Clemmie', 'Gerry', 'Gabbie', 'Randie', 'Lorie', 'Marris', 'Mufinella', 'Jolie', 'Jacqui']
['Rosamond', 'Euphemia', 'Leda', 'Idelle', 'Cristen', 'Tiphanie', 'Eve', 'Missy', 'Brigitte', 'Belle', 'Bonita', 'Cherilynn', 'Charita', 'Janice', 'Kathryn']
['Jaynell', 'Josepha', 'Gwennie', 'Lisette', 'Cassandra', 'Clemence', 'Babara', 'Anabal', 'Lorena', 'Elvera', 'Kaitlynn', 'Ulrike', 'Adriane', 'Monique', 'Myrtle']
['Delly', 'Rhody', 'Terese', 'Thia', 'Jen', 'Mair', 'Gaby', 'Corinne', 'Katti', 'Doroteya', 'Willi', 'Marlie', 'Paige', 'Amalee', 'Rita']
['Fernande', 'Birgitta', 'Marijo', 'Cassondra', 'Ranice', 'Nancie', 'Caryn', 'Rivkah', 'Xylina', 'Dyane', 'Brunhilda', 'Stefa', 'Selinda', 'Camala', 'Alyson']
['Jemie', 'Risa', 'Krissy', 'Korney', 'Maxie', 'Inga', 'Fania', 'Vinni', 'Allie', 'Diane', 'Sada', 'Lira', 'Yoshi', 'Daphene', 'Millisent']
['Andromache', 'Colline', 'Valli', 'Rhodia', 'Kathleen', 'Ansley', 'Dita', 'Edith', 'Emelda', 'Eulalie', 'Della', 'Peg', 'Danni', 'Nelie', 'Lyda']
['Kania', 'Stesha', 'Noreen', 'Haley', 'Idalina', 'Paulina', 'Georgeanne', 'Britney', 'Veradis', 'Sadye', 'Andie', 'Row', 'Julie', 'Yovonnda', 'Zenia']
['Britteny', 'Vanni', 'Addi', 'Tim', 'Morena', 'Erminia', 'Kala', 'Marabel', 'Helyn', 'Tanitansy', 'Bertie', 'Demetria', 'Claudie', 'Roxane', 'Ruperta']
['Bridgette', 'Tiffy', 'Tallie', 'Malva', 'Lulu', 'Kittie', 'Quintana', 'Cristabel', 'Gale', 'Meggi', 'Tarra', 'Sula', 'Agatha', 'Sileas', 'Brear']
['Nissie', 'Casi', 'Ingunna', 'Silva', 'Tani', 'Opal', 'Adiana', 'Joanna', 'Ramonda', 'Fran', 'Mirna', 'Gianina', 'Serena', 'Catha', 'Reggi']
