['208']
['75', '245']
['55', '214', '134']
['327', '122', '181']
['376', '101', '177', '232']
['457', '90', '163', '8']
['319', '57', '98', '347']
['398', '251', '159', '137']
['467', '365', '103', '210']
['187', '294', '290', '171']
['303', '130', '44', '194']
['246', '326', '384', '279']
['302', '357', '133', '118']
['227', '182', '433', '350']
['114', '337', '300', '211']
['170', '261', '474', '23']
['484', '374', '123', '234', '410']
['135', '153', '478', '141', '37']
['259', '4', '360', '165', '283']
['267', '329', '38', '189', '351']
['499', '136', '458', '120', '164']
['417', '270', '216', '185', '172']
['492', '169', '342', '174', '28']
['129', '387', '104', '192', '447']
['304', '291', '268', '206', '406']
['248', '156', '332', '20', '345']
['142', '472', '10', '340', '415']
['94', '72', '306', '138', '260']
['53', '87', '473', '385', '9']
['158', '215', '209', '64', '490']
['186', '71', '149', '289', '5']
['81', '13', '257', '95', '250']
['491', '485', '255', '432', '70']
['132', '59', '237', '311', '0']
['446', '363', '197', '117', '424']
['84', '116', '56', '377', '312']
['230', '455', '292', '96', '68']
['296', '362', '111', '19', '313']
['328', '32', '426', '307', '204']
['488', '287', '470', '11', '27']
['97', '203', '40', '140', '66']
['228', '495', '442', '213', '330']
['262', '41', '404', '236', '225']
['167', '341', '368', '439', '471']
['379', '487', '148', '493', '43']
['256', '412', '160', '131', '226']
['469', '252', '12', '320', '61']
['2', '46', '240', '314', '324']
['14', '299', '105', '286', '219']
['266', '497', '392', '378', '413']
['395', '418', '89', '80', '229']
['155', '318', '284', '67', '74']
['355', '494', '476', '401', '202']
['275', '480', '88', '316', '361']
['321', '196', '241', '49', '397']
['15', '50', '36', '152', '52']
['51', '352', '423', '157', '199']
['73', '456', '33', '325', '21']
['39', '372', '239', '175', '464']
['82', '445', '119', '393', '364']
['453', '416', '150', '390', '29']
['402', '305', '201', '217', '205']
['108', '30', '383', '54', '466']
['6', '127', '348', '238', '477']
['452', '366', '242', '371', '280']
['184', '422', '282', '264', '331']
['288', '207', '200', '380', '128']
['369', '193', '109', '223', '335']
['394', '3', '173', '195', '339']
['407', '143', '448', '278', '370']
['168', '281', '1', '425', '121']
['249', '367', '235', '295', '166']
['151', '188', '323', '243', '183']
['430', '343', '409', '293', '180']
['63', '428', '190', '22', '112']
['421', '349', '310', '386', '233']
['451', '253', '459', '434', '17']
['224', '212', '460', '435', '338', '276']
['482', '375', '382', '388', '317', '408']
['419', '336', '440', '231', '218', '106']
['274', '125', '334', '161', '496', '191']
['465', '92', '354', '244', '126', '297']
['48', '431', '461', '414', '400', '427']
['60', '139', '498', '486', '403', '277']
['463', '389', '58', '358', '24', '483']
['42', '25', '220', '146', '78', '462']
['437', '69', '79', '479', '468', '83']
['91', '31', '34', '444', '481', '113']
['443', '35', '115', '438', '322', '420']
['110', '301', '344', '449', '162', '62']
['298', '100', '263', '346', '198', '315']
['436', '178', '381', '272', '454', '47']
['145', '176', '107', '99', '102', '26']
['273', '124', '154', '65', '147', '144']
['254', '356', '353', '93', '373', '85']
['359', '221', '309', '86', '475', '269']
['7', '45', '391', '441', '489', '399']
['411', '77', '222', '265', '450', '179']
['16', '429', '308', '285', '76', '333']
['247', '258', '396', '405', '18', '271']
