['AOD', 'ANL', 'AAB', 'AAH', 'ALX', 'AAA', 'ANM', 'ANW', 'AMJ', 'AOC', 'ANF', 'AAE', 'AAG', 'AKV', 'ANH', 'AAF', 'AAD', 'AAC']
['APY', 'AOO', 'APN', 'AOM', 'AQM', 'APD', 'AOQ', 'APE', 'APH', 'AOY', 'APP', 'AQH', 'AQO', 'API', 'APG', 'AQI', 'AOZ', 'APM']
['APV', 'AOU', 'AOS', 'APF', 'APT', 'APQ', 'AOR', 'APU', 'AOT', 'APX', 'APS', 'AQC', 'APW', 'APO', 'AQN', 'APB', 'APC', 'AQB']
['ADE', 'AIN', 'ACK', 'ACP', 'AHN', 'AFU', 'AIC', 'AIG', 'ACJ', 'AHZ', 'ACF', 'AFO', 'AHG', 'AGM', 'AHF', 'AIA', 'AGL', 'AFP']
['ADP', 'AEY', 'ADR', 'AFN', 'AFF', 'AFB', 'AFA', 'AEP', 'ADZ', 'AFM', 'AEG', 'AFL', 'AEA', 'AFH', 'AEM', 'AEH', 'AEU', 'AEV']
['ADW', 'AFJ', 'AEC', 'AFD', 'AFC', 'AEN', 'AEF', 'AEB', 'AEK', 'AED', 'AET', 'ADU', 'ADV', 'AEL', 'AFE', 'ADX', 'AFI', 'ADN']
['ALM', 'ANO', 'ALQ', 'ANP', 'AMB', 'ALF', 'ANZ', 'AKD', 'AKS', 'ALT', 'ANA', 'AKI', 'AND', 'AOA', 'ANU', 'ALA', 'AMP', 'ANI', 'ALH']
['APR', 'AQA', 'AOX', 'APA', 'APL', 'APZ', 'AQE', 'APJ', 'AQK', 'AOV', 'AQF', 'AOP', 'AQG', 'AQD', 'APK', 'AOW', 'AQL', 'AQJ', 'AON']
['AJJ', 'AOB', 'AJF', 'AKF', 'ALU', 'AJG', 'ANG', 'AMO', 'ALO', 'AMQ', 'ALC', 'AKQ', 'AJR', 'AIZ', 'AJH', 'AMV', 'AJB', 'AMU', 'AMY']
['AJP', 'ANC', 'AKE', 'AMD', 'AKU', 'ALL', 'AKR', 'AOH', 'ANJ', 'AMK', 'ALP', 'AKC', 'ANN', 'ANT', 'AJK', 'AKZ', 'AJL', 'ANY', 'ANV']
['AKW', 'AMA', 'AJS', 'AKO', 'AKA', 'AMM', 'ALV', 'AMC', 'ALK', 'ALB', 'AMS', 'ALI', 'AME', 'AOF', 'AKK', 'AMH', 'AMX', 'ALJ', 'AMW']
['ANS', 'ANQ', 'AJU', 'AKB', 'AOL', 'AJA', 'ALS', 'ALY', 'ALE', 'AOI', 'AJN', 'AKM', 'AMR', 'AMN', 'AOJ', 'ALZ', 'AJT', 'AJQ', 'AKG']
['AJX', 'AKY', 'ANR', 'AOK', 'AKL', 'ANE', 'AJM', 'ALG', 'AKX', 'AMI', 'AKP', 'AJZ', 'ANB', 'AKN', 'AML', 'ANK', 'AJY', 'ALW', 'AMT']
['AJV', 'AKT', 'AOG', 'ALR', 'AMF', 'AMG', 'ANX', 'AMZ', 'AJD', 'AOE', 'ALN', 'AKH', 'AJI', 'ALD', 'AJE', 'AJO', 'AKJ', 'AJW', 'AJC']
['ADH', 'ACX', 'ADJ', 'ACW', 'ADF', 'ACS', 'ACH', 'ACQ', 'ADI', 'ACE', 'ACL', 'ACU', 'ACY', 'ACG', 'ADC', 'ACO', 'ACZ', 'ADB', 'ACT']
['AIB', 'AGE', 'AIK', 'AHK', 'AHM', 'AGN', 'AGO', 'AGZ', 'AHX', 'AFS', 'AFZ', 'AGJ', 'AHT', 'AHA', 'AHY', 'AIP', 'AGH', 'AGQ', 'AIS']
['AIV', 'AFY', 'AHH', 'AIQ', 'AHQ', 'AGI', 'AHP', 'AHV', 'AIH', 'AHS', 'AIM', 'AGA', 'AHU', 'AGY', 'AHD', 'AGW', 'AGX', 'AGG', 'AHW']
['AIU', 'AIL', 'AHC', 'AFT', 'AGR', 'AGF', 'AGU', 'AID', 'AHL', 'AFV', 'AIF', 'AGV', 'AIX', 'AGP', 'AHR', 'AIR', 'AFX', 'AIY', 'AGT']
['AGC', 'AIJ', 'AGB', 'AFQ', 'AGS', 'AHI', 'AFW', 'AII', 'AGK', 'AIW', 'AHJ', 'AIO', 'AHO', 'AHB', 'AIE', 'AIT', 'AHE', 'AFR', 'AGD']
['AEI', 'ADY', 'AEQ', 'AFK', 'AEE', 'AEX', 'AEZ', 'ADO', 'ADS', 'ADL', 'ADM', 'AEO', 'AEJ', 'ADQ', 'AEW', 'AER', 'AFG', 'AES', 'ADT']
['AAV', 'ABC', 'AAU', 'ABE', 'ABF', 'AAR', 'AAT', 'ABH', 'AAW', 'AAY', 'ABG', 'ABD', 'ABI', 'ABA', 'AAX', 'AAZ', 'ABB', 'ACC', 'AAQ']
['ABU', 'ABS', 'ABP', 'ABW', 'ABZ', 'ABT', 'ABR', 'ABN', 'ABJ', 'ABY', 'ACA', 'ABX', 'ACB', 'ABK', 'ABM', 'ABO', 'ABL', 'ABQ', 'ABV']
['ACI', 'AAN', 'ADA', 'AAS', 'AAL', 'ADG', 'ACD', 'ACV', 'AAK', 'ACN', 'ACR', 'ADD', 'AAM', 'AAP', 'AAO', 'ADK', 'AAJ', 'AAI', 'ACM']
