['Isaac', 'Dorothy', 'Kenneth']
['Latonya', 'Irene', 'Doris']
['Rocio', 'Bonita', 'Andre']
['Wilbur', 'Mitchell', 'Kelli']
['Regina', 'Tommy', 'Norma']
['Hilton', 'Marta', 'Charles']
['Tracy', 'Anita', 'Louise']
['Tammy', 'Wanda', 'Carroll']
['Larry', 'Delia', 'Dawn']
['Rory', 'Houston', 'Thomas']
['Harry', 'Johnny', 'Jason']
['Alonzo', 'Joan', 'Dwayne']
['Scotty', 'Chelsea', 'Shaun']
['Kristina', 'Brittany', 'Bernadette']
['Shawn', 'Kristine', 'Esther']
['Joshua', 'Bernard', 'Kim']
['Pat', 'Mona', 'Lottie']
['Hugo', 'Joe', 'Corinne']
['Gerard', 'Raymond', 'Adam']
['Harriet', 'Gloria', 'Pamela']
['Arturo', 'Erica', 'Melanie', 'Cheryl']
['Brian', 'Damian', 'Johnathan', 'Benjamin']
['Aron', 'Kelly', 'Abdul', 'Carole']
['Toni', 'Byron', 'Ray', 'Jewell']
['Ivan', 'Frida', 'Claudia', 'Gladys']
['Marion', 'Andrea', 'Dennis', 'Antonio']
['Phillip', 'Mari', 'Stanley', 'Fletcher']
['Krista', 'Vickie', 'Mamie', 'Frank']
['Maureen', 'Heidi', 'Mario', 'Gilbert']
['Edward', 'Jewel', 'Louis', 'Leola']
['Quentin', 'Julia', 'Miriam', 'Noma']
['Matilda', 'Keith', 'Clifford', 'Sheila']
['Ladonna', 'Anthony', 'Wilfredo', 'Chester']
['Carolyn', 'Eduardo', 'Antonietta', 'Danielle']
['Lauren', 'Lisa', 'Tiara', 'Maria']
['Tomas', 'Douglas', 'Amanda', 'Leo']
['Vicente', 'Gordon', 'Patrice', 'Barry']
['Tim', 'Cleo', 'Elizabeth', 'Walter']
['Margaret', 'Rick', 'Jodi', 'Carrie']
['Timothy', 'Robin', 'Felipe', 'Dottie']
['Tanya', 'Russel', 'Grace', 'Paula']
['Rena', 'Phyllis', 'Jeffrey', 'Daniel']
['Reggie', 'Olive', 'Darryl', 'Kathryne']
['Matt', 'Cheri', 'Joyce', 'Bernie']
['Brandon', 'Darrin', 'Virginia', 'Patricia']
['Guadalupe', 'Joy', 'Geraldine', 'Horace']
['Colin', 'Nicholas', 'Lowell', 'Shane']
['Virgie', 'Richard', 'Debbie', 'Melony']
['Jerome', 'Eunice', 'Harriett', 'Lucy']
['Susan', 'Minnie', 'Ericka', 'Rod']
['Claire', 'Samantha', 'Kelvin', 'Barbra']
['Cindy', 'Carlton', 'Emily', 'Katie']
['Beatrice', 'Lucia', 'Elvera', 'Bruce']
['Jessie', 'Angel', 'Justin', 'Lucille']
['Nancy', 'Billie', 'Lidia', 'Catherine']
['Gregory', 'Julius', 'Lydia', 'Philip']
['Oscar', 'Milton', 'Jami', 'Kyle']
['Vanessa', 'Karen', 'Argentina', 'Hector']
['Betty', 'Pauline', 'Kay', 'Ricardo']
['Mark', 'Gail', 'Beatriz', 'Earl']
['Sheldon', 'Craig', 'Tom', 'Christiana']
['Marcus', 'Roger', 'Bernice', 'Erma']
['George', 'Iris', 'Dan', 'Erik']
['Carmen', 'Sharon', 'Lorene', 'Donald']
['Joel', 'Donna', 'Justine', 'Hazel']
['Maxine', 'Gerald', 'Devon', 'Diane']
['Harold', 'Allen', 'Curtis', 'Mei']
['Fay', 'Edwin', 'Eva', 'Warren']
['Stacy', 'Lakesha', 'Myra', 'Cameron']
['Nathaniel', 'Molly', 'Zachary', 'Nellie']
['John', 'Alice', 'Kenny', 'Vance']
['Trenton', 'Roy', 'Jean', 'Thelma']
['Shelly', 'Lawrence', 'Rueben', 'Martha']
['Kristen', 'Blanche', 'Weldon', 'Esta']
['Manuel', 'Gale', 'Shawna', 'Janet']
['Marybeth', 'Michael', 'Jacqueline', 'Carla']
['Clara', 'Todd', 'Joseph', 'Cara']
['Sulema', 'Derrick', 'Kimberly', 'Deandre']
['Lacey', 'Anne', 'Kathleen', 'David']
['Evelyn', 'Gary', 'Shirley', 'Carlos']
['Randy', 'Samuel', 'Doretha', 'Christopher']
['Mireya', 'Eric', 'Lillie', 'Sara']
['Emerson', 'Melissa', 'Lester', 'Dolores']
['Clyde', 'Cyndy', 'Monica', 'Deborah']
['Raquel', 'Mildred', 'Rebecca', 'Alex']
['Pearl', 'Megan', 'Matthew', 'Dewayne']
['Brooks', 'Victoria', 'Fredrick', 'Steve']
['Jonathon', 'Jim', 'Daphne', 'William']
['Christian', 'Henry', 'Heather', 'Brett']
['Judith', 'Porfirio', 'Carina', 'Evan']
['Christine', 'Lorena', 'Hillary', 'Charlotte']
['Isabelle', 'Rafael', 'Mary', 'Tommie']
['Levi', 'Theresa', 'Jessica', 'Luis']
['Alan', 'Salvatore', 'Lena', 'Randall']
['Jerry', 'Mavis', 'Stephen', 'Laura']
['Patsy', 'Stephanie', 'Johnnie', 'Ella']
['Peter', 'Carl', 'Jeremy', 'Jayne']
['Ted', 'Dena', 'Lizzie', 'Cynthia']
['Melvin', 'Ada', 'Paul', 'Robert']
['Sally', 'Cesar', 'Peggy', 'Jeff']
['Alvin', 'Michelle', 'Tabatha', 'Rhonda']
['Roberto', 'Terry', 'Rachel', 'Bessie']
['Sheryl', 'Ruth', 'Josephine', 'Teresa']
['Helen', 'Fred', 'Carol', 'Arline']
['Sarah', 'Ashley', 'Barbara', 'Martin']
['Kurt', 'Cathleen', 'Janice', 'Linda']
['Gene', 'Katrina', 'James', 'Josie']
['Patrick', 'Bobby', 'Juan', 'Marge']
['Ethel', 'Jeanette', 'Austin', 'Newton']
['Merle', 'Ruthie', 'Marla', 'Kathryn']
['Maryann', 'Vicky', 'Tonya', 'Renee']
['Lori', 'Ronald', 'Adrian', 'Jane']
['Arthur', 'Frances', 'Annie', 'Ralph']
['Antoinette', 'Loretta', 'Lorenzo', 'Hildegard']
['Leigh', 'Jonathan', 'Victor', 'Crystal']
['Anna', 'Debra', 'Steven', 'Aileen']
['Esperanza', 'Lexie', 'Wade', 'Marjorie']
['Ernest', 'Jennifer', 'Roberta', 'Octavia']
['Brenda', 'Sam', 'Katherine', 'Alberta']
['Desiree', 'Julie', 'Cedric', 'Jammie']
['Colleen', 'Marie', 'Sandra', 'Chris']
['Laurie', 'Mae', 'Beverly', 'Lela']
['Casandra', 'Jeffery', 'Vera', 'Maybell']
['Emilee', 'Albert', 'Shante', 'Jasmine']
