['Mariagiulia3', 'Deborah2', 'Monia6', 'Romeo4', 'Mattia1', 'Gianantonio6', 'Anselmo9', 'Cira7', 'Lisa0', 'Demi9', 'Azue3', 'Loretta1', 'Sesto8', 'Elga8', 'Enzo3', 'Cassiopea8', 'Nayade9', 'Raoul7', 'Benedetta5', 'Lino4']
['Benedetta1', 'Damiana2', 'Arcibaldo8', 'Anastasio7', 'Siro3', 'Ian0', 'Nico6', 'Eustachio2', 'Luce6', 'Eriberto7', 'Marzio5', 'Fatima2', 'Noel4', 'Xavier5', 'Radames1', 'Michele7', 'Joseph3', 'Lauro3', 'Akira3', 'Ethan3']
['Oretta5', 'Ermes4', 'Monia8', 'Audenico0', 'Renato5', 'Nabil5', 'Sue2', 'Thea5', 'Giobbe6', 'Priamo0', 'Thea4', 'Pablo9', 'Giorgio2', 'Karim1', 'Cirino1', 'Costantino7', 'Ercole8', 'Rosalino0', 'Joshua0', 'Armando8']
['Walter1', 'Filomena4', 'Gioacchino6', 'Ileana5', 'Cassiopea9', 'Enzo6', 'Gianriccardo2', 'Assia0', 'Brigitta5', 'Eriberto9', 'Piersilvio0', 'Orfeo9', 'Marcella3', 'Osea0', 'Siro2', 'Pacifico0', 'Nathan3', 'Nestore6', 'Dylan9', 'Soriana6']
['Rufo5', 'Fortunata0', 'Ermes9', 'Mattia9', 'Rebecca6', 'Ausonio0', 'Alighiero7', 'Lamberto6', 'Ludovico9', 'Marieva8', 'Nicoletta3', 'Loredana6', 'Fiorentino3', 'Costanzo4', 'Trevis8', 'Donatella7', 'Maika6', 'Sebastian2', 'Marina4', 'Giacinto6']
['Jarno1', 'Maika9', 'Carmela3', 'Ubaldo2', 'Hector0', 'Dante5', 'Prisca3', 'Primo9', 'Gaetano4', 'Amedeo6', 'Rebecca5', 'Sue0', 'Odone8', 'Gioacchino7', 'Tristano5', 'Giacobbe7', 'Tancredi6', 'Prisca2', 'Armando0', 'Cesidia8']
['Osvaldo5', 'Sasha9', 'Xavier7', 'Fabio9', 'Max1', 'Dante0', 'Evangelista9', 'Radames4', 'Concetta9', 'Alberto5', 'Olimpia3', 'Jacopo4', 'Bettino1', 'Cleopatra7', 'Laerte5', 'Samira6', 'Folco6', 'Fiorenzo1', 'Eusebio6', 'Marino8']
['Lidia6', 'Marcella0', 'Gilda5', 'Elsa0', 'Nestore5', 'Demi6', 'Timoteo4', 'Odone9', 'Lia2', 'Avide3', 'Fatima0', 'Deborah4', 'Carmela6', 'Renzo5', 'Marzio7', 'Radames7', 'Concetta5', 'Demis2', 'Sirio1', 'Nathan9']
['Enzo0', 'Trevis2', 'Odone4', 'Domiziano7', 'Marvin0', 'Edilio2', 'Ethan9', 'Nestore3', 'Rosolino0', 'Lazzaro2', 'Gregorio7', 'Ilario9', 'Romeo2', 'Rocco9', 'Amedeo1', 'Guendalina3', 'Michael9', 'Ian2', 'Ethan7', 'Giorgio3']
['Orfeo7', 'Joseph7', 'Sabatino1', 'Mariagiulia4', 'Eliziario6', 'Alessio3', 'Fiorenzo7', 'Piersilvio3', 'Mietta0', 'Ercole2', 'Gilda2', 'Tazio1', 'Cleros4', 'Claudia1', 'Davide8', 'Primo3', 'Michael4', 'Carmelo4', 'Umberto0', 'Vinicio8']
['Giovanna3', 'Fernando8', 'Cleopatra8', 'Genziana8', 'Anastasio3', 'Primo1', 'Bibiana6', 'Samira4', 'Sibilla4', 'Anselmo8', 'Laerte0', 'Valdo2', 'Elda4', 'Liborio8', 'Modesto4', 'Eriberto1', 'Adriano0', 'Giulio2', 'Bibiana4', 'Tazio7']
['Erminio4', 'Italo9', 'Erminia2', 'Sandro2', 'Miriana7', 'Nestore4', 'Liborio4', 'Adriano1', 'Edipo4', 'Rita6', 'Laura1', 'Matilde9', 'Demis1', 'Gianantonio5', 'Gianantonio3', 'Danthon5', 'Alessandro3', 'Miriam7', 'Enzo7', 'Guido6']
['Celeste4', 'Tolomeo6', 'Amerigo5', 'Lidia0', 'Elga3', 'Armando5', 'Leonardo7', 'Edilio5', 'Siro8', 'Tristano8', 'Enrico1', 'Lauro5', 'Giordano5', 'Kai5', 'Pablo7', 'Cosetta2', 'Iacopo1', 'Secondo5', 'Baldassarre3', 'Marzio6']
['Eustachio1', 'Fabio8', 'Ludovico2', 'Erminia8', 'Luigi7', 'Leonardo1', 'Pietro1', 'Folco0', 'Battista3', 'Amedeo5', 'Celeste3', 'Mirko6', 'Quirino1', 'Sabino2', 'Noah6', 'Loretta4', 'Rosalba8', 'Alighieri1', 'Marzio4', 'Nico1']
['Ursula5', 'Clodovea1', 'Orfeo4', 'Pierfrancesco0', 'Odino6', 'Concetta1', 'Miriana9', 'Carlo1', 'Loris4', 'Mietta1', 'Tolomeo0', 'Osea1', 'Siro9', 'Gelsomina6', 'Noah0', 'Irene7', 'Gerlando9', 'Cleros6', 'Edipo5', 'Maggiore3']
['Luigi4', 'Anselmo3', 'Alessio7', 'Aroldo4', 'Marieva7', 'Claudia6', 'Nestore7', 'Alan9', 'Ercole1', 'Nestore8', 'Leonardo0', 'Gianmarco5', 'Raniero0', 'Gianleonardo6', 'Bortolo5', 'Ferdinando6', 'Fabiano3', 'Santo3', 'Giancarlo3', 'Renzo6']
['Cleopatra1', 'Folco8', 'Mariano0', 'Edilio6', 'Walter7', 'Ettore0', 'Deborah9', 'Karim8', 'Gianriccardo3', 'Mattia6', 'Elda2', 'Jari2', 'Augusto8', 'Emidio9', 'Doriana2', 'Artes8', 'Elio3', 'Bortolo9', 'Sarita7', 'Egisto1']
['Sebastian4', 'Antonino6', 'Lidia4', 'Antimo9', 'Ubaldo1', 'Giorgio6', 'Elsa1', 'Kayla3', 'Diamante6', 'Clodovea2', 'Mariagiulia9', 'Folco4', 'Rodolfo9', 'Jari0', 'Kris2', 'Jole3', 'Ercole4', 'Jacopo3', 'Oretta9', 'Mariagiulia0']
['Violante6', 'Erminio9', 'Isabel6', 'Davide5', 'Gaetano5', 'Giulietta7', 'Umberto9', 'Marino4', 'Filomena3', 'Assia4', 'Ruth1', 'Arduino5', 'Cleros2', 'Costanzo6', 'Penelope5', 'Mirko4', 'Ivano3', 'Umberto6', 'Laura9', 'Zaccaria2']
['Rosita1', 'Odino9', 'Giovanna5', 'Fabiano1', 'Tancredi4', 'Jelena1', 'Emanuel1', 'Bettino8', 'Terzo7', 'Sarita4', 'Maggiore2', 'Sasha7', 'Caio6', 'Quasimodo0', 'Diamante4', 'Teseo4', 'Eusebio3', 'Demis3', 'Oreste0', 'Laerte9']
['Danuta0', 'Matteo9', 'Marianita7', 'Davide1', 'Antonio9', 'Rebecca2', 'Cira8', 'Timoteo5', 'Moreno5', 'Erminia5', 'Flaviana6', 'Caio2', 'Graziano0', 'Caligola0', 'Walter3', 'Tommaso8', 'Emanuel3', 'Nazzareno0', 'Fortunata6', 'Sirio6']
['Santo9', 'Ariel9', 'Cleros5', 'Valdo9', 'Trevis3', 'Marianita1', 'Albino1', 'Iacopo2', 'Vera2', 'Nathan2', 'Brigitta8', 'Caligola7', 'Marcella4', 'Vania2', 'Kris3', 'Muzio8', 'Marina7', 'Mietta2', 'Guido1', 'Zelida4']
['Cleopatra5', 'Vania3', 'Furio5', 'Ferdinando0', 'Amerigo1', 'Elio8', 'Mecren5', 'Kayla9', 'Quarto3', 'Orfeo5', 'Cassiopea3', 'Sesto4', 'Italo5', 'Lorenzo9', 'Siro0', 'Pacifico5', 'Joshua3', 'Manfredi5', 'Gregorio2', 'Luce0']
['Tancredi5', 'Damiana9', 'Fatima9', 'Mecren9', 'Isabel1', 'Rosalino2', 'Folco3', 'Penelope7', 'Emanuel7', 'Rosalba1', 'Cleros7', 'Priamo8', 'Arturo8', 'Gavino8', 'Ercole9', 'Benedetta4', 'Sesto2', 'Miriana4', 'Silvano4', 'Patrizio4']
['Marianita5', 'Loredana0', 'Arduino8', 'Miriam8', 'Rosaria8', 'Serse1', 'Ulrico6', 'Joannes5', 'Marina6', 'Mauro7', 'Secondo0', 'Ione9', 'Marianita8', 'Jack2', 'Timoteo9', 'Gianmaria7', 'Fiorenzo8', 'Orfeo1', 'Osea9', 'Maruska3']
