['FFZNI', 'ZLMYN', 'UTQPU', 'HDFES', 'LCYZY', 'PDSZU', 'QBYJR', 'KCWNV', 'QACAX', 'AXICB', 'TLKIE', 'XPMAC', 'AEHLI', 'TPIHD', 'OEEYW', 'ZSYGC']
['PQYKQ', 'SLHLJ', 'UHIOD', 'UHFXM', 'ZNTDR', 'PBAWW', 'HKSDK', 'VVMSW', 'PUWYW', 'STJMV', 'VMRKJ', 'NCCJD', 'JAGAT', 'JCTBB', 'JMNIF', 'CTLHM', 'XYVAU']
['WMAOH', 'SCMKV', 'LMDUZ', 'DOYMU', 'JEHBC', 'HAPCQ', 'YHWVK', 'KXFFP', 'CSGGY', 'ABQJV', 'DBPXU', 'NNLIE', 'NRRFB', 'SEJRA', 'JWNLZ', 'DWGDE', 'RAAAY']
['NSSHB', 'VZFUK', 'NZQKM', 'RZJZX', 'TJFHX', 'DRVVY', 'KRMMY', 'YTVYR', 'UPNVV', 'POXWS', 'IXEZM', 'ROVKN', 'MUUIL', 'SIWEE', 'LBYAL', 'NLQWV', 'RSYQC']
['PCOTH', 'NTGQJ', 'VHWPC', 'HKBNA', 'CASYZ', 'PARXO', 'MLWLT', 'JGGQM', 'LYFLA', 'WZJYQ', 'HZGVK', 'YYNPW', 'MQWLN', 'WEYKU', 'YQBLY', 'BNPMH', 'ZZKGQ']
['GKYTD', 'KCPYN', 'HIBFR', 'BREAU', 'OYLVF', 'WTAGZ', 'DQJYE', 'UDEWT', 'RNMID', 'WGNBW', 'YVULZ', 'JFOPY', 'MIMWO', 'QMBKL', 'YMAKV', 'KIEKF', 'VQUBW']
['XMZUX', 'JECON', 'SPROB', 'KEUTQ', 'EFRTR', 'EPEAQ', 'OHEWR', 'XADCG', 'EIALG', 'OMNEY', 'PUJOM', 'EWIJA', 'URMYA', 'KSGPB', 'ALNHK', 'XOUQG', 'TPIXY']
['GRIBM', 'DFNDO', 'TJTMV', 'BFHEV', 'LQJNK', 'PREHL', 'OPZLD', 'XZTVE', 'QFZCO', 'QYCKH', 'FKSNY', 'ZUYFN', 'ELBRQ', 'VSARS', 'CHCYT', 'REVQE', 'VYUHL']
['AQEWE', 'KQZVU', 'QLDQR', 'PSMNV', 'RQZDB', 'AAEBS', 'IYMNE', 'VNIQM', 'QFSQF', 'JGIMA', 'FMMZU', 'BXGAG', 'GKOUL', 'NLQQX', 'SEUJM', 'LJQBN', 'HAKPT']
['YKOFS', 'HGAWC', 'ZYEMW', 'CZNRV', 'FSYHN', 'WTMZW', 'XTFTT', 'MTXFY', 'JLTJR', 'KFWQL', 'VUTIQ', 'ZOHDS', 'NZAXS', 'GUJWH', 'RWIWJ', 'GUJWW', 'EIREK']
['QQCGU', 'FXFHY', 'AUIRW', 'NCWPX', 'RCWOS', 'JFKWJ', 'QSIZR', 'XQUPB', 'WHBFR', 'VFWVV', 'RMHZI', 'QSAIM', 'PHXOS', 'FCFIW', 'CSILO', 'VZNGS', 'PQEKQ']
['VGTYI', 'IYGUJ', 'JPWDA', 'VSEBO', 'KTXRI', 'XDBSH', 'LPRGT', 'PKUWP', 'UMQSO', 'FIBZD', 'NZQNY', 'BOOKC', 'OENOT', 'BVKPC', 'XBVDI', 'SEVGN', 'VKBEF', 'IBFSE']
['VXNNV', 'RKMOC', 'GAQXI', 'LESUW', 'REFDA', 'SPSXT', 'ZNEQL', 'RVMXY', 'MQEVZ', 'VUPAV', 'NKLCQ', 'BMNGE', 'IDOHH', 'SWZLI', 'MCVPN', 'TARGC', 'BBIGY', 'BCKDA']
['UQJJY', 'QMJUD', 'SSZXS', 'CWZDH', 'TWVAR', 'STZIM', 'ZRFKN', 'AIWJE', 'RISKG', 'JGBOH', 'TIZZI', 'WFPUN', 'FPFHY', 'GUGKR', 'LQGAI', 'DFZLH', 'FKMPO', 'TKEWX']
['WLODL', 'GDZSX', 'ABAQL', 'TYYLF', 'DYIYS', 'TEYRZ', 'CYRFR', 'WNGHY', 'QBGLN', 'DPJHM', 'PPBBM', 'SSWHW', 'PEIBF', 'HAYKV', 'UDFVU', 'KGDBH', 'MSZXR', 'PUFAY']
['EYYNC', 'GPAYG', 'QXETJ', 'NKEPZ', 'SAOVB', 'FYAYI', 'LRCXZ', 'VKHOX', 'BBDFQ', 'PADSR', 'VGWZF', 'NHZCJ', 'XGXRC', 'VUZHE', 'YPRRC', 'GPKTZ', 'QZGLO', 'GPHCZ']
['XIGOI', 'QVEIA', 'USRDK', 'OZSQX', 'SLYUO', 'GAUGX', 'XLWDU', 'RLKNU', 'DZGQX', 'UOYAH', 'CALHI', 'FIUZZ', 'IQLHD', 'XMJJP', 'AALPZ', 'SOVUQ', 'LVMLT', 'FBZDZ']
['WNDOP', 'WAZOJ', 'RFDDK', 'FRVNO', 'AHXXM', 'MCXWP', 'TDICM', 'XVOGO', 'OXZCV', 'ZKMSA', 'ASGXO', 'LMZAF', 'DWCIC', 'DTPHQ', 'IPMBX', 'HXGTU', 'RRFYM', 'HUNXU']
['EBQJA', 'NPJSC', 'OBCSZ', 'ZCMCP', 'EXERI', 'SDCRN', 'BKFQR', 'KDMQW', 'AEXQY', 'FQYNK', 'ZPWCF', 'CWKNX', 'METWY', 'IEEVC', 'LHFOM', 'PPAYR', 'JRNKY', 'VBXTL']
['EAHZI', 'BHECC', 'FLAIE', 'LFYYV', 'GKLKQ', 'SURGB', 'WWCYP', 'VISUM', 'FIIIX', 'RDCHE', 'SMDTK', 'HOCJP', 'POYSB', 'BXGFY', 'NLPHM', 'XOUQM', 'VCMUY', 'JMPSL']
['UYUIP', 'HVAAR', 'GNDQJ', 'JXKSJ', 'OYGNB', 'MRNHH', 'RWOPE', 'VLXZD', 'YSBTR', 'KBDMG', 'GZWND', 'GJCQK', 'OVNTP', 'UZTYA', 'GFWZF', 'VWLQP', 'LEYDX', 'FSIEJ']
['JJDHO', 'GJYBX', 'XGCQB', 'FRHWO', 'PBEOM', 'YVMFJ', 'SUNJN', 'NHBOU', 'BHFJC', 'PRFNT', 'PAVOS', 'QUGAX', 'MMHOG', 'SHEUT', 'JCWPV', 'LGPGN', 'EGYBS', 'AXIHL']
['ZMWJB', 'CYMCE', 'QJUJE', 'DAPHY', 'RMNKI', 'DBXJE', 'RUSXV', 'ELRTK', 'XQQNM', 'RRDGL', 'FWTXB', 'OJTYX', 'YPSZJ', 'AZDHE', 'XQYCU', 'TLAOJ', 'TQUPW', 'UTYHJ']
['NMUXG', 'VQTXV', 'VLACB', 'JDDRN', 'FHCPP', 'PPGSA', 'NMWYK', 'VFXSF', 'BWKXY', 'JPLIB', 'ENWEC', 'EHCWU', 'PDNXQ', 'EFPNV', 'VNNEP', 'ERXLL', 'UEFBC', 'NCXIY']
['ADKIG', 'YTTKI', 'JLETC', 'DJQYY', 'GKPPL', 'KDZDK', 'ZRLGV', 'SYRST', 'FYSSP', 'DOXUP', 'CZQAC', 'DUQLN', 'WNBOI', 'ZXEUD', 'YTXXV', 'QNXTS', 'BCTKV', 'SACPU']
['QJRDV', 'CCHLM', 'WEDAM', 'YIQHC', 'JTKTH', 'KEPXD', 'GRUYQ', 'KEDYT', 'IAASE', 'ENHUS', 'ILRGH', 'FWKYL', 'ZOVBE', 'IUTYE', 'UNSUE', 'JCAYK', 'CRKWH', 'IPLJJ']
['IOHXF', 'DREMQ', 'BSOUP', 'TMCLZ', 'FESAS', 'DNOMK', 'YRTTG', 'NEQMO', 'NGBWQ', 'TJLUN', 'GXAOE', 'UXUZX', 'RSFHX', 'BEFRL', 'SUEUT', 'EXSFL', 'CXMEP', 'PKECO']
['ZMCMD', 'CYVWU', 'LCGFN', 'IHIWD', 'LYSRO', 'UMQRP', 'KZBFF', 'FIPGX', 'DDGZR', 'GBEQY', 'XHKTV', 'MBBZL', 'CRSZF', 'GWEZA', 'XYABI', 'FMFZO', 'QHQUF', 'IVYZR']
