['Lauretta', 'Hyacinth', 'Cate', 'Pia', 'Donella', 'Allsun', 'Kinna', 'Gaynor', 'Tanhya', 'Starr', 'Ardine', 'Christin', 'Fayina', 'Natala', 'Linette', 'Andriette', 'Goldina', 'Stefa']
['Cammie', 'Suellen', 'Tybi', 'Ivie', 'Vivia', 'Raye', 'Emmalynne', 'Phillis', 'Brigid', 'Mariejeanne', 'Carree', 'Emelina', 'Vi', 'Phedra', 'Shayne', 'Sallyanne', 'Dulcie', 'Shelia']
['Joly', 'Silva', 'Lorna', 'Zoe', 'Anya', 'Lillis', 'Licha', 'Cordy', 'Kellen', 'Pippy', 'Gerianna', 'Katha', 'Sibylle', 'Arliene', 'Uta', 'Kaylyn', 'Ashli', 'Lisabeth']
['Nolana', 'Frankie', 'Pansie', 'Laverne', 'Carline', 'Almeda', 'Clemmie', 'Valentine', 'Mariette', 'Midge', 'Vonny', 'Magdaia', 'Raine', 'Ethelind', 'Giralda', 'Shayna', 'Laurice', 'Kalindi']
['Charis', 'Merline', 'Brandie', 'Vanessa', 'Dianna', 'Viva', 'Ashlen', 'Evvy', 'Rachel', 'Biddie', 'Vin', 'Sherline', 'Jeralee', 'Nevsa', 'Libbi', 'Lita', 'Sue', 'Denyse']
['Mehetabel', 'Carlye', 'Siobhan', 'Analise', 'Lorinda', 'Sheree', 'Sayre', 'Tova', 'Lisbeth', 'Gayle', 'Libby', 'Robena', 'Goldi', 'Madelin', 'Lorraine', 'Idalina', 'Kettie', 'Kay']
['Chris', 'Thomasina', 'Laureen', 'AnnaDiana', 'Kial', 'Pavla', 'Lina', 'Loria', 'Lori', 'Daisi', 'Esmaria', 'Toma', 'Sheena', 'Evangeline', 'Ashely', 'Gwendolen', 'Meggy', 'Ginger']
['Jobina', 'Kelcey', 'Jeannine', 'Fayth', 'Tilda', 'Yalonda', 'Arleyne', 'Christabel', 'Jeannie', 'Martguerita', 'Edeline', 'Eadie', 'Bonnee', 'Rozanna', 'Jada', 'Mable', 'Myrilla', 'Kylen']
['Shelby', 'Cristina', 'Prudi', 'Christina', 'Edi', 'Alvina', 'Kassia', 'Paulina', 'Deeann', 'Gerrilee', 'Blake', 'Kata', 'Marjie', 'Leona', 'Jeniffer', 'Eula', 'Tatiana', 'Chrystel']
['Neila', 'Serena', 'Gussy', 'Gabriell', 'Minnnie', 'Coretta', 'Vilma', 'Miquela', 'Patti', 'Billy', 'Reeva', 'Lanni', 'Amabel', 'Cherry', 'Eddi', 'Ondrea', 'Sara', 'Tessy']
['Clari', 'Harrie', 'Harriett', 'Trista', 'Marcia', 'Giselle', 'Kacey', 'Essa', 'Marley', 'Joannes', 'Chelsea', 'Nadine', 'Zorana', 'Tamarah', 'Imogen', 'Valerie', 'Maryjo', 'Karisa']
['Elinor', 'Tersina', 'Lyn', 'Wendeline', 'Jsandye', 'Riannon', 'Alyce', 'Jessamyn', 'Madonna', 'Dolores', 'Nora', 'Pierrette', 'Jorey', 'Lacey', 'Lila', 'Milena', 'Susana', 'Annalee']
['Sharla', 'Reta', 'Melodie', 'Verina', 'Sephira', 'Erma', 'Thalia', 'Nomi', 'Jess', 'Corella', 'Livia', 'Henrietta', 'Jeannette', 'Veronike', 'Shani', 'Brynne', 'Isabelle', 'Leora']
['Genna', 'Herminia', 'Rosene', 'Oliy', 'Zita', 'Helenka', 'Aubrette', 'Brenn', 'Katalin', 'Sharron', 'Claudina', 'Anjanette', 'Nerta', 'Merrielle', 'Ealasaid', 'Debby', 'Constantia', 'Andree']
['Janette', 'Anthe', 'Kristin', 'Cory', 'Pollyanna', 'Delila', 'Genni', 'Feliza', 'Trude', 'Jessika', 'Siusan', 'Noelyn', 'Mia', 'Corinna', 'Sofia', 'Brandise', 'Coral', 'Madelyn']
['SheilaKathryn', 'HelenElizabeth', 'Mina', 'Cecelia', 'Keri', 'Cinnamon', 'Lia', 'Kiersten', 'Marigold', 'Phil', 'Marylou', 'Freda', 'Jaime', 'Dulcia', 'Tanya', 'Di', 'Johnette', 'Joleen']
['Maryl', 'Idell', 'Madalena', 'Henriette', 'Renelle', 'Brynna', 'Mareah', 'Geralda', 'Darcee', 'Elisabet', 'Ula', 'Tammy', 'Tamarra', 'Callie', 'Rosalind', 'Romonda', 'Betteanne', 'Raven']
['Amitie', 'Katleen', 'Constantina', 'Grazia', 'Maddalena', 'Tresa', 'Erna', 'Joycelin', 'Natalina', 'Shaina', 'Moyra', 'Karol', 'Gigi', 'Jacquenette', 'Bibbie', 'Reggi', 'Marla', 'Jolie']
['Cynde', 'Marlyn', 'Kathlin', 'Camilla', 'Jennica', 'Randene', 'Barbe', 'Caryn', 'Nerissa', 'Hendrika', 'Toni', 'Willabella', 'Koressa', 'Dulcea', 'Danell', 'Susi', 'Honey', 'Laverna']
['Ray', 'Megan', 'Rosina', 'Liz', 'AnnaDiane', 'Laraine', 'Kippy', 'Marice', 'Annie', 'Jasmin', 'Lilla', 'Pandora', 'Devinne', 'Sheeree', 'Patience', 'Lorena', 'Lavinia', 'Heather']
['Vickie', 'Dayle', 'Sophie', 'Shelli', 'Paulette', 'Tiffani', 'Debbie', 'Erinna', 'Lois', 'Rebbecca', 'Carmelia', 'Melva', 'Lettie', 'Terra', 'Corey', 'Jodi', 'Roseann', 'Laura']
['Emilee', 'Karlotta', 'Inna', 'Elayne', 'Philomena', 'Garland', 'Bessy', 'Drucill', 'Kora', 'Deny', 'Clemmy', 'Heidie', 'Wilone', 'Tobi', 'Avivah', 'Ortensia', 'Rosalinde', 'Stepha']
['Costanza', 'Bobbie', 'Jane', 'Renae', 'Lona', 'Ardenia', 'Bell', 'Kania', 'Courtnay', 'Barbaraanne', 'Ellie', 'Dana', 'Geri', 'Emmy', 'Rasla', 'Jaclyn', 'Lorrin', 'Shay']
['Cayla', 'Bria', 'Winifred', 'Vallie', 'Crystie', 'Matilda', 'Faith', 'Penny', 'Wilow', 'Flori', 'Janey', 'Kerstin', 'Leilah', 'Saundra', 'Neilla', 'Una', 'Misti', 'Gwenette']
['Camille', 'Natka', 'Meris', 'Lynnett', 'Paula', 'Cordie', 'Sheilah', 'Jenna', 'Therine', 'Tressa', 'Nelia', 'Lindsy', 'Catina', 'Fawne', 'Eve', 'Hatty', 'Fredelia', 'Nicoli']
