['HXF', 'YTQ', 'IUY', 'HCD', 'NPS', 'SFD', 'SCX', 'RKH', 'DMP', 'RXD', 'JMT', 'FDS', 'AZD', 'EDP', 'GBL', 'RIX', 'GFL', 'VWR', 'TUK', 'NLI', 'ZPA', 'ALI', 'ZKY', 'QLH', 'KDV']
['UNW', 'VAC', 'TMR', 'VWX', 'QTJ', 'GPH', 'SUQ', 'VZX', 'IAM', 'NQL', 'QFE', 'KNO', 'HQB', 'HUN', 'RYE', 'HGF', 'WED', 'YLS', 'FKU', 'CHA', 'ZRO', 'BHL', 'OXU', 'SGO', 'EOF']
['EQX', 'ZQN', 'LZE', 'EUK', 'RIA', 'ALG', 'MJR', 'LWH', 'CDW', 'WIF', 'MIE', 'QAM', 'EKJ', 'MSC', 'WMY', 'IKB', 'TBT', 'PAS', 'TSS', 'JHO', 'KSW', 'MOH', 'QDB', 'OEN', 'UZY']
['YDT', 'DFW', 'QVI', 'QIK', 'NXI', 'APD', 'JSL', 'WCB', 'AMV', 'EBA', 'HBC', 'KNZ', 'ARM', 'LHQ', 'TMD', 'QYA', 'HHK', 'JMO', 'IYH', 'XWK', 'BIN', 'QEP', 'XVF', 'AQN', 'WGY']
['IYD', 'NXU', 'PMO', 'MIN', 'ZIT', 'AUL', 'SQS', 'PKK', 'ARV', 'NSI', 'OZT', 'PON', 'YHX', 'PAX', 'OII', 'QBJ', 'YUG', 'SCK', 'DRX', 'FOD', 'GUT', 'HJA', 'IPY', 'UCH', 'DTS']
['XEN', 'TQB', 'DMN', 'ESU', 'MVS', 'RYA', 'KUO', 'RKO', 'RNM', 'ASO', 'INO', 'YYU', 'JVR', 'ULP', 'JKL', 'JWQ', 'GGA', 'UFK', 'GYM', 'BEQ', 'ABC', 'FPR', 'JXM', 'ELJ', 'OCI']
['SRB', 'TVY', 'UHE', 'BJR', 'SYQ', 'MSE', 'ZFU', 'SNM', 'GEF', 'LUT', 'GGP', 'PAU', 'RSG', 'CFJ', 'TFN', 'VFM', 'UIO', 'EDD', 'PIL', 'RNU', 'DYU', 'YDL', 'DXK', 'FTI', 'PCL']
['FOW', 'OFJ', 'AYK', 'SUP', 'HGD', 'KLS', 'RYT', 'CAO', 'LWA', 'PJW', 'YSM', 'RSJ', 'UMO', 'PVS', 'SFB', 'HMT', 'FTL', 'PGO', 'IPV', 'UKO', 'TGH', 'RUP', 'FJH', 'MED', 'TDJ']
['GPL', 'HZF', 'FTE', 'IQJ', 'KAJ', 'TGW', 'NFI', 'ZCY', 'SCS', 'VXB', 'LBW', 'GXJ', 'IPG', 'RUR', 'SAQ', 'WER', 'FXI', 'ROL', 'NWB', 'BTJ', 'JJB', 'EZU', 'YNR', 'ZJU', 'TKB']
['OVZ', 'PBP', 'CFP', 'SRP', 'YYG', 'XFW', 'CCY', 'MNB', 'MCI', 'BBZ', 'PZA', 'SQR', 'MWQ', 'MJV', 'WHJ', 'VCY', 'CRF', 'BFH', 'IKW', 'XJW', 'NTW', 'NDJ', 'PTX', 'AHE', 'FQC']
['KVY', 'VRD', 'SNW', 'HTW', 'TFQ', 'JXZ', 'FWB', 'MLN', 'JZV', 'XHQ', 'XIY', 'FEV', 'IPK', 'HNC', 'ZFK', 'ELO', 'JII', 'JDC', 'PME', 'HYW', 'SDH', 'YWW', 'YER', 'SFJ', 'AJB']
['QJK', 'ZFO', 'WCD', 'KVD', 'MUL', 'CGD', 'POJ', 'UDD', 'GLR', 'CXP', 'HXZ', 'DCZ', 'FCU', 'NGI', 'AIM', 'DAT', 'DTU', 'MAC', 'FWN', 'MBZ', 'DMH', 'UOM', 'KLZ', 'DWU', 'NJD']
['VMW', 'FPT', 'CHR', 'FWA', 'BRY', 'MYN', 'XCX', 'GSB', 'QRE', 'CEY', 'PYK', 'JME', 'DJA', 'WZL', 'QTR', 'IFU', 'KXZ', 'CIH', 'UTL', 'YKH', 'VQR', 'WTX', 'SDF', 'POC', 'TLC']
['FMU', 'UGW', 'XNY', 'QCJ', 'UKF', 'AYJ', 'VYF', 'EPR', 'FSW', 'FUR', 'QTQ', 'GUE', 'GMF', 'YAR', 'JTZ', 'PGE', 'LHD', 'TQM', 'RDG', 'BDX', 'HPV', 'AWX', 'IDO', 'ZCF', 'CGQ']
['WUI', 'GUR', 'LTC', 'VFV', 'NLS', 'MVB', 'EEA', 'KMD', 'OLD', 'SFK', 'XQI', 'MLH', 'CNU', 'ALL', 'THJ', 'XDE', 'TVZ', 'NDB', 'GUN', 'ZBU', 'XXQ', 'CUZ', 'CYA', 'WYK', 'EWG']
['JZA', 'MMS', 'JGS', 'WJS', 'BCI', 'ZGL', 'YKR', 'LJA', 'WJI', 'EBY', 'VTH', 'CJB', 'AGI', 'ITN', 'WDF', 'SNS', 'GGM', 'LZP', 'QMI', 'WWL', 'QZB', 'BCW', 'FXH', 'DHT', 'YTR']
['NUG', 'KZQ', 'MUV', 'ACP', 'IUE', 'FCJ', 'FHI', 'CZB', 'RJS', 'HIG', 'SGT', 'WLU', 'XKQ', 'NNG', 'ODG', 'LOQ', 'PDU', 'XOE', 'YYC', 'NOP', 'QLI', 'YKF', 'RBJ', 'JOQ', 'KMP']
['XVQ', 'WSD', 'NGH', 'TWL', 'KEQ', 'LZI', 'SMM', 'XPW', 'YPX', 'SCZ', 'YSP', 'EAA', 'WWT', 'SUT', 'LXJ', 'YOA', 'YVQ', 'DNE', 'RZW', 'KJN', 'IIT', 'YEN', 'DTW', 'IKN', 'YYJ']
['MUO', 'KLM', 'YKQ', 'LLX', 'TBN', 'BLK', 'QNG', 'XRV', 'XEO', 'JZY', 'NDI', 'MZP', 'ONX', 'ECG', 'LMU', 'HPH', 'ZBF', 'UEN', 'EBB', 'PVQ', 'GUQ', 'IFO', 'NHA', 'IDJ', 'IEK']
['UHU', 'QIB', 'UZU', 'BZI', 'OHR', 'OON', 'ACJ', 'DAW', 'DOT', 'IIY', 'DZR', 'CDZ', 'JUQ', 'ZNQ', 'TFT', 'GWT', 'YSD', 'VMJ', 'FXX', 'LGP', 'QQN', 'FJL', 'POR', 'KLV', 'WKY']
