['114', '432', '791', '293', '898', '690', '199', '232', '682', '456', '91', '674', '929', '872', '552', '339', '589', '287', '476', '284', '670', '229', '938', '418', '741', '618', '592', '573', '730', '701', '947']
['15', '106', '959', '430', '632', '255', '637', '544', '279', '56', '224', '479', '802', '736', '861', '7', '566', '720', '463', '964', '727', '519', '381', '42', '471', '582', '580', '509', '754', '33', '241']
['45', '445', '902', '188', '974', '883', '373', '36', '159', '477', '94', '66', '448', '375', '274', '539', '137', '737', '984', '776', '570', '731', '691', '309', '556', '304', '526', '236', '504', '107', '824']
['295', '347', '738', '748', '857', '149', '709', '745', '9', '237', '414', '90', '219', '988', '874', '22', '416', '565', '466', '183', '877', '238', '489', '269', '774', '559', '912', '782', '800', '746', '743']
['950', '338', '182', '976', '601', '330', '854', '822', '783', '516', '480', '621', '607', '85', '793', '930', '501', '983', '948', '458', '152', '150', '584', '115', '775', '502', '826', '485', '328', '507', '497']
['197', '74', '527', '54', '357', '376', '718', '702', '310', '911', '292', '412', '112', '769', '411', '348', '933', '325', '386', '575', '962', '546', '878', '827', '490', '243', '695', '597', '28', '138', '895']
['104', '342', '634', '86', '919', '722', '10', '282', '44', '93', '176', '811', '434', '111', '47', '729', '679', '611', '189', '55', '980', '673', '672', '308', '651', '82', '363', '755']
['515', '388', '266', '113', '785', '276', '951', '369', '201', '119', '257', '335', '233', '940', '569', '132', '65', '142', '360', '387', '549', '435', '374', '934', '356', '511', '420', '944', '167', '14', '591']
['532', '151', '59', '810', '714', '495', '163', '922', '669', '362', '32', '537', '635', '300', '63', '413', '780', '684', '51', '353', '165', '901', '978', '588', '721', '564', '209', '192', '698', '852', '819']
['349', '553', '884', '500', '832', '16', '625', '267', '540', '400', '389', '141', '967', '841', '366', '72', '460', '395', '640', '641', '547', '768', '126', '494', '650', '834', '870', '916', '610', '671', '652']
['975', '423', '886', '851', '210', '58', '538', '708', '713', '751', '821', '835', '289', '391', '998', '704', '833', '596', '917', '913', '168', '73', '599', '662', '616', '693']
['384', '770', '486', '157', '405', '900', '655', '572', '318', '742', '991', '887', '574', '444', '212', '909', '277', '426', '758', '905', '406', '425', '568', '724', '273', '525', '864', '747', '153', '204', '156']
['535', '327', '541', '40', '518', '630', '301', '496', '78', '885', '928', '467', '147', '217', '481', '246', '442', '461', '608', '688', '79', '957', '312', '472', '488', '404', '626', '753', '436', '95', '812']
['828', '615', '205', '882', '200', '281', '865', '543', '371', '687', '717', '923', '567', '136', '398', '823', '982', '614', '840', '133', '259', '473', '268', '221', '393', '231', '198', '145', '891', '390', '484']
['92', '428', '846', '706', '977', '733', '2', '703', '272', '749', '550', '409', '101', '838', '536', '323', '735', '848', '668', '206', '240', '765', '677', '75', '365', '155', '128']
['763', '806', '3', '158', '333', '803', '89', '906', '904', '358', '771', '12', '470', '275', '989', '447', '656', '873', '757', '252', '937', '361', '29', '598', '863', '888', '11', '249', '719', '829', '178']
['667', '285', '355', '987', '694', '124', '623', '76', '402', '807', '239', '50', '6', '892', '344', '890', '970', '450', '302', '465', '453', '118', '48', '208', '649', '734', '499', '531', '859', '234', '685']
['815', '140', '98', '696', '790', '921', '686', '180', '868', '49', '245', '25', '261', '354', '661', '364', '250', '24', '253', '805', '931', '820', '969', '658', '383', '351', '654', '627', '181', '680', '725']
['313', '804', '403', '222', '660', '372', '129', '258', '34', '756', '813', '789', '628', '227', '973', '81', '410', '244', '120', '794', '1', '377', '842', '83', '920', '761', '953', '367', '732', '762', '545']
['992', '583', '797', '455', '401', '781', '433', '894', '97', '954', '331', '862', '68', '936', '965', '87', '263', '830', '646', '712', '146', '528', '340', '831', '190', '816', '417', '728', '612', '750', '314']
['581', '981', '20', '903', '202', '166', '332', '825', '457', '624', '558', '271', '421', '845', '143', '551', '102', '899', '711', '130', '191', '27', '319', '179', '927', '867', '96', '629', '606', '195', '452']
['492', '298', '740', '121', '955', '215', '907', '220', '251', '683', '265', '850', '555', '579', '203', '858', '945', '213', '218', '184', '910', '88', '468', '169', '131', '875', '397', '248', '587', '512', '296']
['35', '305', '469', '792', '103', '752', '563', '187', '148', '663', '522', '759', '960', '427', '871', '320', '175', '407', '880', '896', '837', '990', '334', '600', '653', '697', '798', '491', '681', '459', '438']
['972', '932', '171', '530', '767', '664', '645', '613', '177', '419', '935', '958', '578', '542', '193', '324', '676', '869', '162', '280', '726', '315', '925', '986', '647', '889', '643', '30', '836']
['994', '462', '299', '604', '893', '529', '796', '924', '979', '787', '939', '595', '449', '443', '961', '739', '778', '808', '122', '689', '127', '593', '603', '908']
['154', '341', '311', '993', '173', '642', '700', '860', '705', '125', '69', '41', '43', '799', '429', '897', '510', '303', '548', '809', '38', '270', '254', '18', '659', '370', '13', '52', '230', '53', '503']
['744', '818', '523', '216', '108', '117', '422', '99', '786', '853', '764', '716', '505', '77', '307', '329', '638', '350', '856', '666', '424', '997', '817', '247', '520', '290', '475', '242', '317', '524', '942']
['952', '336', '161', '379', '478', '116', '622', '586', '5', '814', '256', '109', '343', '915', '185', '483', '8', '692', '214', '843', '482', '172', '617', '633', '609', '380', '100', '839', '123', '326', '571']
['294', '943', '876', '665', '164', '594', '648', '963', '260', '19', '61', '801', '949', '4', '441', '286', '631', '699', '454', '291', '498', '346', '297', '57', '235', '795', '766', '385']
['590', '437', '639', '517', '174', '306', '337', '186', '773', '678', '345', '17', '135', '262', '321', '415', '995', '620', '534', '67', '985', '562', '513', '474', '144', '70', '585', '170', '636', '561', '493']
['866', '644', '557', '946', '396', '723', '322', '62', '926', '283', '196', '777', '451', '966', '60', '278', '844', '996', '968', '139', '382', '508', '855', '368', '39', '64', '26', '23', '194', '514', '223']
['160', '707', '710', '879', '408', '84', '521', '602', '446', '464', '352', '439', '605', '881', '80', '675', '554', '399', '760', '577', '914', '211', '560', '971', '46', '359', '715', '31', '316', '21', '784']
['228', '772', '576', '918', '394', '288', '37', '71', '134', '779', '378', '847', '533', '440', '110', '225', '0', '788', '956', '431', '105', '657', '506', '392', '264', '849', '487', '226', '207', '619', '941']
