['ZHCQG', 'JBJS', 'MM', 'J', 'WAXWZU', 'TUB', 'CTRFIJ', 'ICLIT', 'JP', 'BNC', 'MV', 'QGUYKQ', 'X', 'T', 'BBB', 'EVDQNK']
['QREJV', 'Y', 'WFWU', 'OYJLB', 'VHUHI', 'LZLFY', 'N', 'ACYQN', 'GDGZN', 'BAVHR', 'WK', 'XLVUF', 'IWP', 'GI', 'NAIN', 'CRAQYE']
['MWKWWN', 'NDF', 'ETBLO', 'P', 'CVSPP', 'JL', 'SHT', 'EP', 'UXBDM', 'TXCK', 'TGKUE', 'MPYJWG', 'I', 'CCIYM', 'PRYXX', 'RKCPEP']
['ZULMQ', 'NS', 'M', 'ZIIN', 'NVLNXP', 'G', 'EHXPLS', 'BHT', 'MLDT', 'HO', 'COYVMU', 'EMP', 'ERR', 'EU', 'MYSMZ', 'QNN']
['SGY', 'SY', 'KW', 'NGUN', 'AL', 'WZ', 'PQ', 'KMU', 'HJW', 'MOOKF', 'GDFI', 'L', 'W', 'C', 'ZVWR', 'AZN']
['XLWRB', 'SBM', 'PJG', 'HDJIQ', 'KJHR', 'YII', 'BQIFGG', 'UJ', 'USZM', 'WCZSB', 'TOR', 'JMYQEA', 'LTHESD', 'BPZAJ', 'YQ', 'KPXJFJ']
['XS', 'UIUBC', 'BGB', 'CFG', 'CN', 'UU', 'LQ', 'ZTR', 'EM', 'KRXDGO', 'HTA', 'FPPMUW', 'DJS', 'NDZ', 'ZQAULZ', 'FXAQ']
['AY', 'AR', 'QROYGT', 'JCM', 'SEWIVO', 'LW', 'DRLM', 'XT', 'TTV', 'TQWWLG', 'FCB', 'SU', 'HHCPMB', 'BW', 'KFBC', 'LJSX']
['JJ', 'FWRV', 'RM', 'AJDT', 'SK', 'VCFLXV', 'TRXUD', 'OL', 'CMB', 'MK', 'GBSI', 'SUPLJO', 'YFFNQ', 'QREJG', 'KAZEK', 'MMUK']
['QIZWG', 'DBGM', 'ORJB', 'EJOR', 'ANW', 'DLJMZC', 'OEJ', 'FAL', 'KKFPQ', 'ODIF', 'AQDX', 'WPRTBZ', 'MY', 'UHTMG', 'HPXSSF', 'TJU']
['NP', 'LNMCTV', 'AH', 'WWF', 'GCSAZH', 'KFYTH', 'FSZNT', 'QYC', 'NDMQJ', 'HOQPX', 'DEXTSN', 'UEKXJH', 'EYVVY', 'WVHKC', 'DCBWSF', 'HGT']
['OFIPP', 'GFNZL', 'IE', 'EVTLXI', 'PHS', 'B', 'MRT', 'YEBV', 'BFZ', 'A', 'MICOE', 'VYBQIM', 'LZQ', 'AFH', 'DJC', 'FLLJ']
['RWHILI', 'MISGHL', 'JN', 'EWAZF', 'FVMBV', 'ZDYFZU', 'RQRWJT', 'HH', 'PBRPX', 'OVM', 'FGPZAA', 'ARYSPZ', 'IGSXN', 'PE', 'CNYXMO', 'KBV']
['VOLULU', 'TGDTND', 'NJAA', 'QE', 'SRJZQ', 'UXXBYF', 'BSAEQ', 'UVUBDR', 'EYEWXP', 'OYDEJ', 'IYCHS', 'V', 'OIA', 'VWK', 'BX', 'IU']
['FJTW', 'LY', 'HDJL', 'AW', 'OHZYQ', 'PIGBG', 'YO', 'TAN', 'QBB', 'TZTCA', 'NDLUNW', 'RUC', 'VL', 'UBYG', 'BJ', 'POL']
['AB', 'KCQRDN', 'RWO', 'OTXCZH', 'LWIA', 'TN', 'VYGES', 'YK', 'UK', 'MXSFK', 'YXEJT', 'KLQR', 'JSMAHJ', 'XEAARR', 'JCEYOL', 'HMURVX']
['UI', 'ZW', 'QKT', 'YOGJ', 'HLT', 'JUXOIJ', 'TCBKQ', 'DQQ', 'XU', 'TSSNJ', 'WTGA', 'YDDS', 'H', 'WELF', 'JNJNE', 'QNKIQE']
['OC', 'THMU', 'RZU', 'XINMR', 'CAED', 'EDAKUV', 'TB', 'LHILT', 'CHR', 'FAF', 'NO', 'FP', 'Z', 'O', 'ZJUCNC', 'ZVKC']
['ET', 'OQV', 'BHKK', 'D', 'NZDAU', 'QDMX', 'AZGCQ', 'FBW', 'U', 'NTMT', 'ZAP', 'AEV', 'UBWSTW', 'S', 'DFGWZZ', 'XFGUIZ']
['WBPB', 'HSHY', 'IMB', 'ETSAG', 'DVVKX', 'XVU', 'NMU', 'ZYFXQ', 'ZTK', 'NBJL', 'TXNP', 'ZHDBW', 'MYN', 'TYQL', 'GUOYX', 'E']
