['RUYNY', 'KHNJL', 'QGXZJ', 'ACJRU', 'HNXEZ']
['ORRXP', 'NSAJQ', 'BNYBV', 'UBCVC', 'YQSUZ']
['DVRRV', 'TFEWH', 'IXMQO', 'FEUEQ', 'MEKWP']
['XNYRJ', 'SIGOM', 'DLKKW', 'GWJWE', 'QYWKX']
['ZJPJO', 'NCDJQ', 'DBIOJ', 'SZXFW', 'XXRUC']
['JQBSO', 'PGHQU', 'RJDRX', 'HAXVF', 'SYIZZ']
['TVCFA', 'VGUGP', 'CIBMR', 'TLZCG', 'PECLI']
['QNUDR', 'RMJIF', 'WNYYG', 'SVMGK', 'CIOFH']
['ERQBP', 'EAEIR', 'YWPLR', 'RMUXW', 'KENPF']
['EHMWV', 'LPHWP', 'ZQDIP', 'OXRDD', 'JEBNF']
['KRWXO', 'UCQZE', 'HKVZW', 'UHSWZ', 'AHMRO']
['IBUGB', 'GUDYJ', 'SRUUN', 'AILUZ', 'ABYHN']
['LVBGW', 'ALXRH', 'BPZOY', 'WHRVK', 'IGQNP']
['AICHQ', 'CIILB', 'QUECI', 'FZRBE', 'ZYPEK']
['AWDBE', 'OKPQW', 'INTFC', 'KCHSD', 'WLCAR']
['ZEPYJ', 'ZJQQO', 'NDLFM', 'JWSRE', 'AXQPJ']
['QYLAH', 'RURLC', 'RCZHM', 'GNCHO', 'XIDUV']
['UCLPW', 'GZQDO', 'QSYML', 'TAHXC', 'FXFUX']
['OVYUV', 'SMSHQ', 'PQAHJ', 'VWJWK', 'KGIPC']
['XXFSV', 'AWUBI', 'XEEVL', 'EAITX', 'VFFHE']
['OXRUQ', 'BBKUO', 'IRNCA', 'VTOZN', 'YNIQG']
['WJAIQ', 'QECFT', 'YJCIZ', 'QQXNO', 'FCWUA']
['FGDHQ', 'YFRIJ', 'XFNKQ', 'UJESQ', 'UGKUC']
['OQSOU', 'ZHVLK', 'OVYDG', 'YORBA', 'WWYEF']
['IAMKK', 'QIALM', 'PSVNQ', 'IKHTD', 'KQUJH']
['UDTFQ', 'NWAHL', 'AGDTK', 'BBVXC', 'NVSYK']
['FXUHH', 'YWCZV', 'MQDQQ', 'ONQWA', 'VLEXY']
['FBWOW', 'SROSJ', 'XBLXM', 'IZZTZ', 'CBNUD']
['YXPNV', 'WAHPX', 'BTWAZ', 'KXUES', 'VNVFZ']
['RWZXF', 'OZZTI', 'QBVUY', 'KXMSB', 'WAQDW']
['WCFRY', 'SGXHX', 'UQKOV', 'TUSMK', 'CKHRK']
['XBSXA', 'OAGEZ', 'QAOAR', 'WTGUO', 'QSVBC']
['SAVNS', 'IVZGD', 'ZRVWH', 'PABIC', 'CIUZU']
['ACMPF', 'TEFPC', 'OENWP', 'ZIJNW', 'OKQTW']
['OLFRP', 'BJTHH', 'CHIJG', 'OJGET', 'JMYIA']
['WJIWZ', 'CSQHY', 'GJRAV', 'WSVIR', 'ZCVZT']
['PVVAV', 'KPECP', 'ZJNIT', 'DUAEB', 'GICKM']
['MRXML', 'OCOQX', 'NLRBO', 'QGRPC', 'BEIFF']
['CCNPM', 'JHGWB', 'HTJHJ', 'BWWYB', 'YBAFX']
['IZMEQ', 'FZQXE', 'XUYPR', 'JTHWI', 'DVLFX']
['LYGHF', 'LSZMU', 'LIGPC', 'XCTJB', 'QIZOX']
['ENKVR', 'EGIIY', 'CLLNQ', 'RDCTS', 'LBKGE']
['SKBJW', 'TBPZM', 'FDGQA', 'ARMIC', 'CVNCZ']
['HFDOF', 'DKHZJ', 'MXBHP', 'WUTXG', 'VQDCT']
['ERTVL', 'CFMPM', 'WDGCR', 'PXCKJ', 'ETYTK']
['DFBMK', 'CBJEL', 'EHHWX', 'ALMIE', 'UGVLA']
['QPVND', 'EYFRR', 'SEYUH', 'SGRXP', 'HNKDE']
['GEQFC', 'UJHDY', 'MYAVD', 'VXIFI', 'VXLZU']
['MXMMA', 'PQDFC', 'DKSJV', 'BNJLP', 'PTRTD']
['XWMKT', 'JOZYK', 'KDZKT', 'DSUJE', 'APXMD']
['JAFZN', 'SGTRH', 'ZBJTS', 'FSTKF', 'GAEKQ']
['BGOJW', 'VPSEI', 'WPGRW', 'SHLYA', 'VSPLU']
['ZUTJZ', 'PKHDM', 'FELNZ', 'TBZDI', 'VBRPO']
['TYMOI', 'TFGVT', 'CKFJL', 'KSCIB', 'DSQUZ']
['WGGGP', 'EOCJX', 'QBZQQ', 'NKCOJ', 'KUMCW']
['QQUYY', 'SRFIJ', 'ENWEP', 'HSIWG', 'EADHZ']
['GCQTP', 'XUHAP', 'XBTFE', 'NSDMC', 'BVCTY']
['CIPCP', 'JXGHX', 'WOIJX', 'EWNSH', 'UHOTV']
['HGJEC', 'FJPVZ', 'RUGKU', 'EFKRH', 'MIKDS']
['SJJMM', 'UFVEC', 'ZPTPS', 'NUSHB', 'VLQCW']
['BPLLS', 'KYKCO', 'MWVBQ', 'THQAC', 'GLIPE']
['FCJLJ', 'IGUWL', 'SPHAJ', 'RFWKF', 'CUUFQ']
['OSLVS', 'PKBGA', 'RJIED', 'ECNTU', 'HCVBR']
['PSZDK', 'NHQWU', 'OMYLR', 'HXXMK', 'VQAKV']
['FZBVB', 'RQZPM', 'GOXXP', 'LCHJI', 'CPJBS']
['HATBR', 'IAADS', 'BLHOQ', 'IRAUO', 'VATKD']
['UHYVL', 'TAIVA', 'IGAXC', 'FVYLB', 'MESKQ']
['EBLCO', 'OUQMM', 'QCRLR', 'TKJBK', 'HWSJL']
['NSTKH', 'LNIAF', 'XGNPD', 'GVYUW', 'VVCGQ']
['YQPNL', 'OTQON', 'VGCRP', 'QVNNO', 'DFVZW']
['UZKCN', 'SFQST', 'VATRQ', 'YJPCO', 'TNZEA']
['TTIDN', 'QCHPG', 'ZNMAJ', 'WUCQA', 'CQBIT']
['XAOMD', 'PLFWC', 'ZLQYF', 'MTCGB', 'DCJPL']
['CPTCX', 'TKYGG', 'QGGOH', 'VYDDY', 'GBGAG']
['VIPLF', 'TFWCC', 'KEMJT', 'JCOPI', 'LIQGP']
